{"target": 100.88615138533073, "params": {"ext_i_mean": 104.75602693326206, "inj_i_mean": 127.92462537155777, "mid_i_mean": 100.42897359961118}, "datetime": {"datetime": "2023-02-17 02:14:07", "elapsed": 0.0, "delta": 0.0}}
{"target": 105.57116841943953, "params": {"ext_i_mean": 109.2853208223263, "inj_i_mean": 122.64611020240862, "mid_i_mean": 101.33567668491305}, "datetime": {"datetime": "2023-02-17 02:14:07", "elapsed": 0.000873, "delta": 0.000873}}
{"target": 124.28665959513181, "params": {"ext_i_mean": 107.25928741490479, "inj_i_mean": 122.55543807492064, "mid_i_mean": 102.62051632171121}, "datetime": {"datetime": "2023-02-17 02:14:07", "elapsed": 0.001378, "delta": 0.000505}}
{"target": 118.8056021774519, "params": {"ext_i_mean": 102.36595783896007, "inj_i_mean": 124.81178694874562, "mid_i_mean": 98.18176439330522}, "datetime": {"datetime": "2023-02-17 02:14:07", "elapsed": 0.001881, "delta": 0.000503}}
{"target": 120.54653665047442, "params": {"ext_i_mean": 102.6324099145934, "inj_i_mean": 117.19182592525608, "mid_i_mean": 107.29271420483553}, "datetime": {"datetime": "2023-02-17 02:14:07", "elapsed": 0.00238, "delta": 0.000499}}
{"target": 120.99833529439381, "params": {"ext_i_mean": 102.34772646765646, "inj_i_mean": 117.18025440860839, "mid_i_mean": 107.17014806792749}, "datetime": {"datetime": "2023-02-17 02:14:07", "elapsed": 0.031268, "delta": 0.028888}}
{"target": 126.95332178783013, "params": {"ext_i_mean": 106.64921217208358, "inj_i_mean": 122.52429508280638, "mid_i_mean": 103.00972942874809}, "datetime": {"datetime": "2023-02-17 02:14:08", "elapsed": 0.333247, "delta": 0.301979}}
{"target": 130.97808800896922, "params": {"ext_i_mean": 106.4387773097878, "inj_i_mean": 121.69157400986246, "mid_i_mean": 103.55003798133966}, "datetime": {"datetime": "2023-02-17 02:14:08", "elapsed": 0.751118, "delta": 0.417871}}
{"target": 131.6750166896522, "params": {"ext_i_mean": 105.43331368949553, "inj_i_mean": 121.6388766539476, "mid_i_mean": 104.33727802048473}, "datetime": {"datetime": "2023-02-17 02:14:08", "elapsed": 1.197066, "delta": 0.445948}}
{"target": 132.5246782589852, "params": {"ext_i_mean": 104.95600431511873, "inj_i_mean": 120.51529552675136, "mid_i_mean": 103.25106324329037}, "datetime": {"datetime": "2023-02-17 02:14:09", "elapsed": 1.515458, "delta": 0.318392}}
{"target": 131.9514657545103, "params": {"ext_i_mean": 106.08413424023071, "inj_i_mean": 119.7697299950871, "mid_i_mean": 104.65999703386677}, "datetime": {"datetime": "2023-02-17 02:14:09", "elapsed": 1.841179, "delta": 0.325721}}
{"target": 129.8814879602839, "params": {"ext_i_mean": 106.26087392033627, "inj_i_mean": 121.57470129224286, "mid_i_mean": 106.7201607494063}, "datetime": {"datetime": "2023-02-17 02:14:09", "elapsed": 2.104663, "delta": 0.263484}}
{"target": 131.7692716288204, "params": {"ext_i_mean": 103.55732540417036, "inj_i_mean": 121.21378943652005, "mid_i_mean": 104.43591024648455}, "datetime": {"datetime": "2023-02-17 02:14:10", "elapsed": 2.378351, "delta": 0.273688}}
{"target": 130.835266381559, "params": {"ext_i_mean": 102.81245187027218, "inj_i_mean": 118.7882800705093, "mid_i_mean": 101.2886586491046}, "datetime": {"datetime": "2023-02-17 02:14:10", "elapsed": 2.58945, "delta": 0.211099}}
{"target": 130.0179212870431, "params": {"ext_i_mean": 98.79424327294407, "inj_i_mean": 117.56182499820113, "mid_i_mean": 98.13522338117225}, "datetime": {"datetime": "2023-02-17 02:14:10", "elapsed": 2.81192, "delta": 0.22247}}
{"target": 122.59913437182635, "params": {"ext_i_mean": 103.16717799058623, "inj_i_mean": 116.02677838748379, "mid_i_mean": 97.156520190513}, "datetime": {"datetime": "2023-02-17 02:14:10", "elapsed": 3.028857, "delta": 0.216937}}
{"target": 134.0609662386984, "params": {"ext_i_mean": 98.3179988879757, "inj_i_mean": 120.05151446837961, "mid_i_mean": 101.41121856384527}, "datetime": {"datetime": "2023-02-17 02:14:10", "elapsed": 3.280918, "delta": 0.252061}}
{"target": 133.90658874222984, "params": {"ext_i_mean": 97.0, "inj_i_mean": 121.0748354583588, "mid_i_mean": 99.350642813696}, "datetime": {"datetime": "2023-02-17 02:14:11", "elapsed": 3.52321, "delta": 0.242292}}
{"target": 135.0177870870541, "params": {"ext_i_mean": 97.0, "inj_i_mean": 121.95781289856431, "mid_i_mean": 102.62357438381284}, "datetime": {"datetime": "2023-02-17 02:14:11", "elapsed": 3.7333, "delta": 0.21009}}
{"target": 134.70643112983277, "params": {"ext_i_mean": 97.0, "inj_i_mean": 119.20629445482834, "mid_i_mean": 102.38155190114217}, "datetime": {"datetime": "2023-02-17 02:14:11", "elapsed": 3.978712, "delta": 0.245412}}
{"target": 131.30561071107118, "params": {"ext_i_mean": 97.0, "inj_i_mean": 122.48027309961303, "mid_i_mean": 105.74155306759154}, "datetime": {"datetime": "2023-02-17 02:14:11", "elapsed": 4.169954, "delta": 0.191242}}
{"target": 135.0240774224501, "params": {"ext_i_mean": 97.0, "inj_i_mean": 120.88937777884404, "mid_i_mean": 101.61834343888754}, "datetime": {"datetime": "2023-02-17 02:14:12", "elapsed": 4.380793, "delta": 0.210839}}
{"target": 139.43093272173869, "params": {"ext_i_mean": 97.0, "inj_i_mean": 128.0, "mid_i_mean": 110.0}, "datetime": {"datetime": "2023-02-17 02:14:12", "elapsed": 4.532566, "delta": 0.151773}}
{"target": 136.82938593717472, "params": {"ext_i_mean": 99.46838311920831, "inj_i_mean": 128.0, "mid_i_mean": 110.0}, "datetime": {"datetime": "2023-02-17 02:14:12", "elapsed": 4.714248, "delta": 0.181682}}
{"target": 137.4566794058779, "params": {"ext_i_mean": 97.0, "inj_i_mean": 125.95491618079161, "mid_i_mean": 110.0}, "datetime": {"datetime": "2023-02-17 02:14:12", "elapsed": 4.926505, "delta": 0.212257}}
{"target": 141.52855012709017, "params": {"ext_i_mean": 97.0, "inj_i_mean": 128.0, "mid_i_mean": 107.7347440853394}, "datetime": {"datetime": "2023-02-17 02:14:12", "elapsed": 5.172675, "delta": 0.24617}}
{"target": 140.81231870747658, "params": {"ext_i_mean": 97.0, "inj_i_mean": 128.0, "mid_i_mean": 106.59328744681753}, "datetime": {"datetime": "2023-02-17 02:14:13", "elapsed": 5.387765, "delta": 0.21509}}
{"target": 141.3393197353809, "params": {"ext_i_mean": 97.0, "inj_i_mean": 128.0, "mid_i_mean": 107.91414100308032}, "datetime": {"datetime": "2023-02-17 02:14:13", "elapsed": 5.672261, "delta": 0.284496}}
{"target": 141.66021277422055, "params": {"ext_i_mean": 97.0, "inj_i_mean": 128.0, "mid_i_mean": 107.90063635278327}, "datetime": {"datetime": "2023-02-17 02:14:13", "elapsed": 5.897738, "delta": 0.225477}}
{"target": 139.67658620128856, "params": {"ext_i_mean": 97.0, "inj_i_mean": 128.0, "mid_i_mean": 105.45283288207867}, "datetime": {"datetime": "2023-02-17 02:14:13", "elapsed": 6.159456, "delta": 0.261718}}
{"target": 141.3858211709288, "params": {"ext_i_mean": 97.0, "inj_i_mean": 128.0, "mid_i_mean": 107.89912622175319}, "datetime": {"datetime": "2023-02-17 02:14:14", "elapsed": 6.396178, "delta": 0.236722}}
{"target": 141.52448966661606, "params": {"ext_i_mean": 97.0, "inj_i_mean": 128.0, "mid_i_mean": 107.88902612366587}, "datetime": {"datetime": "2023-02-17 02:14:14", "elapsed": 6.647574, "delta": 0.251396}}
{"target": 141.55592298832102, "params": {"ext_i_mean": 97.0, "inj_i_mean": 128.0, "mid_i_mean": 107.88034582665283}, "datetime": {"datetime": "2023-02-17 02:14:14", "elapsed": 6.866891, "delta": 0.219317}}
{"target": 141.36807706828435, "params": {"ext_i_mean": 97.0, "inj_i_mean": 128.0, "mid_i_mean": 107.86437110343785}, "datetime": {"datetime": "2023-02-17 02:14:14", "elapsed": 7.073521, "delta": 0.20663}}
{"target": 141.23897181722742, "params": {"ext_i_mean": 97.0, "inj_i_mean": 128.0, "mid_i_mean": 108.46968456187486}, "datetime": {"datetime": "2023-02-17 02:14:14", "elapsed": 7.299488, "delta": 0.225967}}
