{"target": 131.06059513457598, "params": {"ext_i_mean": 98.96302144399884, "inj_i_mean": 123.68473793022142, "mid_i_mean": 101.86282377287043}, "datetime": {"datetime": "2023-02-17 02:18:25", "elapsed": 0.0, "delta": 0.0}}
{"target": 129.27547577174863, "params": {"ext_i_mean": 106.36375580312159, "inj_i_mean": 122.02559532555767, "mid_i_mean": 102.90651720598704}, "datetime": {"datetime": "2023-02-17 02:18:25", "elapsed": 0.000547, "delta": 0.000547}}
{"target": 113.5355346609549, "params": {"ext_i_mean": 107.73751908849617, "inj_i_mean": 125.66280940131726, "mid_i_mean": 106.05060955215227}, "datetime": {"datetime": "2023-02-17 02:18:25", "elapsed": 0.000961, "delta": 0.000414}}
{"target": 127.36325897305326, "params": {"ext_i_mean": 107.17530188555381, "inj_i_mean": 120.7301602454837, "mid_i_mean": 107.4842799928859}, "datetime": {"datetime": "2023-02-17 02:18:25", "elapsed": 0.001368, "delta": 0.000407}}
{"target": 130.81971743897373, "params": {"ext_i_mean": 99.33534670687587, "inj_i_mean": 124.07947827119085, "mid_i_mean": 107.90068505645466}, "datetime": {"datetime": "2023-02-17 02:18:25", "elapsed": 0.001774, "delta": 0.000406}}
{"target": 130.88224337130413, "params": {"ext_i_mean": 101.90363097270718, "inj_i_mean": 127.11819835038935, "mid_i_mean": 106.96360669416809}, "datetime": {"datetime": "2023-02-17 02:18:25", "elapsed": 0.033143, "delta": 0.031369}}
{"target": 133.08609953750732, "params": {"ext_i_mean": 100.71111568917566, "inj_i_mean": 125.7176943537721, "mid_i_mean": 107.38516657602239}, "datetime": {"datetime": "2023-02-17 02:18:25", "elapsed": 0.504165, "delta": 0.471022}}
{"target": 134.74948765899347, "params": {"ext_i_mean": 99.13560996071705, "inj_i_mean": 126.34513658595827, "mid_i_mean": 105.32757738722488}, "datetime": {"datetime": "2023-02-17 02:18:26", "elapsed": 0.885172, "delta": 0.381007}}
{"target": 139.40189943143875, "params": {"ext_i_mean": 97.70634082535283, "inj_i_mean": 128.0, "mid_i_mean": 106.67099070297888}, "datetime": {"datetime": "2023-02-17 02:18:26", "elapsed": 1.101102, "delta": 0.21593}}
{"target": 141.00276661868293, "params": {"ext_i_mean": 97.0, "inj_i_mean": 128.0, "mid_i_mean": 108.83584034097915}, "datetime": {"datetime": "2023-02-17 02:18:26", "elapsed": 1.32609, "delta": 0.224988}}
{"target": 139.29599000080157, "params": {"ext_i_mean": 97.0, "inj_i_mean": 128.0, "mid_i_mean": 110.0}, "datetime": {"datetime": "2023-02-17 02:18:26", "elapsed": 1.495175, "delta": 0.169085}}
{"target": 111.37321744003263, "params": {"ext_i_mean": 106.68340351930038, "inj_i_mean": 116.0, "mid_i_mean": 97.0}, "datetime": {"datetime": "2023-02-17 02:18:27", "elapsed": 1.704015, "delta": 0.20884}}
{"target": 141.32903470460425, "params": {"ext_i_mean": 97.0, "inj_i_mean": 128.0, "mid_i_mean": 107.4594244379933}, "datetime": {"datetime": "2023-02-17 02:18:27", "elapsed": 1.851668, "delta": 0.147653}}
{"target": 126.44247272418443, "params": {"ext_i_mean": 97.0, "inj_i_mean": 128.0, "mid_i_mean": 97.0}, "datetime": {"datetime": "2023-02-17 02:18:27", "elapsed": 2.053706, "delta": 0.202038}}
{"target": 103.55698572046876, "params": {"ext_i_mean": 97.0, "inj_i_mean": 116.0, "mid_i_mean": 110.0}, "datetime": {"datetime": "2023-02-17 02:18:27", "elapsed": 2.271832, "delta": 0.218126}}
{"target": 140.37273244359616, "params": {"ext_i_mean": 97.0, "inj_i_mean": 128.0, "mid_i_mean": 106.16688822222285}, "datetime": {"datetime": "2023-02-17 02:18:27", "elapsed": 2.482949, "delta": 0.211117}}
{"target": 141.28400321068935, "params": {"ext_i_mean": 97.0, "inj_i_mean": 128.0, "mid_i_mean": 108.11036770284431}, "datetime": {"datetime": "2023-02-17 02:18:28", "elapsed": 2.666473, "delta": 0.183524}}
{"target": 139.5674752763703, "params": {"ext_i_mean": 97.0, "inj_i_mean": 128.0, "mid_i_mean": 110.0}, "datetime": {"datetime": "2023-02-17 02:18:28", "elapsed": 2.887399, "delta": 0.220926}}
{"target": 115.53904863567755, "params": {"ext_i_mean": 110.0, "inj_i_mean": 116.0, "mid_i_mean": 110.0}, "datetime": {"datetime": "2023-02-17 02:18:28", "elapsed": 3.105801, "delta": 0.218402}}
{"target": 141.46670283191094, "params": {"ext_i_mean": 97.0, "inj_i_mean": 128.0, "mid_i_mean": 107.41849778572937}, "datetime": {"datetime": "2023-02-17 02:18:28", "elapsed": 3.366492, "delta": 0.260691}}
{"target": 140.77614766891534, "params": {"ext_i_mean": 97.04829047376997, "inj_i_mean": 127.85660408704997, "mid_i_mean": 106.46001253797672}, "datetime": {"datetime": "2023-02-17 02:18:29", "elapsed": 3.588959, "delta": 0.222467}}
{"target": 138.54891910438778, "params": {"ext_i_mean": 97.07296791860759, "inj_i_mean": 127.98303219574922, "mid_i_mean": 104.85986463137579}, "datetime": {"datetime": "2023-02-17 02:18:29", "elapsed": 3.818405, "delta": 0.229446}}
{"target": 141.46105684378276, "params": {"ext_i_mean": 97.0, "inj_i_mean": 128.0, "mid_i_mean": 107.98591760704855}, "datetime": {"datetime": "2023-02-17 02:18:29", "elapsed": 4.051972, "delta": 0.233567}}
{"target": 141.46226723944483, "params": {"ext_i_mean": 97.0, "inj_i_mean": 128.0, "mid_i_mean": 107.98210436356011}, "datetime": {"datetime": "2023-02-17 02:18:29", "elapsed": 4.239634, "delta": 0.187662}}
{"target": 139.4082662928855, "params": {"ext_i_mean": 97.0, "inj_i_mean": 128.0, "mid_i_mean": 110.0}, "datetime": {"datetime": "2023-02-17 02:18:29", "elapsed": 4.426875, "delta": 0.187241}}
{"target": 141.5221372308789, "params": {"ext_i_mean": 97.0, "inj_i_mean": 128.0, "mid_i_mean": 107.67343956767351}, "datetime": {"datetime": "2023-02-17 02:18:30", "elapsed": 4.68854, "delta": 0.261665}}
{"target": 57.83289811784423, "params": {"ext_i_mean": 110.0, "inj_i_mean": 128.0, "mid_i_mean": 97.0}, "datetime": {"datetime": "2023-02-17 02:18:30", "elapsed": 4.891668, "delta": 0.203128}}
{"target": 132.12929372218167, "params": {"ext_i_mean": 97.0, "inj_i_mean": 116.0, "mid_i_mean": 97.0}, "datetime": {"datetime": "2023-02-17 02:18:30", "elapsed": 5.121328, "delta": 0.22966}}
{"target": 136.93535035154287, "params": {"ext_i_mean": 99.53011229064768, "inj_i_mean": 128.0, "mid_i_mean": 110.0}, "datetime": {"datetime": "2023-02-17 02:18:30", "elapsed": 5.384426, "delta": 0.263098}}
{"target": 139.54337118565087, "params": {"ext_i_mean": 97.0, "inj_i_mean": 128.0, "mid_i_mean": 110.0}, "datetime": {"datetime": "2023-02-17 02:18:31", "elapsed": 5.656474, "delta": 0.272048}}
{"target": 133.50458924245174, "params": {"ext_i_mean": 97.0, "inj_i_mean": 121.05541201576926, "mid_i_mean": 97.0}, "datetime": {"datetime": "2023-02-17 02:18:31", "elapsed": 5.90231, "delta": 0.245836}}
{"target": 141.34738707989592, "params": {"ext_i_mean": 97.0, "inj_i_mean": 128.0, "mid_i_mean": 107.15907685348212}, "datetime": {"datetime": "2023-02-17 02:18:31", "elapsed": 6.147005, "delta": 0.244695}}
{"target": 137.8497319469306, "params": {"ext_i_mean": 97.11908401980085, "inj_i_mean": 127.87986273667919, "mid_i_mean": 104.37522177392758}, "datetime": {"datetime": "2023-02-17 02:18:31", "elapsed": 6.36174, "delta": 0.214735}}
{"target": 141.13754453689066, "params": {"ext_i_mean": 97.13065425701146, "inj_i_mean": 127.8872454928784, "mid_i_mean": 107.85159275643137}, "datetime": {"datetime": "2023-02-17 02:18:31", "elapsed": 6.537921, "delta": 0.176181}}
{"target": 140.7442475308565, "params": {"ext_i_mean": 97.0, "inj_i_mean": 126.2851271769795, "mid_i_mean": 106.89713293229973}, "datetime": {"datetime": "2023-02-17 02:18:32", "elapsed": 6.772827, "delta": 0.234906}}
