{"target": 122.95098496456644, "params": {"ext_i_mean": 105.81759675755497, "inj_i_mean": 127.38491056989798, "mid_i_mean": 109.47237304866965}, "datetime": {"datetime": "2023-02-17 02:18:40", "elapsed": 0.0, "delta": 0.0}}
{"target": 119.89098783256505, "params": {"ext_i_mean": 106.30035447560377, "inj_i_mean": 127.66093282921709, "mid_i_mean": 108.67691350464494}, "datetime": {"datetime": "2023-02-17 02:18:40", "elapsed": 0.00074, "delta": 0.00074}}
{"target": 88.82515443399915, "params": {"ext_i_mean": 108.48783555548437, "inj_i_mean": 127.7267469510337, "mid_i_mean": 103.60077347655135}, "datetime": {"datetime": "2023-02-17 02:18:40", "elapsed": 0.001243, "delta": 0.000503}}
{"target": 115.66252761479521, "params": {"ext_i_mean": 102.98022600649075, "inj_i_mean": 117.58179318482377, "mid_i_mean": 109.87465330288082}, "datetime": {"datetime": "2023-02-17 02:18:40", "elapsed": 0.001734, "delta": 0.000491}}
{"target": 123.99231470151642, "params": {"ext_i_mean": 100.44464664379485, "inj_i_mean": 118.0781266496789, "mid_i_mean": 106.69866705268413}, "datetime": {"datetime": "2023-02-17 02:18:40", "elapsed": 0.00223, "delta": 0.000496}}
{"target": 126.46205265327914, "params": {"ext_i_mean": 98.33655600256279, "inj_i_mean": 119.65020822489676, "mid_i_mean": 106.2990983581849}, "datetime": {"datetime": "2023-02-17 02:18:43", "elapsed": 2.670413, "delta": 2.668183}}
{"target": 127.06522058481227, "params": {"ext_i_mean": 97.20214557928763, "inj_i_mean": 117.36417373368049, "mid_i_mean": 104.301080313906}, "datetime": {"datetime": "2023-02-17 02:18:44", "elapsed": 3.828708, "delta": 1.158295}}
{"target": 133.79357427547978, "params": {"ext_i_mean": 98.2564466630337, "inj_i_mean": 118.92543472075447, "mid_i_mean": 101.64243323992997}, "datetime": {"datetime": "2023-02-17 02:18:46", "elapsed": 6.260158, "delta": 2.43145}}
{"target": 134.10706457805597, "params": {"ext_i_mean": 97.0, "inj_i_mean": 119.09117600011751, "mid_i_mean": 98.44888358947402}, "datetime": {"datetime": "2023-02-17 02:18:47", "elapsed": 7.092255, "delta": 0.832097}}
{"target": 128.6416932667521, "params": {"ext_i_mean": 98.0542047576791, "inj_i_mean": 116.0, "mid_i_mean": 98.16054807176796}, "datetime": {"datetime": "2023-02-17 02:18:49", "elapsed": 8.584181, "delta": 1.491926}}
{"target": 129.67975992601964, "params": {"ext_i_mean": 99.18103345439462, "inj_i_mean": 117.70022361592106, "mid_i_mean": 97.0}, "datetime": {"datetime": "2023-02-17 02:18:50", "elapsed": 10.255051, "delta": 1.67087}}
{"target": 134.3430354798299, "params": {"ext_i_mean": 97.0, "inj_i_mean": 119.27230525592958, "mid_i_mean": 98.02810197373238}, "datetime": {"datetime": "2023-02-17 02:18:52", "elapsed": 11.547961, "delta": 1.29291}}
{"target": 133.74976152356814, "params": {"ext_i_mean": 97.0, "inj_i_mean": 120.84438684046155, "mid_i_mean": 99.06879769109578}, "datetime": {"datetime": "2023-02-17 02:18:53", "elapsed": 13.007709, "delta": 1.459748}}
{"target": 132.3276281911517, "params": {"ext_i_mean": 97.0, "inj_i_mean": 122.41646848332049, "mid_i_mean": 97.0}, "datetime": {"datetime": "2023-02-17 02:18:55", "elapsed": 14.886704, "delta": 1.878995}}
{"target": 131.63231459987637, "params": {"ext_i_mean": 97.0, "inj_i_mean": 123.98855011800107, "mid_i_mean": 98.04069559809025}, "datetime": {"datetime": "2023-02-17 02:18:56", "elapsed": 16.213033, "delta": 1.326329}}
{"target": 133.8161553996391, "params": {"ext_i_mean": 97.0, "inj_i_mean": 120.70766631478845, "mid_i_mean": 99.08139131785481}, "datetime": {"datetime": "2023-02-17 02:18:57", "elapsed": 17.170958, "delta": 0.957925}}
{"target": 133.8722506231558, "params": {"ext_i_mean": 97.0, "inj_i_mean": 121.16876560801575, "mid_i_mean": 100.1220870325793}, "datetime": {"datetime": "2023-02-17 02:18:58", "elapsed": 18.353497, "delta": 1.182539}}
{"target": 134.57888426906405, "params": {"ext_i_mean": 97.0, "inj_i_mean": 122.64003229532256, "mid_i_mean": 101.16278272874578}, "datetime": {"datetime": "2023-02-17 02:19:00", "elapsed": 19.455353, "delta": 1.101856}}
{"target": 136.01977629207272, "params": {"ext_i_mean": 97.0, "inj_i_mean": 124.21235362964545, "mid_i_mean": 102.20365406309021}, "datetime": {"datetime": "2023-02-17 02:19:01", "elapsed": 20.591759, "delta": 1.136406}}
{"target": 138.1584835895356, "params": {"ext_i_mean": 97.0, "inj_i_mean": 124.98263258359988, "mid_i_mean": 103.24434978040016}, "datetime": {"datetime": "2023-02-17 02:19:02", "elapsed": 21.465967, "delta": 0.874208}}
{"target": 139.09017132952764, "params": {"ext_i_mean": 97.0, "inj_i_mean": 126.55471738121594, "mid_i_mean": 104.28504780825997}, "datetime": {"datetime": "2023-02-17 02:19:03", "elapsed": 22.449595, "delta": 0.983628}}
{"target": 139.43679533793943, "params": {"ext_i_mean": 97.06799211164125, "inj_i_mean": 127.50328908062006, "mid_i_mean": 105.20898369380029}, "datetime": {"datetime": "2023-02-17 02:19:03", "elapsed": 23.12593, "delta": 0.676335}}
{"target": 140.5567742655156, "params": {"ext_i_mean": 97.0, "inj_i_mean": 128.0, "mid_i_mean": 106.24967941138269}, "datetime": {"datetime": "2023-02-17 02:19:04", "elapsed": 24.151845, "delta": 1.025915}}
{"target": 141.35464862615981, "params": {"ext_i_mean": 97.0, "inj_i_mean": 128.0, "mid_i_mean": 107.29037512616915}, "datetime": {"datetime": "2023-02-17 02:19:05", "elapsed": 24.922224, "delta": 0.770379}}
{"target": 141.34443296049776, "params": {"ext_i_mean": 97.0, "inj_i_mean": 128.0, "mid_i_mean": 108.33107084266612}, "datetime": {"datetime": "2023-02-17 02:19:06", "elapsed": 25.758679, "delta": 0.836455}}
{"target": 140.1280973331651, "params": {"ext_i_mean": 97.23977295777873, "inj_i_mean": 127.78159386455383, "mid_i_mean": 109.40345320930552}, "datetime": {"datetime": "2023-02-17 02:19:06", "elapsed": 26.40969, "delta": 0.651011}}
{"target": 139.35017875059063, "params": {"ext_i_mean": 97.0, "inj_i_mean": 128.0, "mid_i_mean": 110.0}, "datetime": {"datetime": "2023-02-17 02:19:07", "elapsed": 27.053482, "delta": 0.643792}}
{"target": 138.81891600143825, "params": {"ext_i_mean": 97.02359840122533, "inj_i_mean": 125.82162394925521, "mid_i_mean": 108.84517274306096}, "datetime": {"datetime": "2023-02-17 02:19:08", "elapsed": 27.672864, "delta": 0.619382}}
{"target": 141.61978053980943, "params": {"ext_i_mean": 97.0, "inj_i_mean": 128.0, "mid_i_mean": 107.50884947134114}, "datetime": {"datetime": "2023-02-17 02:19:08", "elapsed": 28.387816, "delta": 0.714952}}
{"target": 141.53809996320848, "params": {"ext_i_mean": 97.0, "inj_i_mean": 128.0, "mid_i_mean": 107.49861048496935}, "datetime": {"datetime": "2023-02-17 02:19:09", "elapsed": 29.089354, "delta": 0.701538}}
{"target": 141.13521334243558, "params": {"ext_i_mean": 97.0054733654053, "inj_i_mean": 127.21393861148248, "mid_i_mean": 107.00097667540967}, "datetime": {"datetime": "2023-02-17 02:19:10", "elapsed": 29.75634, "delta": 0.666986}}
{"target": 141.5249691025135, "params": {"ext_i_mean": 97.0, "inj_i_mean": 128.0, "mid_i_mean": 107.78962778535771}, "datetime": {"datetime": "2023-02-17 02:19:10", "elapsed": 30.43242, "delta": 0.67608}}
{"target": 141.1340199423566, "params": {"ext_i_mean": 97.0, "inj_i_mean": 128.0, "mid_i_mean": 108.83032349550189}, "datetime": {"datetime": "2023-02-17 02:19:11", "elapsed": 31.355895, "delta": 0.923475}}
{"target": 140.91906575211064, "params": {"ext_i_mean": 97.12457333957822, "inj_i_mean": 127.86567656039529, "mid_i_mean": 107.04938134739243}, "datetime": {"datetime": "2023-02-17 02:19:12", "elapsed": 31.977695, "delta": 0.6218}}
{"target": 140.47022136211336, "params": {"ext_i_mean": 97.05134359607597, "inj_i_mean": 127.57619959459483, "mid_i_mean": 106.16502113592777}, "datetime": {"datetime": "2023-02-17 02:19:13", "elapsed": 32.589207, "delta": 0.611512}}
