{"target": 125.01755737869549, "params": {"ext_i_mean": 107.08679196572461, "inj_i_mean": 120.96773070716065, "mid_i_mean": 108.72505224199625}, "datetime": {"datetime": "2023-02-17 02:19:14", "elapsed": 0.0, "delta": 0.0}}
{"target": 82.29317596938945, "params": {"ext_i_mean": 108.38194128787512, "inj_i_mean": 125.39678906158275, "mid_i_mean": 99.76266601089634}, "datetime": {"datetime": "2023-02-17 02:19:14", "elapsed": 0.000737, "delta": 0.000737}}
{"target": 130.24854318918096, "params": {"ext_i_mean": 106.02547424109584, "inj_i_mean": 118.81728497431688, "mid_i_mean": 101.99489911088718}, "datetime": {"datetime": "2023-02-17 02:19:14", "elapsed": 0.001321, "delta": 0.000584}}
{"target": 106.34010250627583, "params": {"ext_i_mean": 103.70618434552172, "inj_i_mean": 127.11212715034911, "mid_i_mean": 98.93719630754055}, "datetime": {"datetime": "2023-02-17 02:19:14", "elapsed": 0.002038, "delta": 0.000717}}
{"target": 118.36419745158707, "params": {"ext_i_mean": 107.38713192985854, "inj_i_mean": 118.27893432147528, "mid_i_mean": 99.57641607946346}, "datetime": {"datetime": "2023-02-17 02:19:14", "elapsed": 0.002723, "delta": 0.000685}}
{"target": 129.1011885242453, "params": {"ext_i_mean": 103.64897023735772, "inj_i_mean": 117.54327029195022, "mid_i_mean": 100.61711123166195}, "datetime": {"datetime": "2023-02-17 02:19:16", "elapsed": 2.118741, "delta": 2.116018}}
{"target": 127.73703665677334, "params": {"ext_i_mean": 104.3120089799204, "inj_i_mean": 116.2653495916408, "mid_i_mean": 101.54934906471064}, "datetime": {"datetime": "2023-02-17 02:19:18", "elapsed": 3.924767, "delta": 1.806026}}
{"target": 130.25033977712332, "params": {"ext_i_mean": 100.51669193876302, "inj_i_mean": 117.83432886021676, "mid_i_mean": 102.59004478116638}, "datetime": {"datetime": "2023-02-17 02:19:20", "elapsed": 5.981711, "delta": 2.056944}}
{"target": 130.05462233042587, "params": {"ext_i_mean": 97.0, "inj_i_mean": 116.0, "mid_i_mean": 98.72560747030008}, "datetime": {"datetime": "2023-02-17 02:19:21", "elapsed": 6.845059, "delta": 0.863348}}
{"target": 133.98676667077552, "params": {"ext_i_mean": 97.08974129594182, "inj_i_mean": 117.572081634557, "mid_i_mean": 97.0}, "datetime": {"datetime": "2023-02-17 02:19:22", "elapsed": 8.326221, "delta": 1.481162}}
{"target": 134.58453429068572, "params": {"ext_i_mean": 97.0, "inj_i_mean": 119.14416326909105, "mid_i_mean": 97.0}, "datetime": {"datetime": "2023-02-17 02:19:24", "elapsed": 9.904575, "delta": 1.578354}}
{"target": 133.79818293958368, "params": {"ext_i_mean": 97.0, "inj_i_mean": 120.71624906212632, "mid_i_mean": 98.04069876330755}, "datetime": {"datetime": "2023-02-17 02:19:25", "elapsed": 11.292277, "delta": 1.387702}}
{"target": 132.34266307240452, "params": {"ext_i_mean": 97.0, "inj_i_mean": 122.28833069823509, "mid_i_mean": 97.0}, "datetime": {"datetime": "2023-02-17 02:19:26", "elapsed": 12.292352, "delta": 1.000075}}
{"target": 134.6799593716264, "params": {"ext_i_mean": 97.0, "inj_i_mean": 119.40992872559218, "mid_i_mean": 97.0}, "datetime": {"datetime": "2023-02-17 02:19:27", "elapsed": 13.406944, "delta": 1.114592}}
{"target": 134.42625055363223, "params": {"ext_i_mean": 97.0, "inj_i_mean": 119.32509823720316, "mid_i_mean": 98.0406957175807}, "datetime": {"datetime": "2023-02-17 02:19:28", "elapsed": 14.206618, "delta": 0.799674}}
{"target": 133.82982490966182, "params": {"ext_i_mean": 97.0, "inj_i_mean": 120.68099158932526, "mid_i_mean": 99.08139143400314}, "datetime": {"datetime": "2023-02-17 02:19:29", "elapsed": 15.217598, "delta": 1.01098}}
{"target": 134.25056985867437, "params": {"ext_i_mean": 97.0, "inj_i_mean": 119.7729739404093, "mid_i_mean": 100.12208715195412}, "datetime": {"datetime": "2023-02-17 02:19:30", "elapsed": 16.020824, "delta": 0.803226}}
{"target": 134.764860456879, "params": {"ext_i_mean": 97.0, "inj_i_mean": 121.34505557396088, "mid_i_mean": 101.15961828446356}, "datetime": {"datetime": "2023-02-17 02:19:31", "elapsed": 17.198343, "delta": 1.177519}}
{"target": 135.2778873744394, "params": {"ext_i_mean": 97.0, "inj_i_mean": 122.91720585325814, "mid_i_mean": 102.2003642936882}, "datetime": {"datetime": "2023-02-17 02:19:33", "elapsed": 18.651197, "delta": 1.452854}}
{"target": 134.8735081226351, "params": {"ext_i_mean": 97.0, "inj_i_mean": 120.13883865704372, "mid_i_mean": 103.2410600055629}, "datetime": {"datetime": "2023-02-17 02:19:34", "elapsed": 20.0578, "delta": 1.406603}}
{"target": 133.29689304818353, "params": {"ext_i_mean": 97.0, "inj_i_mean": 121.59689233010099, "mid_i_mean": 104.28175572345435}, "datetime": {"datetime": "2023-02-17 02:19:35", "elapsed": 21.532893, "delta": 1.475093}}
{"target": 115.72717070963587, "params": {"ext_i_mean": 97.0, "inj_i_mean": 116.0, "mid_i_mean": 105.32245144058578}, "datetime": {"datetime": "2023-02-17 02:19:37", "elapsed": 22.641558, "delta": 1.108665}}
{"target": 131.4875253616236, "params": {"ext_i_mean": 98.33620523859958, "inj_i_mean": 117.8354419786876, "mid_i_mean": 97.4174401193459}, "datetime": {"datetime": "2023-02-17 02:19:37", "elapsed": 23.430251, "delta": 0.788693}}
{"target": 130.9283125963825, "params": {"ext_i_mean": 98.99645180742412, "inj_i_mean": 119.31067906086187, "mid_i_mean": 98.19891445179138}, "datetime": {"datetime": "2023-02-17 02:19:38", "elapsed": 24.4223, "delta": 0.992049}}
{"target": 133.98813599906916, "params": {"ext_i_mean": 97.0, "inj_i_mean": 120.5536517555769, "mid_i_mean": 99.23961018037666}, "datetime": {"datetime": "2023-02-17 02:19:39", "elapsed": 25.274097, "delta": 0.851797}}
{"target": 133.81286506963636, "params": {"ext_i_mean": 97.0, "inj_i_mean": 122.1257320319612, "mid_i_mean": 100.28030588902038}, "datetime": {"datetime": "2023-02-17 02:19:41", "elapsed": 26.597845, "delta": 1.323748}}
{"target": 134.70501260844546, "params": {"ext_i_mean": 97.0, "inj_i_mean": 123.69781363978659, "mid_i_mean": 101.32098353111462}, "datetime": {"datetime": "2023-02-17 02:19:42", "elapsed": 27.856265, "delta": 1.25842}}
{"target": 136.32822876000972, "params": {"ext_i_mean": 97.0, "inj_i_mean": 125.2698952625299, "mid_i_mean": 102.3616629021655}, "datetime": {"datetime": "2023-02-17 02:19:43", "elapsed": 29.117684, "delta": 1.261419}}
{"target": 138.46165468804043, "params": {"ext_i_mean": 97.03425590809249, "inj_i_mean": 125.33385024079064, "mid_i_mean": 103.40338585245996}, "datetime": {"datetime": "2023-02-17 02:19:44", "elapsed": 29.767945, "delta": 0.650261}}
{"target": 139.10327703749277, "params": {"ext_i_mean": 97.0, "inj_i_mean": 126.90591371822953, "mid_i_mean": 104.44408158395011}, "datetime": {"datetime": "2023-02-17 02:19:45", "elapsed": 30.732492, "delta": 0.964547}}
{"target": 139.52560136286627, "params": {"ext_i_mean": 97.0, "inj_i_mean": 128.0, "mid_i_mean": 105.48477729994046}, "datetime": {"datetime": "2023-02-17 02:19:45", "elapsed": 31.558407, "delta": 0.825915}}
{"target": 140.88699516647168, "params": {"ext_i_mean": 97.0, "inj_i_mean": 128.0, "mid_i_mean": 106.52547301799179}, "datetime": {"datetime": "2023-02-17 02:19:47", "elapsed": 32.650781, "delta": 1.092374}}
{"target": 140.86459451469904, "params": {"ext_i_mean": 97.0, "inj_i_mean": 126.35757895629085, "mid_i_mean": 107.56616711730156}, "datetime": {"datetime": "2023-02-17 02:19:47", "elapsed": 33.439924, "delta": 0.789143}}
{"target": 141.1023790040493, "params": {"ext_i_mean": 97.0, "inj_i_mean": 127.92966026579965, "mid_i_mean": 108.60686261788237}, "datetime": {"datetime": "2023-02-17 02:19:48", "elapsed": 34.360953, "delta": 0.921029}}
{"target": 139.98426280325685, "params": {"ext_i_mean": 97.0, "inj_i_mean": 128.0, "mid_i_mean": 109.64755833275977}, "datetime": {"datetime": "2023-02-17 02:19:49", "elapsed": 35.537826, "delta": 1.176873}}
