{"target": 130.68878567668156, "params": {"ext_i_mean": 102.0460553356656, "inj_i_mean": 118.54873335255664, "mid_i_mean": 101.8367428439389}, "datetime": {"datetime": "2023-02-17 02:11:59", "elapsed": 0.0, "delta": 0.0}}
{"target": 122.20160424697697, "params": {"ext_i_mean": 103.75049783996627, "inj_i_mean": 117.50858205754355, "mid_i_mean": 107.44971773714161}, "datetime": {"datetime": "2023-02-17 02:11:59", "elapsed": 0.000779, "delta": 0.000779}}
{"target": 129.3139335959395, "params": {"ext_i_mean": 101.98908109967303, "inj_i_mean": 121.40737258477759, "mid_i_mean": 101.57959399693968}, "datetime": {"datetime": "2023-02-17 02:11:59", "elapsed": 0.001296, "delta": 0.000517}}
{"target": 96.01931840536238, "params": {"ext_i_mean": 109.63768037212313, "inj_i_mean": 124.94227532114714, "mid_i_mean": 103.17032839107834}, "datetime": {"datetime": "2023-02-17 02:11:59", "elapsed": 0.001809, "delta": 0.000513}}
{"target": 130.6534177137895, "params": {"ext_i_mean": 97.37830917137927, "inj_i_mean": 125.20759696363018, "mid_i_mean": 98.83438425226691}, "datetime": {"datetime": "2023-02-17 02:11:59", "elapsed": 0.002316, "delta": 0.000507}}
{"target": 134.05889995113574, "params": {"ext_i_mean": 97.30882454220874, "inj_i_mean": 119.40368334054148, "mid_i_mean": 99.87507992413758}, "datetime": {"datetime": "2023-02-17 02:12:01", "elapsed": 1.942049, "delta": 1.939733}}
{"target": 129.7453456769685, "params": {"ext_i_mean": 98.18817192413073, "inj_i_mean": 116.0, "mid_i_mean": 97.0}, "datetime": {"datetime": "2023-02-17 02:12:01", "elapsed": 2.850811, "delta": 0.908762}}
{"target": 133.26552329005966, "params": {"ext_i_mean": 97.0, "inj_i_mean": 117.55353885136833, "mid_i_mean": 98.04069570189965}, "datetime": {"datetime": "2023-02-17 02:12:02", "elapsed": 3.892549, "delta": 1.041738}}
{"target": 134.01340467606448, "params": {"ext_i_mean": 97.0, "inj_i_mean": 119.12556865334777, "mid_i_mean": 99.0813914177354}, "datetime": {"datetime": "2023-02-17 02:12:03", "elapsed": 4.753167, "delta": 0.860618}}
{"target": 134.1893100516786, "params": {"ext_i_mean": 97.0, "inj_i_mean": 120.69765022559763, "mid_i_mean": 100.12200409535623}, "datetime": {"datetime": "2023-02-17 02:12:05", "elapsed": 6.181696, "delta": 1.428529}}
{"target": 127.54793032756675, "params": {"ext_i_mean": 97.0, "inj_i_mean": 116.0, "mid_i_mean": 101.1626998179634}, "datetime": {"datetime": "2023-02-17 02:12:06", "elapsed": 7.003921, "delta": 0.822225}}
{"target": 131.00728499755195, "params": {"ext_i_mean": 98.9307150279292, "inj_i_mean": 119.12053276018739, "mid_i_mean": 97.0}, "datetime": {"datetime": "2023-02-17 02:12:07", "elapsed": 8.150104, "delta": 1.146183}}
{"target": 133.81235958671297, "params": {"ext_i_mean": 97.0, "inj_i_mean": 120.69261439598229, "mid_i_mean": 97.0}, "datetime": {"datetime": "2023-02-17 02:12:08", "elapsed": 9.094709, "delta": 0.944605}}
{"target": 132.69042612722706, "params": {"ext_i_mean": 97.0, "inj_i_mean": 122.03768616426528, "mid_i_mean": 97.0}, "datetime": {"datetime": "2023-02-17 02:12:08", "elapsed": 9.802953, "delta": 0.708244}}
{"target": 133.60677457874462, "params": {"ext_i_mean": 97.0, "inj_i_mean": 121.12554452517318, "mid_i_mean": 98.04069571785442}, "datetime": {"datetime": "2023-02-17 02:12:09", "elapsed": 10.704984, "delta": 0.902031}}
{"target": 133.4479297006977, "params": {"ext_i_mean": 97.0, "inj_i_mean": 121.36286964520255, "mid_i_mean": 99.08139125336169}, "datetime": {"datetime": "2023-02-17 02:12:10", "elapsed": 11.561052, "delta": 0.856068}}
{"target": 133.7232638238626, "params": {"ext_i_mean": 97.0, "inj_i_mean": 121.50054347697491, "mid_i_mean": 100.12208696779308}, "datetime": {"datetime": "2023-02-17 02:12:11", "elapsed": 12.85436, "delta": 1.293308}}
{"target": 134.69181855518812, "params": {"ext_i_mean": 97.0, "inj_i_mean": 121.61252367179023, "mid_i_mean": 101.16278226951528}, "datetime": {"datetime": "2023-02-17 02:12:13", "elapsed": 14.177868, "delta": 1.323508}}
{"target": 134.9727598452448, "params": {"ext_i_mean": 97.0, "inj_i_mean": 122.02253443879924, "mid_i_mean": 102.20347798217708}, "datetime": {"datetime": "2023-02-17 02:12:14", "elapsed": 15.167516, "delta": 0.989648}}
{"target": 135.48090704297834, "params": {"ext_i_mean": 97.0, "inj_i_mean": 122.56278313405781, "mid_i_mean": 103.24417369741379}, "datetime": {"datetime": "2023-02-17 02:12:15", "elapsed": 16.05684, "delta": 0.889324}}
{"target": 138.0586568358955, "params": {"ext_i_mean": 97.0, "inj_i_mean": 124.13385299597309, "mid_i_mean": 104.28486941194859}, "datetime": {"datetime": "2023-02-17 02:12:16", "elapsed": 17.344947, "delta": 1.288107}}
{"target": 140.13965316128338, "params": {"ext_i_mean": 97.0, "inj_i_mean": 125.70593461894309, "mid_i_mean": 105.32556478619884}, "datetime": {"datetime": "2023-02-17 02:12:17", "elapsed": 18.225842, "delta": 0.880895}}
{"target": 140.87012976166884, "params": {"ext_i_mean": 97.0, "inj_i_mean": 126.71653439744773, "mid_i_mean": 106.36626048579608}, "datetime": {"datetime": "2023-02-17 02:12:17", "elapsed": 18.909148, "delta": 0.683306}}
{"target": 141.39883120414515, "params": {"ext_i_mean": 97.0, "inj_i_mean": 128.0, "mid_i_mean": 107.40695620101172}, "datetime": {"datetime": "2023-02-17 02:12:18", "elapsed": 19.648264, "delta": 0.739116}}
{"target": 136.18290353380198, "params": {"ext_i_mean": 97.0, "inj_i_mean": 124.6503975828793, "mid_i_mean": 108.44765191972819}, "datetime": {"datetime": "2023-02-17 02:12:19", "elapsed": 20.278177, "delta": 0.629913}}
{"target": 140.3020557723122, "params": {"ext_i_mean": 97.0, "inj_i_mean": 128.0, "mid_i_mean": 105.97118213488928}, "datetime": {"datetime": "2023-02-17 02:12:20", "elapsed": 20.965414, "delta": 0.687237}}
{"target": 141.12791201263687, "params": {"ext_i_mean": 97.0, "inj_i_mean": 128.0, "mid_i_mean": 107.01187785724517}, "datetime": {"datetime": "2023-02-17 02:12:20", "elapsed": 21.67144, "delta": 0.706026}}
{"target": 141.06662404312482, "params": {"ext_i_mean": 97.13216142685492, "inj_i_mean": 127.73327833469473, "mid_i_mean": 108.04276176193943}, "datetime": {"datetime": "2023-02-17 02:12:21", "elapsed": 22.203377, "delta": 0.531937}}
{"target": 140.99272037650894, "params": {"ext_i_mean": 97.0, "inj_i_mean": 128.0, "mid_i_mean": 109.08345744621771}, "datetime": {"datetime": "2023-02-17 02:12:22", "elapsed": 22.930641, "delta": 0.727264}}
{"target": 139.54337118495238, "params": {"ext_i_mean": 97.0, "inj_i_mean": 128.0, "mid_i_mean": 110.0}, "datetime": {"datetime": "2023-02-17 02:12:22", "elapsed": 23.484305, "delta": 0.553664}}
{"target": 139.95091564446773, "params": {"ext_i_mean": 97.16761212069783, "inj_i_mean": 127.958811874279, "mid_i_mean": 109.52669096889775}, "datetime": {"datetime": "2023-02-17 02:12:23", "elapsed": 24.029685, "delta": 0.54538}}
{"target": 138.98668821579915, "params": {"ext_i_mean": 97.15727895669366, "inj_i_mean": 127.84352766139055, "mid_i_mean": 105.15170787748922}, "datetime": {"datetime": "2023-02-17 02:12:23", "elapsed": 24.648351, "delta": 0.618666}}
{"target": 140.58087850022906, "params": {"ext_i_mean": 97.0, "inj_i_mean": 128.0, "mid_i_mean": 106.19240359509458}, "datetime": {"datetime": "2023-02-17 02:12:24", "elapsed": 25.30442, "delta": 0.656069}}
{"target": 141.2263874469066, "params": {"ext_i_mean": 97.0, "inj_i_mean": 128.0, "mid_i_mean": 107.23309920384042}, "datetime": {"datetime": "2023-02-17 02:12:25", "elapsed": 25.992729, "delta": 0.688309}}
{"target": 141.39977732094877, "params": {"ext_i_mean": 97.0, "inj_i_mean": 128.0, "mid_i_mean": 107.68161768666775}, "datetime": {"datetime": "2023-02-17 02:12:25", "elapsed": 26.651847, "delta": 0.659118}}
