{"target": 131.35270398827282, "params": {"ext_i_mean": 105.39590193215753, "inj_i_mean": 120.72550539634504, "mid_i_mean": 105.71503468098969}, "datetime": {"datetime": "2023-02-17 02:20:42", "elapsed": 0.0, "delta": 0.0}}
{"target": 117.60674366750773, "params": {"ext_i_mean": 104.85232315701953, "inj_i_mean": 125.49120716242804, "mid_i_mean": 101.74466034974834}, "datetime": {"datetime": "2023-02-17 02:20:42", "elapsed": 0.000736, "delta": 0.000736}}
{"target": 125.29985363878676, "params": {"ext_i_mean": 100.58354371615451, "inj_i_mean": 122.17118974995115, "mid_i_mean": 97.3012783048099}, "datetime": {"datetime": "2023-02-17 02:20:42", "elapsed": 0.001226, "delta": 0.00049}}
{"target": 129.95834453595856, "params": {"ext_i_mean": 101.18714991848233, "inj_i_mean": 119.39426170741203, "mid_i_mean": 100.43283172530366}, "datetime": {"datetime": "2023-02-17 02:20:42", "elapsed": 0.001721, "delta": 0.000495}}
{"target": 137.1128410300829, "params": {"ext_i_mean": 97.11843537501206, "inj_i_mean": 124.1516008164879, "mid_i_mean": 105.29443957875698}, "datetime": {"datetime": "2023-02-17 02:20:42", "elapsed": 0.002205, "delta": 0.000484}}
{"target": 137.56172550873924, "params": {"ext_i_mean": 97.29951787607318, "inj_i_mean": 124.47238541955583, "mid_i_mean": 105.35997067539137}, "datetime": {"datetime": "2023-02-17 02:20:43", "elapsed": 0.644653, "delta": 0.642448}}
{"target": 140.39183029271538, "params": {"ext_i_mean": 97.12195815158435, "inj_i_mean": 126.04719555324192, "mid_i_mean": 106.26852545157195}, "datetime": {"datetime": "2023-02-17 02:20:45", "elapsed": 2.396437, "delta": 1.751784}}
{"target": 141.20999153625047, "params": {"ext_i_mean": 97.0, "inj_i_mean": 127.61927716280972, "mid_i_mean": 107.30888899762799}, "datetime": {"datetime": "2023-02-17 02:20:46", "elapsed": 3.870429, "delta": 1.473992}}
{"target": 139.40012784309462, "params": {"ext_i_mean": 97.0, "inj_i_mean": 125.85430169388991, "mid_i_mean": 108.34958471858084}, "datetime": {"datetime": "2023-02-17 02:20:47", "elapsed": 4.894929, "delta": 1.0245}}
{"target": 111.66667204461146, "params": {"ext_i_mean": 97.0, "inj_i_mean": 118.28940295841349, "mid_i_mean": 109.39028044146167}, "datetime": {"datetime": "2023-02-17 02:20:48", "elapsed": 5.839767, "delta": 0.944838}}
{"target": 129.39097719473898, "params": {"ext_i_mean": 97.0, "inj_i_mean": 116.0, "mid_i_mean": 99.44577068377114}, "datetime": {"datetime": "2023-02-17 02:20:49", "elapsed": 6.612346, "delta": 0.772579}}
{"target": 139.0451266869756, "params": {"ext_i_mean": 97.0, "inj_i_mean": 128.0, "mid_i_mean": 105.13286211354226}, "datetime": {"datetime": "2023-02-17 02:20:50", "elapsed": 7.388606, "delta": 0.77626}}
{"target": 140.29559885187174, "params": {"ext_i_mean": 97.12797373148283, "inj_i_mean": 127.71895534279533, "mid_i_mean": 106.21203919976051}, "datetime": {"datetime": "2023-02-17 02:20:51", "elapsed": 8.169808, "delta": 0.781202}}
{"target": 139.1001097770045, "params": {"ext_i_mean": 98.18227482970221, "inj_i_mean": 128.0, "mid_i_mean": 107.25273374727894}, "datetime": {"datetime": "2023-02-17 02:20:52", "elapsed": 9.328337, "delta": 1.158529}}
{"target": 141.4141260493203, "params": {"ext_i_mean": 97.0, "inj_i_mean": 128.0, "mid_i_mean": 108.29342946669627}, "datetime": {"datetime": "2023-02-17 02:20:53", "elapsed": 10.37549, "delta": 1.047153}}
{"target": 140.40684331660245, "params": {"ext_i_mean": 97.0, "inj_i_mean": 128.0, "mid_i_mean": 109.33412514180989}, "datetime": {"datetime": "2023-02-17 02:20:54", "elapsed": 11.25317, "delta": 0.87768}}
{"target": 138.2936780529259, "params": {"ext_i_mean": 98.05430108571768, "inj_i_mean": 128.0, "mid_i_mean": 110.0}, "datetime": {"datetime": "2023-02-17 02:20:54", "elapsed": 12.022815, "delta": 0.769645}}
{"target": 141.57705900312843, "params": {"ext_i_mean": 97.0, "inj_i_mean": 128.0, "mid_i_mean": 107.55996340740333}, "datetime": {"datetime": "2023-02-17 02:20:55", "elapsed": 12.817294, "delta": 0.794479}}
{"target": 134.04182012045953, "params": {"ext_i_mean": 97.0, "inj_i_mean": 128.0, "mid_i_mean": 102.25463782938913}, "datetime": {"datetime": "2023-02-17 02:20:56", "elapsed": 13.633915, "delta": 0.816621}}
{"target": 127.58340836293252, "params": {"ext_i_mean": 97.25497452928546, "inj_i_mean": 127.90874859373898, "mid_i_mean": 97.91809654504871}, "datetime": {"datetime": "2023-02-17 02:20:57", "elapsed": 14.27771, "delta": 0.643795}}
{"target": 115.74654524735129, "params": {"ext_i_mean": 110.0, "inj_i_mean": 116.0, "mid_i_mean": 110.0}, "datetime": {"datetime": "2023-02-17 02:20:57", "elapsed": 14.978388, "delta": 0.700678}}
{"target": 94.4550328046305, "params": {"ext_i_mean": 110.0, "inj_i_mean": 116.0, "mid_i_mean": 97.0}, "datetime": {"datetime": "2023-02-17 02:20:58", "elapsed": 15.665843, "delta": 0.687455}}
{"target": 129.1544582374962, "params": {"ext_i_mean": 103.47743180728843, "inj_i_mean": 128.0, "mid_i_mean": 110.0}, "datetime": {"datetime": "2023-02-17 02:20:59", "elapsed": 16.33258, "delta": 0.666737}}
{"target": 139.43166876384703, "params": {"ext_i_mean": 97.0, "inj_i_mean": 128.0, "mid_i_mean": 110.0}, "datetime": {"datetime": "2023-02-17 02:21:00", "elapsed": 17.227661, "delta": 0.895081}}
{"target": 141.3688954439718, "params": {"ext_i_mean": 97.0, "inj_i_mean": 128.0, "mid_i_mean": 107.3878902619772}, "datetime": {"datetime": "2023-02-17 02:21:00", "elapsed": 17.929276, "delta": 0.701615}}
{"target": 141.4586656472294, "params": {"ext_i_mean": 97.0, "inj_i_mean": 128.0, "mid_i_mean": 107.4030406096331}, "datetime": {"datetime": "2023-02-17 02:21:01", "elapsed": 18.613659, "delta": 0.684383}}
{"target": 140.97388148355319, "params": {"ext_i_mean": 97.04318706373658, "inj_i_mean": 127.11758610038517, "mid_i_mean": 106.81409883980854}, "datetime": {"datetime": "2023-02-17 02:21:02", "elapsed": 19.194216, "delta": 0.580557}}
{"target": 141.29010832108287, "params": {"ext_i_mean": 97.0, "inj_i_mean": 128.0, "mid_i_mean": 107.4734919142699}, "datetime": {"datetime": "2023-02-17 02:21:02", "elapsed": 19.809021, "delta": 0.614805}}
{"target": 141.61142169385653, "params": {"ext_i_mean": 97.0, "inj_i_mean": 128.0, "mid_i_mean": 107.47786968377001}, "datetime": {"datetime": "2023-02-17 02:21:03", "elapsed": 20.421026, "delta": 0.612005}}
{"target": 141.48507073765137, "params": {"ext_i_mean": 97.01128953176493, "inj_i_mean": 127.49155336775547, "mid_i_mean": 107.46528257418711}, "datetime": {"datetime": "2023-02-17 02:21:03", "elapsed": 21.022702, "delta": 0.601676}}
{"target": 141.33642182272013, "params": {"ext_i_mean": 97.0, "inj_i_mean": 128.0, "mid_i_mean": 107.47600737473584}, "datetime": {"datetime": "2023-02-17 02:21:04", "elapsed": 21.625344, "delta": 0.602642}}
{"target": 140.93413325031426, "params": {"ext_i_mean": 97.33754037657296, "inj_i_mean": 127.89228679130377, "mid_i_mean": 107.9637835617867}, "datetime": {"datetime": "2023-02-17 02:21:05", "elapsed": 22.243143, "delta": 0.617799}}
{"target": 141.47585604955287, "params": {"ext_i_mean": 97.0, "inj_i_mean": 128.0, "mid_i_mean": 107.3824771221835}, "datetime": {"datetime": "2023-02-17 02:21:05", "elapsed": 22.861837, "delta": 0.618694}}
{"target": 141.29464076684994, "params": {"ext_i_mean": 97.0, "inj_i_mean": 128.0, "mid_i_mean": 107.40310302311978}, "datetime": {"datetime": "2023-02-17 02:21:06", "elapsed": 23.457156, "delta": 0.595319}}
{"target": 141.35003410621022, "params": {"ext_i_mean": 97.0, "inj_i_mean": 128.0, "mid_i_mean": 107.4489986522943}, "datetime": {"datetime": "2023-02-17 02:21:07", "elapsed": 24.149129, "delta": 0.691973}}
