{"target": 109.77690541693023, "params": {"ext_i_mean": 108.26908281037011, "inj_i_mean": 119.37785067060615, "mid_i_mean": 99.10103299249366}, "datetime": {"datetime": "2023-02-17 02:20:15", "elapsed": 0.0, "delta": 0.0}}
{"target": 130.7936062706869, "params": {"ext_i_mean": 101.01432634723693, "inj_i_mean": 122.44665622161804, "mid_i_mean": 104.01101525562986}, "datetime": {"datetime": "2023-02-17 02:20:15", "elapsed": 0.002788, "delta": 0.002788}}
{"target": 123.56262652766326, "params": {"ext_i_mean": 107.23705075421765, "inj_i_mean": 116.22171507487666, "mid_i_mean": 106.15446713073825}, "datetime": {"datetime": "2023-02-17 02:20:15", "elapsed": 0.003714, "delta": 0.000926}}
{"target": 102.00998629134668, "params": {"ext_i_mean": 103.57032842087614, "inj_i_mean": 127.0432377572624, "mid_i_mean": 97.63972203818776}, "datetime": {"datetime": "2023-02-17 02:20:15", "elapsed": 0.004614, "delta": 0.0009}}
{"target": 126.0976748120396, "params": {"ext_i_mean": 106.43130213013993, "inj_i_mean": 124.07552721434732, "mid_i_mean": 106.67963749532707}, "datetime": {"datetime": "2023-02-17 02:20:15", "elapsed": 0.005818, "delta": 0.001204}}
{"target": 130.69621675388515, "params": {"ext_i_mean": 102.63839907264442, "inj_i_mean": 122.57232774618377, "mid_i_mean": 105.45836414849853}, "datetime": {"datetime": "2023-02-17 02:20:16", "elapsed": 0.854261, "delta": 0.848443}}
{"target": 126.89620382729794, "params": {"ext_i_mean": 99.6007973113098, "inj_i_mean": 120.68687723699216, "mid_i_mean": 106.49905982926896}, "datetime": {"datetime": "2023-02-17 02:20:18", "elapsed": 2.598138, "delta": 1.743877}}
{"target": 125.62041084471451, "params": {"ext_i_mean": 97.0, "inj_i_mean": 116.0, "mid_i_mean": 102.35212405493606}, "datetime": {"datetime": "2023-02-17 02:20:19", "elapsed": 3.535191, "delta": 0.937053}}
{"target": 132.01980004851018, "params": {"ext_i_mean": 97.0, "inj_i_mean": 116.0, "mid_i_mean": 97.0467984741707}, "datetime": {"datetime": "2023-02-17 02:20:20", "elapsed": 4.7167, "delta": 1.181509}}
{"target": 134.16204322496515, "params": {"ext_i_mean": 97.0, "inj_i_mean": 117.5720816344898, "mid_i_mean": 97.0}, "datetime": {"datetime": "2023-02-17 02:20:21", "elapsed": 5.789397, "delta": 1.072697}}
{"target": 134.58453428800817, "params": {"ext_i_mean": 97.0, "inj_i_mean": 119.14416326925343, "mid_i_mean": 97.0}, "datetime": {"datetime": "2023-02-17 02:20:22", "elapsed": 7.00317, "delta": 1.213773}}
{"target": 134.05665156180902, "params": {"ext_i_mean": 97.0, "inj_i_mean": 120.41736216769796, "mid_i_mean": 97.0}, "datetime": {"datetime": "2023-02-17 02:20:23", "elapsed": 7.667366, "delta": 0.664196}}
{"target": 134.26290968328814, "params": {"ext_i_mean": 97.0, "inj_i_mean": 119.65396308153106, "mid_i_mean": 98.0406957154969}, "datetime": {"datetime": "2023-02-17 02:20:24", "elapsed": 8.483751, "delta": 0.816385}}
{"target": 134.017483986971, "params": {"ext_i_mean": 97.0, "inj_i_mean": 120.53434121004237, "mid_i_mean": 99.081391431668}, "datetime": {"datetime": "2023-02-17 02:20:24", "elapsed": 9.374692, "delta": 0.890941}}
{"target": 134.76901335705824, "params": {"ext_i_mean": 97.0, "inj_i_mean": 118.98147613165168, "mid_i_mean": 97.0}, "datetime": {"datetime": "2023-02-17 02:20:25", "elapsed": 10.157985, "delta": 0.783293}}
{"target": 134.64095821811438, "params": {"ext_i_mean": 97.0, "inj_i_mean": 119.01619012456965, "mid_i_mean": 97.0}, "datetime": {"datetime": "2023-02-17 02:20:26", "elapsed": 11.017493, "delta": 0.859508}}
{"target": 134.5718166392459, "params": {"ext_i_mean": 97.0, "inj_i_mean": 119.09329301812761, "mid_i_mean": 97.0}, "datetime": {"datetime": "2023-02-17 02:20:27", "elapsed": 11.914999, "delta": 0.897506}}
{"target": 134.05667730881808, "params": {"ext_i_mean": 97.0, "inj_i_mean": 120.66537460332358, "mid_i_mean": 97.0}, "datetime": {"datetime": "2023-02-17 02:20:28", "elapsed": 12.880834, "delta": 0.965835}}
{"target": 134.5796646114179, "params": {"ext_i_mean": 97.0, "inj_i_mean": 118.80443927134046, "mid_i_mean": 97.0}, "datetime": {"datetime": "2023-02-17 02:20:29", "elapsed": 13.639538, "delta": 0.758704}}
{"target": 134.4480466689002, "params": {"ext_i_mean": 97.0, "inj_i_mean": 119.05229650997902, "mid_i_mean": 98.04069566908106}, "datetime": {"datetime": "2023-02-17 02:20:29", "elapsed": 14.365425, "delta": 0.725887}}
{"target": 134.7865036578984, "params": {"ext_i_mean": 97.0, "inj_i_mean": 118.97033241848047, "mid_i_mean": 97.0}, "datetime": {"datetime": "2023-02-17 02:20:30", "elapsed": 15.14313, "delta": 0.777705}}
{"target": 134.73205004003717, "params": {"ext_i_mean": 97.0, "inj_i_mean": 119.06511576138381, "mid_i_mean": 97.0}, "datetime": {"datetime": "2023-02-17 02:20:31", "elapsed": 15.978343, "delta": 0.835213}}
{"target": 134.47065496180298, "params": {"ext_i_mean": 97.06420629066905, "inj_i_mean": 119.06756623959737, "mid_i_mean": 97.42872474528276}, "datetime": {"datetime": "2023-02-17 02:20:32", "elapsed": 16.647164, "delta": 0.668821}}
{"target": 133.95197076942486, "params": {"ext_i_mean": 97.0, "inj_i_mean": 120.62673761673304, "mid_i_mean": 97.0}, "datetime": {"datetime": "2023-02-17 02:20:32", "elapsed": 17.31234, "delta": 0.665176}}
{"target": 134.7136291583307, "params": {"ext_i_mean": 97.0, "inj_i_mean": 118.76674693262038, "mid_i_mean": 97.0}, "datetime": {"datetime": "2023-02-17 02:20:33", "elapsed": 18.059033, "delta": 0.746693}}
{"target": 134.4561021251485, "params": {"ext_i_mean": 97.0, "inj_i_mean": 119.32993870080249, "mid_i_mean": 98.04069569720939}, "datetime": {"datetime": "2023-02-17 02:20:34", "elapsed": 18.763125, "delta": 0.704092}}
{"target": 134.65948626330143, "params": {"ext_i_mean": 97.0, "inj_i_mean": 118.88990941638751, "mid_i_mean": 97.0}, "datetime": {"datetime": "2023-02-17 02:20:35", "elapsed": 19.399839, "delta": 0.636714}}
{"target": 134.19163011872405, "params": {"ext_i_mean": 97.03402947901147, "inj_i_mean": 119.62412454699819, "mid_i_mean": 97.93746434779551}, "datetime": {"datetime": "2023-02-17 02:20:35", "elapsed": 20.141983, "delta": 0.742144}}
{"target": 134.3930505696169, "params": {"ext_i_mean": 97.04785531492192, "inj_i_mean": 119.41484849145503, "mid_i_mean": 98.76320406948862}, "datetime": {"datetime": "2023-02-17 02:20:36", "elapsed": 20.850638, "delta": 0.708655}}
{"target": 134.07791524135024, "params": {"ext_i_mean": 97.0, "inj_i_mean": 120.98693012923493, "mid_i_mean": 99.80374492689768}, "datetime": {"datetime": "2023-02-17 02:20:37", "elapsed": 21.706785, "delta": 0.856147}}
{"target": 134.05999774584632, "params": {"ext_i_mean": 97.0, "inj_i_mean": 122.55900038955475, "mid_i_mean": 100.84444065754934}, "datetime": {"datetime": "2023-02-17 02:20:38", "elapsed": 22.689632, "delta": 0.982847}}
{"target": 135.72862735535156, "params": {"ext_i_mean": 97.0, "inj_i_mean": 124.13107773203795, "mid_i_mean": 101.88513637445446}, "datetime": {"datetime": "2023-02-17 02:20:39", "elapsed": 23.565361, "delta": 0.875729}}
{"target": 137.47201586024215, "params": {"ext_i_mean": 97.0, "inj_i_mean": 125.70315680146416, "mid_i_mean": 102.9258320921155}, "datetime": {"datetime": "2023-02-17 02:20:40", "elapsed": 24.581407, "delta": 1.016046}}
{"target": 137.870029465805, "params": {"ext_i_mean": 97.0, "inj_i_mean": 127.27523815390128, "mid_i_mean": 103.96652773357}, "datetime": {"datetime": "2023-02-17 02:20:41", "elapsed": 25.502532, "delta": 0.921125}}
{"target": 139.86064576256496, "params": {"ext_i_mean": 97.03216557044128, "inj_i_mean": 126.21568408230655, "mid_i_mean": 105.02630551303677}, "datetime": {"datetime": "2023-02-17 02:20:41", "elapsed": 26.091056, "delta": 0.588524}}
