{"target": 131.18705625827437, "params": {"ext_i_mean": 99.60928640983825, "inj_i_mean": 124.20477255425918, "mid_i_mean": 106.71311872949332}, "datetime": {"datetime": "2023-02-17 02:13:10", "elapsed": 0.0, "delta": 0.0}}
{"target": 132.4804361638382, "params": {"ext_i_mean": 104.40512893310559, "inj_i_mean": 120.14554552617024, "mid_i_mean": 102.8693361741719}, "datetime": {"datetime": "2023-02-17 02:13:10", "elapsed": 0.000883, "delta": 0.000883}}
{"target": 125.29198609517788, "params": {"ext_i_mean": 106.42274992233389, "inj_i_mean": 118.84021261679095, "mid_i_mean": 100.2433500704495}, "datetime": {"datetime": "2023-02-17 02:13:10", "elapsed": 0.001394, "delta": 0.000511}}
{"target": 121.79895568761097, "params": {"ext_i_mean": 99.84893280244715, "inj_i_mean": 117.73365408498792, "mid_i_mean": 107.15074481728746}, "datetime": {"datetime": "2023-02-17 02:13:10", "elapsed": 0.001892, "delta": 0.000498}}
{"target": 127.44714338678239, "params": {"ext_i_mean": 104.83789748610337, "inj_i_mean": 123.1747610423385, "mid_i_mean": 103.5776031083473}, "datetime": {"datetime": "2023-02-17 02:13:10", "elapsed": 0.002387, "delta": 0.000495}}
{"target": 127.63899617150052, "params": {"ext_i_mean": 104.7543595242443, "inj_i_mean": 123.44570791244723, "mid_i_mean": 104.2080795818942}, "datetime": {"datetime": "2023-02-17 02:13:11", "elapsed": 0.686629, "delta": 0.684242}}
{"target": 132.40485584102447, "params": {"ext_i_mean": 103.69388627422184, "inj_i_mean": 119.91230990722025, "mid_i_mean": 103.40983604512942}, "datetime": {"datetime": "2023-02-17 02:13:12", "elapsed": 1.884419, "delta": 1.19779}}
{"target": 132.16406795746474, "params": {"ext_i_mean": 104.73023775057437, "inj_i_mean": 119.52139244622059, "mid_i_mean": 103.98829360283747}, "datetime": {"datetime": "2023-02-17 02:13:13", "elapsed": 3.02632, "delta": 1.141901}}
{"target": 131.47255779286158, "params": {"ext_i_mean": 103.75841604779123, "inj_i_mean": 118.71700282192931, "mid_i_mean": 103.0325755553774}, "datetime": {"datetime": "2023-02-17 02:13:14", "elapsed": 4.11787, "delta": 1.09155}}
{"target": 131.19166491547685, "params": {"ext_i_mean": 102.33495025627252, "inj_i_mean": 120.28908447257903, "mid_i_mean": 102.1129052126233}, "datetime": {"datetime": "2023-02-17 02:13:16", "elapsed": 5.966859, "delta": 1.848989}}
{"target": 129.1967048610993, "params": {"ext_i_mean": 98.68159870590371, "inj_i_mean": 121.8611660769483, "mid_i_mean": 100.173847283845}, "datetime": {"datetime": "2023-02-17 02:13:18", "elapsed": 7.739885, "delta": 1.773026}}
{"target": 132.2019459765258, "params": {"ext_i_mean": 97.0, "inj_i_mean": 116.0, "mid_i_mean": 97.0}, "datetime": {"datetime": "2023-02-17 02:13:19", "elapsed": 8.966894, "delta": 1.227009}}
{"target": 131.60698201286706, "params": {"ext_i_mean": 97.91758845510422, "inj_i_mean": 117.50445270117703, "mid_i_mean": 97.98883951181267}, "datetime": {"datetime": "2023-02-17 02:13:20", "elapsed": 9.821054, "delta": 0.85416}}
{"target": 127.67646033497158, "params": {"ext_i_mean": 98.97188937672875, "inj_i_mean": 116.0, "mid_i_mean": 97.0}, "datetime": {"datetime": "2023-02-17 02:13:21", "elapsed": 10.682232, "delta": 0.861178}}
{"target": 134.2341552653239, "params": {"ext_i_mean": 97.0, "inj_i_mean": 117.57208163671812, "mid_i_mean": 97.0}, "datetime": {"datetime": "2023-02-17 02:13:22", "elapsed": 11.771563, "delta": 1.089331}}
{"target": 134.64290476937398, "params": {"ext_i_mean": 97.0, "inj_i_mean": 118.98974613855495, "mid_i_mean": 97.0}, "datetime": {"datetime": "2023-02-17 02:13:22", "elapsed": 12.526393, "delta": 0.75483}}
{"target": 134.20140546277858, "params": {"ext_i_mean": 97.0, "inj_i_mean": 120.05816329851926, "mid_i_mean": 97.0}, "datetime": {"datetime": "2023-02-17 02:13:23", "elapsed": 13.285802, "delta": 0.759409}}
{"target": 134.87666803221194, "params": {"ext_i_mean": 97.0, "inj_i_mean": 118.85918971161627, "mid_i_mean": 97.0}, "datetime": {"datetime": "2023-02-17 02:13:24", "elapsed": 14.260848, "delta": 0.975046}}
{"target": 134.5814359032522, "params": {"ext_i_mean": 97.0, "inj_i_mean": 118.8840519025113, "mid_i_mean": 97.0}, "datetime": {"datetime": "2023-02-17 02:13:25", "elapsed": 15.052108, "delta": 0.79126}}
{"target": 134.14849926077483, "params": {"ext_i_mean": 97.0, "inj_i_mean": 120.45613353554482, "mid_i_mean": 97.0}, "datetime": {"datetime": "2023-02-17 02:13:26", "elapsed": 15.907569, "delta": 0.855461}}
{"target": 132.72615310860752, "params": {"ext_i_mean": 97.0, "inj_i_mean": 122.02821517624595, "mid_i_mean": 97.0}, "datetime": {"datetime": "2023-02-17 02:13:27", "elapsed": 16.70099, "delta": 0.793421}}
{"target": 134.2385632380599, "params": {"ext_i_mean": 97.01047146837072, "inj_i_mean": 119.82630969838009, "mid_i_mean": 98.42605842806562}, "datetime": {"datetime": "2023-02-17 02:13:27", "elapsed": 17.508624, "delta": 0.807634}}
{"target": 134.5394351182375, "params": {"ext_i_mean": 97.00134471282148, "inj_i_mean": 119.10452689304378, "mid_i_mean": 97.54342824159372}, "datetime": {"datetime": "2023-02-17 02:13:28", "elapsed": 18.27121, "delta": 0.762586}}
{"target": 134.15333242561383, "params": {"ext_i_mean": 97.0, "inj_i_mean": 118.73897204993169, "mid_i_mean": 98.5289590557073}, "datetime": {"datetime": "2023-02-17 02:13:29", "elapsed": 18.973241, "delta": 0.702031}}
{"target": 133.2366678041877, "params": {"ext_i_mean": 97.0, "inj_i_mean": 118.03466292861586, "mid_i_mean": 99.5696547803941}, "datetime": {"datetime": "2023-02-17 02:13:30", "elapsed": 19.878068, "delta": 0.904827}}
{"target": 134.77604940851427, "params": {"ext_i_mean": 97.0, "inj_i_mean": 119.17625332267855, "mid_i_mean": 97.0}, "datetime": {"datetime": "2023-02-17 02:13:31", "elapsed": 20.867175, "delta": 0.989107}}
{"target": 134.63330421062207, "params": {"ext_i_mean": 97.0, "inj_i_mean": 119.17683177272994, "mid_i_mean": 97.0}, "datetime": {"datetime": "2023-02-17 02:13:31", "elapsed": 21.563621, "delta": 0.696446}}
{"target": 132.6071947737011, "params": {"ext_i_mean": 97.93052296346461, "inj_i_mean": 119.82610290363114, "mid_i_mean": 97.23146135105921}, "datetime": {"datetime": "2023-02-17 02:13:32", "elapsed": 22.227722, "delta": 0.664101}}
{"target": 128.2953990009098, "params": {"ext_i_mean": 97.052145084826, "inj_i_mean": 126.74108222481517, "mid_i_mean": 97.17819367860575}, "datetime": {"datetime": "2023-02-17 02:13:33", "elapsed": 23.017129, "delta": 0.789407}}
{"target": 137.422867094972, "params": {"ext_i_mean": 97.0, "inj_i_mean": 128.0, "mid_i_mean": 104.02511333644294}, "datetime": {"datetime": "2023-02-17 02:13:34", "elapsed": 23.655633, "delta": 0.638504}}
{"target": 138.91734176809985, "params": {"ext_i_mean": 97.0, "inj_i_mean": 128.0, "mid_i_mean": 105.06580902754523}, "datetime": {"datetime": "2023-02-17 02:13:34", "elapsed": 24.296887, "delta": 0.641254}}
{"target": 140.45368796766408, "params": {"ext_i_mean": 97.0, "inj_i_mean": 128.0, "mid_i_mean": 106.10650478542519}, "datetime": {"datetime": "2023-02-17 02:13:35", "elapsed": 24.931836, "delta": 0.634949}}
{"target": 141.37227119538778, "params": {"ext_i_mean": 97.0, "inj_i_mean": 128.0, "mid_i_mean": 107.14720049691348}, "datetime": {"datetime": "2023-02-17 02:13:36", "elapsed": 25.673541, "delta": 0.741705}}
{"target": 140.55987086128184, "params": {"ext_i_mean": 97.45315762045651, "inj_i_mean": 127.81351937611795, "mid_i_mean": 107.80641880314157}, "datetime": {"datetime": "2023-02-17 02:13:36", "elapsed": 26.251928, "delta": 0.578387}}
{"target": 139.9542898749135, "params": {"ext_i_mean": 97.83166124224594, "inj_i_mean": 127.95435289529777, "mid_i_mean": 107.96092978159795}, "datetime": {"datetime": "2023-02-17 02:13:37", "elapsed": 26.820057, "delta": 0.568129}}
