{"target": 114.07683965570773, "params": {"ext_i_mean": 108.60770950524325, "inj_i_mean": 121.79021520747577, "mid_i_mean": 101.08991913456518}, "datetime": {"datetime": "2023-02-17 02:19:07", "elapsed": 0.0, "delta": 0.0}}
{"target": 121.55589738942236, "params": {"ext_i_mean": 108.84810600323573, "inj_i_mean": 119.11442389720428, "mid_i_mean": 102.18099034611976}, "datetime": {"datetime": "2023-02-17 02:19:07", "elapsed": 0.000577, "delta": 0.000577}}
{"target": 116.31551790672255, "params": {"ext_i_mean": 105.19581237835078, "inj_i_mean": 121.91002188663968, "mid_i_mean": 98.87404186708459}, "datetime": {"datetime": "2023-02-17 02:19:07", "elapsed": 0.001036, "delta": 0.000459}}
{"target": 126.43317620392011, "params": {"ext_i_mean": 102.01064556226675, "inj_i_mean": 118.22400770080294, "mid_i_mean": 97.78454348318334}, "datetime": {"datetime": "2023-02-17 02:19:07", "elapsed": 0.001488, "delta": 0.000452}}
{"target": 69.52754294414842, "params": {"ext_i_mean": 106.95761605451798, "inj_i_mean": 126.00531195270914, "mid_i_mean": 97.44599458259044}, "datetime": {"datetime": "2023-02-17 02:19:07", "elapsed": 0.001935, "delta": 0.000447}}
{"target": 129.22980853574444, "params": {"ext_i_mean": 104.37936920669962, "inj_i_mean": 117.85483233756595, "mid_i_mean": 100.51848058093222}, "datetime": {"datetime": "2023-02-17 02:19:07", "elapsed": 0.219476, "delta": 0.217541}}
{"target": 130.6791165007266, "params": {"ext_i_mean": 101.2103444208876, "inj_i_mean": 118.18883108183866, "mid_i_mean": 103.17017105607023}, "datetime": {"datetime": "2023-02-17 02:19:07", "elapsed": 0.439275, "delta": 0.219799}}
{"target": 122.20267071368465, "params": {"ext_i_mean": 104.03701378135604, "inj_i_mean": 116.0, "mid_i_mean": 106.245357077894}, "datetime": {"datetime": "2023-02-17 02:19:07", "elapsed": 0.684522, "delta": 0.245247}}
{"target": 127.56859809668046, "params": {"ext_i_mean": 97.22923374575025, "inj_i_mean": 116.0, "mid_i_mean": 101.06176235645009}, "datetime": {"datetime": "2023-02-17 02:19:07", "elapsed": 0.902053, "delta": 0.217531}}
{"target": 127.06813957420263, "params": {"ext_i_mean": 97.0, "inj_i_mean": 120.70599541232045, "mid_i_mean": 106.03668152817023}, "datetime": {"datetime": "2023-02-17 02:19:08", "elapsed": 1.080386, "delta": 0.178333}}
{"target": 103.39022313696, "params": {"ext_i_mean": 97.0, "inj_i_mean": 116.0, "mid_i_mean": 110.0}, "datetime": {"datetime": "2023-02-17 02:19:08", "elapsed": 1.212816, "delta": 0.13243}}
{"target": 134.19716279027915, "params": {"ext_i_mean": 97.91968016830255, "inj_i_mean": 120.57257897478705, "mid_i_mean": 101.3344411079955}, "datetime": {"datetime": "2023-02-17 02:19:08", "elapsed": 1.47265, "delta": 0.259834}}
{"target": 136.49185265356775, "params": {"ext_i_mean": 97.0, "inj_i_mean": 123.93353289080167, "mid_i_mean": 102.6165842103495}, "datetime": {"datetime": "2023-02-17 02:19:08", "elapsed": 1.672828, "delta": 0.200178}}
{"target": 140.86702831199955, "params": {"ext_i_mean": 97.0, "inj_i_mean": 127.91905709300298, "mid_i_mean": 106.51077130786278}, "datetime": {"datetime": "2023-02-17 02:19:08", "elapsed": 1.869652, "delta": 0.196824}}
{"target": 139.4627525811671, "params": {"ext_i_mean": 97.0, "inj_i_mean": 128.0, "mid_i_mean": 110.0}, "datetime": {"datetime": "2023-02-17 02:19:09", "elapsed": 2.051649, "delta": 0.181997}}
{"target": 134.26170813941948, "params": {"ext_i_mean": 101.00908678933986, "inj_i_mean": 128.0, "mid_i_mean": 110.0}, "datetime": {"datetime": "2023-02-17 02:19:09", "elapsed": 2.263118, "delta": 0.211469}}
{"target": 140.85358765927836, "params": {"ext_i_mean": 97.0, "inj_i_mean": 128.0, "mid_i_mean": 106.73029600217471}, "datetime": {"datetime": "2023-02-17 02:19:09", "elapsed": 2.438532, "delta": 0.175414}}
{"target": 140.8545946261843, "params": {"ext_i_mean": 97.01380382073125, "inj_i_mean": 126.21778760089305, "mid_i_mean": 106.8542815640526}, "datetime": {"datetime": "2023-02-17 02:19:09", "elapsed": 2.663712, "delta": 0.22518}}
{"target": 138.54733626479015, "params": {"ext_i_mean": 97.0, "inj_i_mean": 128.0, "mid_i_mean": 104.87416283105168}, "datetime": {"datetime": "2023-02-17 02:19:09", "elapsed": 2.838242, "delta": 0.17453}}
{"target": 141.47688938118705, "params": {"ext_i_mean": 97.0, "inj_i_mean": 128.0, "mid_i_mean": 108.20855817433309}, "datetime": {"datetime": "2023-02-17 02:19:10", "elapsed": 3.019426, "delta": 0.181184}}
{"target": 141.41978640105995, "params": {"ext_i_mean": 97.0, "inj_i_mean": 128.0, "mid_i_mean": 108.3214169471992}, "datetime": {"datetime": "2023-02-17 02:19:10", "elapsed": 3.242199, "delta": 0.222773}}
{"target": 139.43295362917593, "params": {"ext_i_mean": 97.0, "inj_i_mean": 128.0, "mid_i_mean": 110.0}, "datetime": {"datetime": "2023-02-17 02:19:10", "elapsed": 3.460571, "delta": 0.218372}}
{"target": 141.39884764297025, "params": {"ext_i_mean": 97.0, "inj_i_mean": 128.0, "mid_i_mean": 107.40920473121999}, "datetime": {"datetime": "2023-02-17 02:19:10", "elapsed": 3.630218, "delta": 0.169647}}
{"target": 113.29518361655711, "params": {"ext_i_mean": 110.0, "inj_i_mean": 128.0, "mid_i_mean": 110.0}, "datetime": {"datetime": "2023-02-17 02:19:10", "elapsed": 3.848687, "delta": 0.218469}}
{"target": 140.7340777240466, "params": {"ext_i_mean": 97.0, "inj_i_mean": 126.29061019521897, "mid_i_mean": 107.3977821112721}, "datetime": {"datetime": "2023-02-17 02:19:11", "elapsed": 4.051906, "delta": 0.203219}}
{"target": 141.48987209427844, "params": {"ext_i_mean": 97.0, "inj_i_mean": 128.0, "mid_i_mean": 107.50745470937753}, "datetime": {"datetime": "2023-02-17 02:19:11", "elapsed": 4.255244, "delta": 0.203338}}
{"target": 141.35286529980155, "params": {"ext_i_mean": 97.0, "inj_i_mean": 128.0, "mid_i_mean": 107.529975283104}, "datetime": {"datetime": "2023-02-17 02:19:11", "elapsed": 4.418526, "delta": 0.163282}}
{"target": 141.3127709531338, "params": {"ext_i_mean": 97.0, "inj_i_mean": 128.0, "mid_i_mean": 107.56406694960805}, "datetime": {"datetime": "2023-02-17 02:19:11", "elapsed": 4.610687, "delta": 0.192161}}
{"target": 141.64501467036985, "params": {"ext_i_mean": 97.0, "inj_i_mean": 128.0, "mid_i_mean": 107.62808027411694}, "datetime": {"datetime": "2023-02-17 02:19:11", "elapsed": 4.755212, "delta": 0.144525}}
{"target": 140.8387908532655, "params": {"ext_i_mean": 97.0, "inj_i_mean": 126.21521701114337, "mid_i_mean": 106.5629027145896}, "datetime": {"datetime": "2023-02-17 02:19:12", "elapsed": 4.943327, "delta": 0.188115}}
{"target": 139.34789667621806, "params": {"ext_i_mean": 97.0, "inj_i_mean": 128.0, "mid_i_mean": 110.0}, "datetime": {"datetime": "2023-02-17 02:19:12", "elapsed": 5.141896, "delta": 0.198569}}
{"target": 140.6661958646043, "params": {"ext_i_mean": 97.0, "inj_i_mean": 128.0, "mid_i_mean": 106.30105170320236}, "datetime": {"datetime": "2023-02-17 02:19:12", "elapsed": 5.321857, "delta": 0.179961}}
{"target": 140.6992661153044, "params": {"ext_i_mean": 97.0, "inj_i_mean": 126.36908872835853, "mid_i_mean": 107.98041078805548}, "datetime": {"datetime": "2023-02-17 02:19:12", "elapsed": 5.54984, "delta": 0.227983}}
{"target": 141.33844256021288, "params": {"ext_i_mean": 97.0, "inj_i_mean": 128.0, "mid_i_mean": 107.56033997876332}, "datetime": {"datetime": "2023-02-17 02:19:12", "elapsed": 5.763131, "delta": 0.213291}}
{"target": 115.63637645732554, "params": {"ext_i_mean": 110.0, "inj_i_mean": 116.0, "mid_i_mean": 110.0}, "datetime": {"datetime": "2023-02-17 02:19:13", "elapsed": 5.949143, "delta": 0.186012}}
