{"target": 117.77741658904138, "params": {"ext_i_mean": 109.8335824768677, "inj_i_mean": 118.5603254193544, "mid_i_mean": 102.93022113331676}, "datetime": {"datetime": "2023-02-17 02:14:18", "elapsed": 0.0, "delta": 0.0}}
{"target": 126.1583426928848, "params": {"ext_i_mean": 108.88337010409526, "inj_i_mean": 119.95008771221026, "mid_i_mean": 104.80705337546362}, "datetime": {"datetime": "2023-02-17 02:14:18", "elapsed": 0.000861, "delta": 0.000861}}
{"target": 134.49500755771896, "params": {"ext_i_mean": 97.26372498167778, "inj_i_mean": 119.17655998949225, "mid_i_mean": 102.18242718424406}, "datetime": {"datetime": "2023-02-17 02:14:18", "elapsed": 0.001356, "delta": 0.000495}}
{"target": 88.49442653759436, "params": {"ext_i_mean": 107.50094574225852, "inj_i_mean": 125.25057774258869, "mid_i_mean": 99.8425505059396}, "datetime": {"datetime": "2023-02-17 02:14:18", "elapsed": 0.001845, "delta": 0.000489}}
{"target": 115.89739611194307, "params": {"ext_i_mean": 105.41608685800152, "inj_i_mean": 119.54646520516741, "mid_i_mean": 97.39536805398708}, "datetime": {"datetime": "2023-02-17 02:14:18", "elapsed": 0.002329, "delta": 0.000484}}
{"target": 130.95150170681626, "params": {"ext_i_mean": 98.19391768028856, "inj_i_mean": 117.75026123947778, "mid_i_mean": 103.35559448766688}, "datetime": {"datetime": "2023-02-17 02:14:18", "elapsed": 0.385336, "delta": 0.383007}}
{"target": 132.32817012928302, "params": {"ext_i_mean": 97.0, "inj_i_mean": 117.2971538253528, "mid_i_mean": 99.46891858323372}, "datetime": {"datetime": "2023-02-17 02:14:19", "elapsed": 0.694108, "delta": 0.308772}}
{"target": 116.44051009768913, "params": {"ext_i_mean": 104.99390486668372, "inj_i_mean": 117.12097617259654, "mid_i_mean": 109.5770488564756}, "datetime": {"datetime": "2023-02-17 02:14:19", "elapsed": 0.919093, "delta": 0.224985}}
{"target": 133.75809184608758, "params": {"ext_i_mean": 97.0, "inj_i_mean": 120.99962799813703, "mid_i_mean": 99.74070304933663}, "datetime": {"datetime": "2023-02-17 02:14:19", "elapsed": 1.152432, "delta": 0.233339}}
{"target": 134.44632242195394, "params": {"ext_i_mean": 97.0, "inj_i_mean": 122.44910536397445, "mid_i_mean": 104.16715777587753}, "datetime": {"datetime": "2023-02-17 02:14:19", "elapsed": 1.379942, "delta": 0.22751}}
{"target": 135.38506939340982, "params": {"ext_i_mean": 97.0, "inj_i_mean": 124.79849464772646, "mid_i_mean": 109.34080391282018}, "datetime": {"datetime": "2023-02-17 02:14:19", "elapsed": 1.583737, "delta": 0.203795}}
{"target": 141.29303396568565, "params": {"ext_i_mean": 97.0, "inj_i_mean": 128.0, "mid_i_mean": 107.27888953946298}, "datetime": {"datetime": "2023-02-17 02:14:20", "elapsed": 1.772257, "delta": 0.18852}}
{"target": 139.34530939802627, "params": {"ext_i_mean": 97.0, "inj_i_mean": 128.0, "mid_i_mean": 110.0}, "datetime": {"datetime": "2023-02-17 02:14:20", "elapsed": 1.955463, "delta": 0.183206}}
{"target": 138.6871910846662, "params": {"ext_i_mean": 97.0, "inj_i_mean": 128.0, "mid_i_mean": 104.84791499360709}, "datetime": {"datetime": "2023-02-17 02:14:20", "elapsed": 2.150103, "delta": 0.19464}}
{"target": 135.025921727473, "params": {"ext_i_mean": 100.64866532800163, "inj_i_mean": 128.0, "mid_i_mean": 110.0}, "datetime": {"datetime": "2023-02-17 02:14:20", "elapsed": 2.30792, "delta": 0.157817}}
{"target": 141.36549149975266, "params": {"ext_i_mean": 97.0, "inj_i_mean": 128.0, "mid_i_mean": 107.6659407962841}, "datetime": {"datetime": "2023-02-17 02:14:20", "elapsed": 2.510511, "delta": 0.202591}}
{"target": 141.31036282909795, "params": {"ext_i_mean": 97.0, "inj_i_mean": 128.0, "mid_i_mean": 107.71826585987183}, "datetime": {"datetime": "2023-02-17 02:14:21", "elapsed": 2.694398, "delta": 0.183887}}
{"target": 126.55700195890361, "params": {"ext_i_mean": 97.0, "inj_i_mean": 128.0, "mid_i_mean": 97.0}, "datetime": {"datetime": "2023-02-17 02:14:21", "elapsed": 2.899989, "delta": 0.205591}}
{"target": 139.27210595905512, "params": {"ext_i_mean": 97.0, "inj_i_mean": 128.0, "mid_i_mean": 110.0}, "datetime": {"datetime": "2023-02-17 02:14:21", "elapsed": 3.075323, "delta": 0.175334}}
{"target": 141.3689151224699, "params": {"ext_i_mean": 97.0, "inj_i_mean": 128.0, "mid_i_mean": 107.1824349477196}, "datetime": {"datetime": "2023-02-17 02:14:21", "elapsed": 3.2581, "delta": 0.182777}}
{"target": 141.39109415045428, "params": {"ext_i_mean": 97.0, "inj_i_mean": 128.0, "mid_i_mean": 107.263768439738}, "datetime": {"datetime": "2023-02-17 02:14:21", "elapsed": 3.481754, "delta": 0.223654}}
{"target": 141.37566749227585, "params": {"ext_i_mean": 97.0, "inj_i_mean": 128.0, "mid_i_mean": 107.33920714074507}, "datetime": {"datetime": "2023-02-17 02:14:22", "elapsed": 3.710387, "delta": 0.228633}}
{"target": 141.41317270175645, "params": {"ext_i_mean": 97.0, "inj_i_mean": 128.0, "mid_i_mean": 107.45443456655346}, "datetime": {"datetime": "2023-02-17 02:14:22", "elapsed": 3.949044, "delta": 0.238657}}
{"target": 141.45142527283815, "params": {"ext_i_mean": 97.0, "inj_i_mean": 128.0, "mid_i_mean": 107.61125523318579}, "datetime": {"datetime": "2023-02-17 02:14:22", "elapsed": 4.166685, "delta": 0.217641}}
{"target": 140.946815277916, "params": {"ext_i_mean": 97.0, "inj_i_mean": 128.0, "mid_i_mean": 106.68249248238752}, "datetime": {"datetime": "2023-02-17 02:14:22", "elapsed": 4.323902, "delta": 0.157217}}
{"target": 141.42239854243792, "params": {"ext_i_mean": 97.0, "inj_i_mean": 128.0, "mid_i_mean": 108.3465057287149}, "datetime": {"datetime": "2023-02-17 02:14:22", "elapsed": 4.521645, "delta": 0.197743}}
{"target": 139.3501787481459, "params": {"ext_i_mean": 97.0, "inj_i_mean": 128.0, "mid_i_mean": 110.0}, "datetime": {"datetime": "2023-02-17 02:14:23", "elapsed": 4.675869, "delta": 0.154224}}
{"target": 141.0443582428499, "params": {"ext_i_mean": 97.0, "inj_i_mean": 128.0, "mid_i_mean": 106.95590445324788}, "datetime": {"datetime": "2023-02-17 02:14:23", "elapsed": 4.863146, "delta": 0.187277}}
{"target": 113.48588548185738, "params": {"ext_i_mean": 110.0, "inj_i_mean": 128.0, "mid_i_mean": 110.0}, "datetime": {"datetime": "2023-02-17 02:14:23", "elapsed": 5.041157, "delta": 0.178011}}
{"target": 139.54337118378822, "params": {"ext_i_mean": 97.0, "inj_i_mean": 128.0, "mid_i_mean": 110.0}, "datetime": {"datetime": "2023-02-17 02:14:23", "elapsed": 5.23066, "delta": 0.189503}}
{"target": 141.0762166027547, "params": {"ext_i_mean": 97.06864512055999, "inj_i_mean": 127.911555374838, "mid_i_mean": 107.12218324362811}, "datetime": {"datetime": "2023-02-17 02:14:23", "elapsed": 5.372679, "delta": 0.142019}}
{"target": 103.58029591902297, "params": {"ext_i_mean": 97.0, "inj_i_mean": 116.0, "mid_i_mean": 110.0}, "datetime": {"datetime": "2023-02-17 02:14:23", "elapsed": 5.515868, "delta": 0.143189}}
{"target": 141.53231005147876, "params": {"ext_i_mean": 97.0, "inj_i_mean": 128.0, "mid_i_mean": 107.58687910438039}, "datetime": {"datetime": "2023-02-17 02:14:24", "elapsed": 5.72632, "delta": 0.210452}}
{"target": 140.69511683999767, "params": {"ext_i_mean": 97.0, "inj_i_mean": 126.44297784467588, "mid_i_mean": 106.36640889985577}, "datetime": {"datetime": "2023-02-17 02:14:24", "elapsed": 5.912581, "delta": 0.186261}}
{"target": 140.45917631642834, "params": {"ext_i_mean": 97.0, "inj_i_mean": 128.0, "mid_i_mean": 106.21619958736208}, "datetime": {"datetime": "2023-02-17 02:14:24", "elapsed": 6.12085, "delta": 0.208269}}
