{"target": 125.01755737822982, "params": {"ext_i_mean": 107.08679196572461, "inj_i_mean": 120.96773070716065, "mid_i_mean": 108.72505224199625}, "datetime": {"datetime": "2023-02-17 02:19:14", "elapsed": 0.0, "delta": 0.0}}
{"target": 82.29317596845813, "params": {"ext_i_mean": 108.38194128787512, "inj_i_mean": 125.39678906158275, "mid_i_mean": 99.76266601089634}, "datetime": {"datetime": "2023-02-17 02:19:14", "elapsed": 0.000867, "delta": 0.000867}}
{"target": 130.24854319139286, "params": {"ext_i_mean": 106.02547424109584, "inj_i_mean": 118.81728497431688, "mid_i_mean": 101.99489911088718}, "datetime": {"datetime": "2023-02-17 02:19:14", "elapsed": 0.001367, "delta": 0.0005}}
{"target": 106.34010250592658, "params": {"ext_i_mean": 103.70618434552172, "inj_i_mean": 127.11212715034911, "mid_i_mean": 98.93719630754055}, "datetime": {"datetime": "2023-02-17 02:19:14", "elapsed": 0.001861, "delta": 0.000494}}
{"target": 118.3641974540318, "params": {"ext_i_mean": 107.38713192985854, "inj_i_mean": 118.27893432147528, "mid_i_mean": 99.57641607946346}, "datetime": {"datetime": "2023-02-17 02:19:14", "elapsed": 0.002351, "delta": 0.00049}}
{"target": 130.22472239072994, "params": {"ext_i_mean": 105.95106270468068, "inj_i_mean": 118.31228114605747, "mid_i_mean": 104.69112111824955}, "datetime": {"datetime": "2023-02-17 02:19:14", "elapsed": 0.276148, "delta": 0.273797}}
{"target": 128.21454587876673, "params": {"ext_i_mean": 103.38635555964224, "inj_i_mean": 116.56545698858581, "mid_i_mean": 103.2893958657978}, "datetime": {"datetime": "2023-02-17 02:19:14", "elapsed": 0.596503, "delta": 0.320355}}
{"target": 123.381468748239, "params": {"ext_i_mean": 107.74967327153554, "inj_i_mean": 116.0, "mid_i_mean": 105.54357289064568}, "datetime": {"datetime": "2023-02-17 02:19:15", "elapsed": 0.864681, "delta": 0.268178}}
{"target": 127.33391843720116, "params": {"ext_i_mean": 101.8176043168911, "inj_i_mean": 119.48634116927165, "mid_i_mean": 106.58374991301436}, "datetime": {"datetime": "2023-02-17 02:19:15", "elapsed": 1.107014, "delta": 0.242333}}
{"target": 132.18577371765014, "params": {"ext_i_mean": 97.18054448011749, "inj_i_mean": 117.73860763097531, "mid_i_mean": 100.99017498930304}, "datetime": {"datetime": "2023-02-17 02:19:15", "elapsed": 1.305439, "delta": 0.198425}}
{"target": 132.12298596892174, "params": {"ext_i_mean": 97.0, "inj_i_mean": 116.0, "mid_i_mean": 97.0}, "datetime": {"datetime": "2023-02-17 02:19:15", "elapsed": 1.469638, "delta": 0.164199}}
{"target": 123.89087265362893, "params": {"ext_i_mean": 100.10297949375183, "inj_i_mean": 116.0, "mid_i_mean": 99.11531468031433}, "datetime": {"datetime": "2023-02-17 02:19:15", "elapsed": 1.66262, "delta": 0.192982}}
{"target": 133.72328223276983, "params": {"ext_i_mean": 97.04178343534309, "inj_i_mean": 120.70580620707473, "mid_i_mean": 97.32062168231869}, "datetime": {"datetime": "2023-02-17 02:19:16", "elapsed": 1.934109, "delta": 0.271489}}
{"target": 135.01168657065, "params": {"ext_i_mean": 97.0, "inj_i_mean": 122.01118272702607, "mid_i_mean": 101.88848759755821}, "datetime": {"datetime": "2023-02-17 02:19:16", "elapsed": 2.099371, "delta": 0.165262}}
{"target": 137.2509704846312, "params": {"ext_i_mean": 97.0, "inj_i_mean": 125.55448494331343, "mid_i_mean": 109.65140442505745}, "datetime": {"datetime": "2023-02-17 02:19:16", "elapsed": 2.319652, "delta": 0.220281}}
{"target": 140.9382775960033, "params": {"ext_i_mean": 97.0, "inj_i_mean": 128.0, "mid_i_mean": 106.76009658385259}, "datetime": {"datetime": "2023-02-17 02:19:16", "elapsed": 2.500678, "delta": 0.181026}}
{"target": 139.2760635234578, "params": {"ext_i_mean": 97.0, "inj_i_mean": 128.0, "mid_i_mean": 110.0}, "datetime": {"datetime": "2023-02-17 02:19:16", "elapsed": 2.659467, "delta": 0.158789}}
{"target": 139.19930039120348, "params": {"ext_i_mean": 97.0, "inj_i_mean": 128.0, "mid_i_mean": 105.10723895788446}, "datetime": {"datetime": "2023-02-17 02:19:17", "elapsed": 2.869249, "delta": 0.209782}}
{"target": 137.88498286627896, "params": {"ext_i_mean": 97.11924176145328, "inj_i_mean": 124.81076183856993, "mid_i_mean": 106.67662774382619}, "datetime": {"datetime": "2023-02-17 02:19:17", "elapsed": 3.043938, "delta": 0.174689}}
{"target": 103.58995149005392, "params": {"ext_i_mean": 97.0, "inj_i_mean": 116.0, "mid_i_mean": 110.0}, "datetime": {"datetime": "2023-02-17 02:19:17", "elapsed": 3.220589, "delta": 0.176651}}
{"target": 135.6397700667982, "params": {"ext_i_mean": 100.29317108604518, "inj_i_mean": 128.0, "mid_i_mean": 110.0}, "datetime": {"datetime": "2023-02-17 02:19:17", "elapsed": 3.425285, "delta": 0.204696}}
{"target": 141.4612235674856, "params": {"ext_i_mean": 97.0, "inj_i_mean": 128.0, "mid_i_mean": 107.6655385176725}, "datetime": {"datetime": "2023-02-17 02:19:17", "elapsed": 3.601885, "delta": 0.1766}}
{"target": 141.45996187782006, "params": {"ext_i_mean": 97.0, "inj_i_mean": 128.0, "mid_i_mean": 107.67124321403679}, "datetime": {"datetime": "2023-02-17 02:19:18", "elapsed": 3.820467, "delta": 0.218582}}
{"target": 141.4583298343764, "params": {"ext_i_mean": 97.0, "inj_i_mean": 128.0, "mid_i_mean": 107.65403964600719}, "datetime": {"datetime": "2023-02-17 02:19:18", "elapsed": 3.996773, "delta": 0.176306}}
{"target": 141.43209169269593, "params": {"ext_i_mean": 97.0, "inj_i_mean": 128.0, "mid_i_mean": 107.6353671777524}, "datetime": {"datetime": "2023-02-17 02:19:18", "elapsed": 4.22321, "delta": 0.226437}}
{"target": 135.58998960737347, "params": {"ext_i_mean": 97.0, "inj_i_mean": 128.0, "mid_i_mean": 103.0156127932826}, "datetime": {"datetime": "2023-02-17 02:19:18", "elapsed": 4.466533, "delta": 0.243323}}
{"target": 139.35017875024138, "params": {"ext_i_mean": 97.0, "inj_i_mean": 128.0, "mid_i_mean": 110.0}, "datetime": {"datetime": "2023-02-17 02:19:18", "elapsed": 4.737908, "delta": 0.271375}}
{"target": 141.28844126485018, "params": {"ext_i_mean": 97.0, "inj_i_mean": 128.0, "mid_i_mean": 107.46768844474776}, "datetime": {"datetime": "2023-02-17 02:19:19", "elapsed": 4.959532, "delta": 0.221624}}
{"target": 140.98168407640856, "params": {"ext_i_mean": 97.22254525028575, "inj_i_mean": 127.9207739818477, "mid_i_mean": 106.98434539973096}, "datetime": {"datetime": "2023-02-17 02:19:19", "elapsed": 5.133583, "delta": 0.174051}}
{"target": 141.57854490609822, "params": {"ext_i_mean": 97.0, "inj_i_mean": 128.0, "mid_i_mean": 107.72805159666856}, "datetime": {"datetime": "2023-02-17 02:19:19", "elapsed": 5.243671, "delta": 0.110088}}
{"target": 141.38464249210517, "params": {"ext_i_mean": 97.0, "inj_i_mean": 128.0, "mid_i_mean": 107.7484028634138}, "datetime": {"datetime": "2023-02-17 02:19:19", "elapsed": 5.432941, "delta": 0.18927}}
{"target": 141.52153698592585, "params": {"ext_i_mean": 97.0, "inj_i_mean": 128.0, "mid_i_mean": 107.73162912572755}, "datetime": {"datetime": "2023-02-17 02:19:19", "elapsed": 5.629172, "delta": 0.196231}}
{"target": 141.54942434710296, "params": {"ext_i_mean": 97.0, "inj_i_mean": 128.0, "mid_i_mean": 107.69844244266879}, "datetime": {"datetime": "2023-02-17 02:19:20", "elapsed": 5.814591, "delta": 0.185419}}
{"target": 141.2171762307847, "params": {"ext_i_mean": 97.0, "inj_i_mean": 128.0, "mid_i_mean": 107.21353136755219}, "datetime": {"datetime": "2023-02-17 02:19:20", "elapsed": 6.039176, "delta": 0.224585}}
{"target": 141.1712913154991, "params": {"ext_i_mean": 97.0, "inj_i_mean": 128.0, "mid_i_mean": 108.58409220464382}, "datetime": {"datetime": "2023-02-17 02:19:20", "elapsed": 6.268679, "delta": 0.229503}}
