{"target": 134.63715938113177, "params": {"ext_i_mean": 100.09803123861215, "inj_i_mean": 127.40231017626026, "mid_i_mean": 106.9258748863468}, "datetime": {"datetime": "2023-02-17 02:22:15", "elapsed": 0.0, "delta": 0.0}}
{"target": 128.3427227566719, "params": {"ext_i_mean": 102.8589678621133, "inj_i_mean": 117.35738219932576, "mid_i_mean": 104.37285905623027}, "datetime": {"datetime": "2023-02-17 02:22:15", "elapsed": 0.000578, "delta": 0.000578}}
{"target": 126.98310937049699, "params": {"ext_i_mean": 107.00140195463153, "inj_i_mean": 122.12769659363077, "mid_i_mean": 107.95938768600281}, "datetime": {"datetime": "2023-02-17 02:22:15", "elapsed": 0.001037, "delta": 0.000459}}
{"target": 128.5175718595838, "params": {"ext_i_mean": 104.07668702049834, "inj_i_mean": 119.2046071517095, "mid_i_mean": 99.8080890323026}, "datetime": {"datetime": "2023-02-17 02:22:15", "elapsed": 0.001477, "delta": 0.00044}}
{"target": 103.62696416707547, "params": {"ext_i_mean": 106.97750063581869, "inj_i_mean": 122.12403563905131, "mid_i_mean": 98.39221984548597}, "datetime": {"datetime": "2023-02-17 02:22:15", "elapsed": 0.001912, "delta": 0.000435}}
{"target": 94.85054007937758, "params": {"ext_i_mean": 106.76720337058846, "inj_i_mean": 122.72110934465023, "mid_i_mean": 97.0}, "datetime": {"datetime": "2023-02-17 02:22:16", "elapsed": 0.848608, "delta": 0.846696}}
{"target": 123.64495159494567, "params": {"ext_i_mean": 102.4866769366837, "inj_i_mean": 116.0, "mid_i_mean": 98.04069674516127}, "datetime": {"datetime": "2023-02-17 02:22:18", "elapsed": 2.906137, "delta": 2.057529}}
{"target": 130.87359215112696, "params": {"ext_i_mean": 98.18830842927795, "inj_i_mean": 117.57984736609994, "mid_i_mean": 99.07929071741499}, "datetime": {"datetime": "2023-02-17 02:22:20", "elapsed": 5.080886, "delta": 2.174749}}
{"target": 131.51949509077483, "params": {"ext_i_mean": 99.10745618096647, "inj_i_mean": 119.18146535748795, "mid_i_mean": 100.14162253261907}, "datetime": {"datetime": "2023-02-17 02:22:22", "elapsed": 6.363085, "delta": 1.282199}}
{"target": 134.77353655494835, "params": {"ext_i_mean": 97.0, "inj_i_mean": 120.75354699442187, "mid_i_mean": 101.18213719361655}, "datetime": {"datetime": "2023-02-17 02:22:23", "elapsed": 7.90293, "delta": 1.539845}}
{"target": 135.0671544634704, "params": {"ext_i_mean": 97.0, "inj_i_mean": 122.32562862965656, "mid_i_mean": 102.22283280572387}, "datetime": {"datetime": "2023-02-17 02:22:25", "elapsed": 9.714647, "delta": 1.811717}}
{"target": 137.12543990724652, "params": {"ext_i_mean": 97.0, "inj_i_mean": 123.89746349134779, "mid_i_mean": 103.26352852290022}, "datetime": {"datetime": "2023-02-17 02:22:27", "elapsed": 11.486454, "delta": 1.771807}}
{"target": 132.91745119507524, "params": {"ext_i_mean": 97.0, "inj_i_mean": 120.45087965317886, "mid_i_mean": 104.30422424125616}, "datetime": {"datetime": "2023-02-17 02:22:29", "elapsed": 13.111601, "delta": 1.625147}}
{"target": 131.18780871707577, "params": {"ext_i_mean": 97.0, "inj_i_mean": 122.02294642694804, "mid_i_mean": 105.34491997810638}, "datetime": {"datetime": "2023-02-17 02:22:30", "elapsed": 14.896534, "delta": 1.784933}}
{"target": 133.34615303616792, "params": {"ext_i_mean": 97.0, "inj_i_mean": 123.59502806912819, "mid_i_mean": 100.04589366607637}, "datetime": {"datetime": "2023-02-17 02:22:32", "elapsed": 16.350965, "delta": 1.454431}}
{"target": 134.69376834631052, "params": {"ext_i_mean": 97.0, "inj_i_mean": 125.93781087259158, "mid_i_mean": 101.65114676060723}, "datetime": {"datetime": "2023-02-17 02:22:33", "elapsed": 17.519432, "delta": 1.168467}}
{"target": 135.46124847253546, "params": {"ext_i_mean": 97.0, "inj_i_mean": 127.5098918900669, "mid_i_mean": 102.69184248094085}, "datetime": {"datetime": "2023-02-17 02:22:34", "elapsed": 19.008261, "delta": 1.488829}}
{"target": 136.93899408967675, "params": {"ext_i_mean": 97.0, "inj_i_mean": 128.0, "mid_i_mean": 103.73253819662457}, "datetime": {"datetime": "2023-02-17 02:22:36", "elapsed": 20.283512, "delta": 1.275251}}
{"target": 138.08988320529193, "params": {"ext_i_mean": 97.50574725002826, "inj_i_mean": 126.80389110228438, "mid_i_mean": 104.73600804501477}, "datetime": {"datetime": "2023-02-17 02:22:37", "elapsed": 21.696248, "delta": 1.412736}}
{"target": 140.0634306387529, "params": {"ext_i_mean": 97.0, "inj_i_mean": 128.0, "mid_i_mean": 105.7767037681561}, "datetime": {"datetime": "2023-02-17 02:22:38", "elapsed": 22.885542, "delta": 1.189294}}
{"target": 141.12450730867172, "params": {"ext_i_mean": 97.0, "inj_i_mean": 128.0, "mid_i_mean": 106.81739948780235}, "datetime": {"datetime": "2023-02-17 02:22:39", "elapsed": 23.941109, "delta": 1.055567}}
{"target": 141.47239661717208, "params": {"ext_i_mean": 97.0, "inj_i_mean": 128.0, "mid_i_mean": 107.85809520982556}, "datetime": {"datetime": "2023-02-17 02:22:40", "elapsed": 25.008992, "delta": 1.067883}}
{"target": 140.98679274032915, "params": {"ext_i_mean": 97.0, "inj_i_mean": 128.0, "mid_i_mean": 108.89879093038793}, "datetime": {"datetime": "2023-02-17 02:22:41", "elapsed": 25.883865, "delta": 0.874873}}
{"target": 139.4856507280906, "params": {"ext_i_mean": 97.27153764136183, "inj_i_mean": 127.6309397149208, "mid_i_mean": 109.75670044943426}, "datetime": {"datetime": "2023-02-17 02:22:42", "elapsed": 26.537395, "delta": 0.65353}}
{"target": 139.40826629265266, "params": {"ext_i_mean": 97.0, "inj_i_mean": 128.0, "mid_i_mean": 110.0}, "datetime": {"datetime": "2023-02-17 02:22:43", "elapsed": 27.251305, "delta": 0.71391}}
{"target": 132.7610710758364, "params": {"ext_i_mean": 97.2182602471514, "inj_i_mean": 124.20727246997227, "mid_i_mean": 109.548827456242}, "datetime": {"datetime": "2023-02-17 02:22:43", "elapsed": 27.923636, "delta": 0.672331}}
{"target": 103.44441188779682, "params": {"ext_i_mean": 97.0, "inj_i_mean": 116.0, "mid_i_mean": 110.0}, "datetime": {"datetime": "2023-02-17 02:22:44", "elapsed": 28.710345, "delta": 0.786709}}
{"target": 127.89016611253572, "params": {"ext_i_mean": 103.93763854263808, "inj_i_mean": 127.91249897109853, "mid_i_mean": 109.93858245496129}, "datetime": {"datetime": "2023-02-17 02:22:45", "elapsed": 29.382479, "delta": 0.672134}}
{"target": 141.62985341604303, "params": {"ext_i_mean": 97.0, "inj_i_mean": 128.0, "mid_i_mean": 107.55050111472987}, "datetime": {"datetime": "2023-02-17 02:22:46", "elapsed": 30.204498, "delta": 0.822019}}
{"target": 141.10928434086014, "params": {"ext_i_mean": 97.26141076746597, "inj_i_mean": 127.99323731628857, "mid_i_mean": 108.15427990700726}, "datetime": {"datetime": "2023-02-17 02:22:46", "elapsed": 30.841609, "delta": 0.637111}}
{"target": 140.839299466052, "params": {"ext_i_mean": 97.23148337554707, "inj_i_mean": 127.97609269278152, "mid_i_mean": 107.26529900229428}, "datetime": {"datetime": "2023-02-17 02:22:47", "elapsed": 31.501623, "delta": 0.660014}}
{"target": 141.37203786294114, "params": {"ext_i_mean": 97.08641854811043, "inj_i_mean": 127.98282326920852, "mid_i_mean": 107.73691155984442}, "datetime": {"datetime": "2023-02-17 02:22:48", "elapsed": 32.291008, "delta": 0.789385}}
{"target": 141.2526197278484, "params": {"ext_i_mean": 97.17019971587656, "inj_i_mean": 127.9709068620912, "mid_i_mean": 107.7057346838139}, "datetime": {"datetime": "2023-02-17 02:22:48", "elapsed": 32.951018, "delta": 0.66001}}
{"target": 141.31815802531523, "params": {"ext_i_mean": 97.0, "inj_i_mean": 128.0, "mid_i_mean": 107.47904411306396}, "datetime": {"datetime": "2023-02-17 02:22:49", "elapsed": 33.809875, "delta": 0.858857}}
{"target": 141.36618688752816, "params": {"ext_i_mean": 97.0, "inj_i_mean": 128.0, "mid_i_mean": 107.5063124944106}, "datetime": {"datetime": "2023-02-17 02:22:50", "elapsed": 34.534011, "delta": 0.724136}}
