{"target": 110.0849928621437, "params": {"ext_i_mean": 98.7514015749307, "inj_i_mean": 116.0321935969103, "mid_i_mean": 108.70435001052108}, "datetime": {"datetime": "2023-02-17 02:11:20", "elapsed": 0.0, "delta": 0.0}}
{"target": 115.24661122250855, "params": {"ext_i_mean": 102.37430143935043, "inj_i_mean": 116.92278153289868, "mid_i_mean": 108.86405683929891}, "datetime": {"datetime": "2023-02-17 02:11:20", "elapsed": 0.000596, "delta": 0.000596}}
{"target": 127.54246557286841, "params": {"ext_i_mean": 97.68573389971411, "inj_i_mean": 116.52898604232476, "mid_i_mean": 102.39040049821294}, "datetime": {"datetime": "2023-02-17 02:11:20", "elapsed": 0.001141, "delta": 0.000545}}
{"target": 128.76706766482496, "params": {"ext_i_mean": 102.35419361377915, "inj_i_mean": 125.15296200003256, "mid_i_mean": 104.86405334013038}, "datetime": {"datetime": "2023-02-17 02:11:20", "elapsed": 0.001597, "delta": 0.000456}}
{"target": 130.91122842402035, "params": {"ext_i_mean": 99.32489092424623, "inj_i_mean": 124.12966352117586, "mid_i_mean": 109.21745217275236}, "datetime": {"datetime": "2023-02-17 02:11:20", "elapsed": 0.00205, "delta": 0.000453}}
{"target": 134.89661074589566, "params": {"ext_i_mean": 99.94571913261196, "inj_i_mean": 126.16110040317024, "mid_i_mean": 107.6827511210981}, "datetime": {"datetime": "2023-02-17 02:11:20", "elapsed": 0.285592, "delta": 0.283542}}
{"target": 140.86546579790178, "params": {"ext_i_mean": 97.38906291196895, "inj_i_mean": 128.0, "mid_i_mean": 107.51730684947012}, "datetime": {"datetime": "2023-02-17 02:11:20", "elapsed": 0.606304, "delta": 0.320712}}
{"target": 136.56819236328187, "params": {"ext_i_mean": 97.0, "inj_i_mean": 128.0, "mid_i_mean": 103.69121714574551}, "datetime": {"datetime": "2023-02-17 02:11:21", "elapsed": 0.853266, "delta": 0.246962}}
{"target": 139.25429704257064, "params": {"ext_i_mean": 97.0, "inj_i_mean": 128.0, "mid_i_mean": 110.0}, "datetime": {"datetime": "2023-02-17 02:11:21", "elapsed": 1.059656, "delta": 0.20639}}
{"target": 126.38016722741622, "params": {"ext_i_mean": 97.0, "inj_i_mean": 128.0, "mid_i_mean": 97.0}, "datetime": {"datetime": "2023-02-17 02:11:21", "elapsed": 1.270105, "delta": 0.210449}}
{"target": 141.33213961459364, "params": {"ext_i_mean": 97.0, "inj_i_mean": 128.0, "mid_i_mean": 107.92636378161036}, "datetime": {"datetime": "2023-02-17 02:11:21", "elapsed": 1.488788, "delta": 0.218683}}
{"target": 113.23846486449172, "params": {"ext_i_mean": 110.0, "inj_i_mean": 128.0, "mid_i_mean": 110.0}, "datetime": {"datetime": "2023-02-17 02:11:22", "elapsed": 1.784888, "delta": 0.2961}}
{"target": 141.33483140136215, "params": {"ext_i_mean": 97.0, "inj_i_mean": 128.0, "mid_i_mean": 107.4795453267384}, "datetime": {"datetime": "2023-02-17 02:11:22", "elapsed": 2.04756, "delta": 0.262672}}
{"target": 94.47502521466095, "params": {"ext_i_mean": 110.0, "inj_i_mean": 116.0, "mid_i_mean": 97.0}, "datetime": {"datetime": "2023-02-17 02:11:22", "elapsed": 2.342833, "delta": 0.295273}}
{"target": 139.46275258314617, "params": {"ext_i_mean": 97.0, "inj_i_mean": 128.0, "mid_i_mean": 110.0}, "datetime": {"datetime": "2023-02-17 02:11:22", "elapsed": 2.5164, "delta": 0.173567}}
{"target": 141.18035269933839, "params": {"ext_i_mean": 97.09064770987057, "inj_i_mean": 127.85374716557479, "mid_i_mean": 107.52878644223723}, "datetime": {"datetime": "2023-02-17 02:11:22", "elapsed": 2.694561, "delta": 0.178161}}
{"target": 139.2760635234578, "params": {"ext_i_mean": 97.0, "inj_i_mean": 128.0, "mid_i_mean": 110.0}, "datetime": {"datetime": "2023-02-17 02:11:23", "elapsed": 2.939324, "delta": 0.244763}}
{"target": 141.10727379920402, "params": {"ext_i_mean": 97.0, "inj_i_mean": 128.0, "mid_i_mean": 106.68399901033827}, "datetime": {"datetime": "2023-02-17 02:11:23", "elapsed": 3.146727, "delta": 0.207403}}
{"target": 140.8826102116584, "params": {"ext_i_mean": 97.0, "inj_i_mean": 128.0, "mid_i_mean": 106.77216375445927}, "datetime": {"datetime": "2023-02-17 02:11:23", "elapsed": 3.30182, "delta": 0.155093}}
{"target": 141.17923631333002, "params": {"ext_i_mean": 97.0, "inj_i_mean": 128.0, "mid_i_mean": 106.87034910722599}, "datetime": {"datetime": "2023-02-17 02:11:23", "elapsed": 3.426303, "delta": 0.124483}}
{"target": 141.22416030193168, "params": {"ext_i_mean": 97.0, "inj_i_mean": 128.0, "mid_i_mean": 106.95971829233568}, "datetime": {"datetime": "2023-02-17 02:11:23", "elapsed": 3.616731, "delta": 0.190428}}
{"target": 141.23633210116418, "params": {"ext_i_mean": 97.0, "inj_i_mean": 128.0, "mid_i_mean": 107.0543348076458}, "datetime": {"datetime": "2023-02-17 02:11:24", "elapsed": 3.824839, "delta": 0.208108}}
{"target": 139.43093272220435, "params": {"ext_i_mean": 97.0, "inj_i_mean": 128.0, "mid_i_mean": 110.0}, "datetime": {"datetime": "2023-02-17 02:11:24", "elapsed": 4.00848, "delta": 0.183641}}
{"target": 141.08780173804325, "params": {"ext_i_mean": 97.0, "inj_i_mean": 128.0, "mid_i_mean": 106.83254510947332}, "datetime": {"datetime": "2023-02-17 02:11:24", "elapsed": 4.149789, "delta": 0.141309}}
{"target": 139.40826629311832, "params": {"ext_i_mean": 97.0, "inj_i_mean": 128.0, "mid_i_mean": 110.0}, "datetime": {"datetime": "2023-02-17 02:11:24", "elapsed": 4.260185, "delta": 0.110396}}
{"target": 141.10839953824154, "params": {"ext_i_mean": 97.0, "inj_i_mean": 128.0, "mid_i_mean": 106.77872907159933}, "datetime": {"datetime": "2023-02-17 02:11:24", "elapsed": 4.398155, "delta": 0.13797}}
{"target": 141.01274763793705, "params": {"ext_i_mean": 97.0, "inj_i_mean": 128.0, "mid_i_mean": 106.84131676269895}, "datetime": {"datetime": "2023-02-17 02:11:24", "elapsed": 4.600096, "delta": 0.201941}}
{"target": 141.0116723162002, "params": {"ext_i_mean": 97.0, "inj_i_mean": 128.0, "mid_i_mean": 106.9072757532032}, "datetime": {"datetime": "2023-02-17 02:11:24", "elapsed": 4.751751, "delta": 0.151655}}
{"target": 141.3764038864008, "params": {"ext_i_mean": 97.0, "inj_i_mean": 128.0, "mid_i_mean": 106.97432661161952}, "datetime": {"datetime": "2023-02-17 02:11:25", "elapsed": 5.009486, "delta": 0.257735}}
{"target": 141.5386349395754, "params": {"ext_i_mean": 97.01352303967977, "inj_i_mean": 127.96858011900484, "mid_i_mean": 107.60374328500066}, "datetime": {"datetime": "2023-02-17 02:11:25", "elapsed": 5.230539, "delta": 0.221053}}
{"target": 140.88351630727846, "params": {"ext_i_mean": 97.0, "inj_i_mean": 128.0, "mid_i_mean": 106.67896711358858}, "datetime": {"datetime": "2023-02-17 02:11:25", "elapsed": 5.446993, "delta": 0.216454}}
{"target": 141.15291075739216, "params": {"ext_i_mean": 97.0, "inj_i_mean": 128.0, "mid_i_mean": 106.84718633920103}, "datetime": {"datetime": "2023-02-17 02:11:25", "elapsed": 5.618594, "delta": 0.171601}}
{"target": 141.34066570257613, "params": {"ext_i_mean": 97.0, "inj_i_mean": 128.0, "mid_i_mean": 107.08923578294983}, "datetime": {"datetime": "2023-02-17 02:11:26", "elapsed": 5.781274, "delta": 0.16268}}
{"target": 141.264124120746, "params": {"ext_i_mean": 97.0, "inj_i_mean": 128.0, "mid_i_mean": 107.32046477547142}, "datetime": {"datetime": "2023-02-17 02:11:26", "elapsed": 5.965982, "delta": 0.184708}}
{"target": 141.34794901571178, "params": {"ext_i_mean": 97.0, "inj_i_mean": 128.0, "mid_i_mean": 107.442190999708}, "datetime": {"datetime": "2023-02-17 02:11:26", "elapsed": 6.223473, "delta": 0.257491}}
