{"target": 123.01976408583592, "params": {"ext_i_mean": 107.75354356594431, "inj_i_mean": 117.62479308155328, "mid_i_mean": 107.79548457123987}, "datetime": {"datetime": "2023-02-17 02:18:51", "elapsed": 0.0, "delta": 0.0}}
{"target": 115.71663962572366, "params": {"ext_i_mean": 107.73356621466054, "inj_i_mean": 117.33567434678392, "mid_i_mean": 99.31769050575753}, "datetime": {"datetime": "2023-02-17 02:18:51", "elapsed": 0.000557, "delta": 0.000557}}
{"target": 127.53945786102575, "params": {"ext_i_mean": 98.93166450807892, "inj_i_mean": 119.9039119632468, "mid_i_mean": 105.97215105610286}, "datetime": {"datetime": "2023-02-17 02:18:51", "elapsed": 0.000985, "delta": 0.000428}}
{"target": 135.53739790123475, "params": {"ext_i_mean": 98.36387064868758, "inj_i_mean": 125.54691240893271, "mid_i_mean": 109.99102857982675}, "datetime": {"datetime": "2023-02-17 02:18:51", "elapsed": 0.00142, "delta": 0.000435}}
{"target": 120.26759349551355, "params": {"ext_i_mean": 99.32253572663089, "inj_i_mean": 127.12538370603325, "mid_i_mean": 97.00341434365541}, "datetime": {"datetime": "2023-02-17 02:18:51", "elapsed": 0.001844, "delta": 0.000424}}
{"target": 139.51479822184518, "params": {"ext_i_mean": 97.0, "inj_i_mean": 128.0, "mid_i_mean": 110.0}, "datetime": {"datetime": "2023-02-17 02:18:51", "elapsed": 0.21034, "delta": 0.208496}}
{"target": 139.56721561257604, "params": {"ext_i_mean": 97.0, "inj_i_mean": 128.0, "mid_i_mean": 110.0}, "datetime": {"datetime": "2023-02-17 02:18:52", "elapsed": 0.427516, "delta": 0.217176}}
{"target": 139.26923556209834, "params": {"ext_i_mean": 97.0, "inj_i_mean": 128.0, "mid_i_mean": 110.0}, "datetime": {"datetime": "2023-02-17 02:18:52", "elapsed": 0.631517, "delta": 0.204001}}
{"target": 139.2542970414065, "params": {"ext_i_mean": 97.0, "inj_i_mean": 128.0, "mid_i_mean": 110.0}, "datetime": {"datetime": "2023-02-17 02:18:52", "elapsed": 0.7619, "delta": 0.130383}}
{"target": 139.3906405448829, "params": {"ext_i_mean": 97.0, "inj_i_mean": 128.0, "mid_i_mean": 110.0}, "datetime": {"datetime": "2023-02-17 02:18:52", "elapsed": 0.937887, "delta": 0.175987}}
{"target": 129.9277550620343, "params": {"ext_i_mean": 103.0918829885185, "inj_i_mean": 128.0, "mid_i_mean": 110.0}, "datetime": {"datetime": "2023-02-17 02:18:52", "elapsed": 1.102907, "delta": 0.16502}}
{"target": 139.37495000922053, "params": {"ext_i_mean": 97.0, "inj_i_mean": 128.0, "mid_i_mean": 110.0}, "datetime": {"datetime": "2023-02-17 02:18:52", "elapsed": 1.276748, "delta": 0.173841}}
{"target": 139.3453093989576, "params": {"ext_i_mean": 97.0, "inj_i_mean": 128.0, "mid_i_mean": 110.0}, "datetime": {"datetime": "2023-02-17 02:18:53", "elapsed": 1.441259, "delta": 0.164511}}
{"target": 139.45294604118544, "params": {"ext_i_mean": 97.0, "inj_i_mean": 128.0, "mid_i_mean": 110.0}, "datetime": {"datetime": "2023-02-17 02:18:53", "elapsed": 1.536498, "delta": 0.095239}}
{"target": 136.5381477902416, "params": {"ext_i_mean": 97.0, "inj_i_mean": 125.51809604128297, "mid_i_mean": 110.0}, "datetime": {"datetime": "2023-02-17 02:18:53", "elapsed": 1.675944, "delta": 0.139446}}
{"target": 139.33716717907313, "params": {"ext_i_mean": 97.0, "inj_i_mean": 128.0, "mid_i_mean": 110.0}, "datetime": {"datetime": "2023-02-17 02:18:53", "elapsed": 1.727679, "delta": 0.051735}}
{"target": 139.27606352229364, "params": {"ext_i_mean": 97.0, "inj_i_mean": 128.0, "mid_i_mean": 110.0}, "datetime": {"datetime": "2023-02-17 02:18:53", "elapsed": 1.836721, "delta": 0.109042}}
{"target": 139.56747527543897, "params": {"ext_i_mean": 97.0, "inj_i_mean": 128.0, "mid_i_mean": 110.0}, "datetime": {"datetime": "2023-02-17 02:18:53", "elapsed": 1.938849, "delta": 0.102128}}
{"target": 103.36633909952093, "params": {"ext_i_mean": 97.0, "inj_i_mean": 116.0, "mid_i_mean": 110.0}, "datetime": {"datetime": "2023-02-17 02:18:53", "elapsed": 2.06966, "delta": 0.130811}}
{"target": 139.6761159262988, "params": {"ext_i_mean": 97.27861395951629, "inj_i_mean": 127.78920888397512, "mid_i_mean": 105.8162804766825}, "datetime": {"datetime": "2023-02-17 02:18:53", "elapsed": 2.262163, "delta": 0.192503}}
{"target": 141.40885281221895, "params": {"ext_i_mean": 97.0, "inj_i_mean": 128.0, "mid_i_mean": 107.30542828254134}, "datetime": {"datetime": "2023-02-17 02:18:54", "elapsed": 2.487791, "delta": 0.225628}}
{"target": 141.17145103751568, "params": {"ext_i_mean": 97.0, "inj_i_mean": 128.0, "mid_i_mean": 106.95048824215434}, "datetime": {"datetime": "2023-02-17 02:18:54", "elapsed": 2.736451, "delta": 0.24866}}
{"target": 141.21409082270551, "params": {"ext_i_mean": 97.0, "inj_i_mean": 128.0, "mid_i_mean": 107.02069182623859}, "datetime": {"datetime": "2023-02-17 02:18:54", "elapsed": 2.948695, "delta": 0.212244}}
{"target": 141.24553623473685, "params": {"ext_i_mean": 97.0, "inj_i_mean": 128.0, "mid_i_mean": 107.07231555003845}, "datetime": {"datetime": "2023-02-17 02:18:54", "elapsed": 3.181752, "delta": 0.233057}}
{"target": 141.24468915682573, "params": {"ext_i_mean": 97.0, "inj_i_mean": 128.0, "mid_i_mean": 107.11235761660278}, "datetime": {"datetime": "2023-02-17 02:18:55", "elapsed": 3.418624, "delta": 0.236872}}
{"target": 141.34712452567157, "params": {"ext_i_mean": 97.0, "inj_i_mean": 128.0, "mid_i_mean": 107.14560617696368}, "datetime": {"datetime": "2023-02-17 02:18:55", "elapsed": 3.673643, "delta": 0.255019}}
{"target": 83.75905092172114, "params": {"ext_i_mean": 110.0, "inj_i_mean": 128.0, "mid_i_mean": 104.38816140832152}, "datetime": {"datetime": "2023-02-17 02:18:55", "elapsed": 3.920035, "delta": 0.246392}}
{"target": 132.12929372366597, "params": {"ext_i_mean": 97.0, "inj_i_mean": 116.0, "mid_i_mean": 97.0}, "datetime": {"datetime": "2023-02-17 02:18:55", "elapsed": 4.127894, "delta": 0.207859}}
{"target": 140.1732462644993, "params": {"ext_i_mean": 97.0, "inj_i_mean": 125.53486178184804, "mid_i_mean": 105.08736122786739}, "datetime": {"datetime": "2023-02-17 02:18:56", "elapsed": 4.362314, "delta": 0.23442}}
{"target": 138.42723703639564, "params": {"ext_i_mean": 97.0, "inj_i_mean": 128.0, "mid_i_mean": 104.6273985370716}, "datetime": {"datetime": "2023-02-17 02:18:56", "elapsed": 4.620661, "delta": 0.258347}}
{"target": 140.7839350824346, "params": {"ext_i_mean": 97.0, "inj_i_mean": 126.36866645145341, "mid_i_mean": 106.87477426344333}, "datetime": {"datetime": "2023-02-17 02:18:56", "elapsed": 4.856843, "delta": 0.236182}}
{"target": 141.4131251861006, "params": {"ext_i_mean": 97.0, "inj_i_mean": 128.0, "mid_i_mean": 107.30013048757074}, "datetime": {"datetime": "2023-02-17 02:18:56", "elapsed": 5.153811, "delta": 0.296968}}
{"target": 141.44388546042222, "params": {"ext_i_mean": 97.0, "inj_i_mean": 128.0, "mid_i_mean": 107.29938754657705}, "datetime": {"datetime": "2023-02-17 02:18:57", "elapsed": 5.495735, "delta": 0.341924}}
{"target": 141.25464819271323, "params": {"ext_i_mean": 97.0, "inj_i_mean": 128.0, "mid_i_mean": 107.29726757544641}, "datetime": {"datetime": "2023-02-17 02:18:57", "elapsed": 5.773147, "delta": 0.277412}}
{"target": 140.85087062305712, "params": {"ext_i_mean": 97.0, "inj_i_mean": 126.43795736249164, "mid_i_mean": 106.86683169990296}, "datetime": {"datetime": "2023-02-17 02:18:57", "elapsed": 6.053822, "delta": 0.280675}}
