{"target": 127.07059098740588, "params": {"ext_i_mean": 102.03329966158559, "inj_i_mean": 121.31861814550257, "mid_i_mean": 108.56030205360516}, "datetime": {"datetime": "2023-02-17 02:13:42", "elapsed": 0.0, "delta": 0.0}}
{"target": 131.15549187595042, "params": {"ext_i_mean": 100.07242142172733, "inj_i_mean": 125.63134761670297, "mid_i_mean": 103.78637865182371}, "datetime": {"datetime": "2023-02-17 02:13:42", "elapsed": 0.000736, "delta": 0.000736}}
{"target": 120.33547358102531, "params": {"ext_i_mean": 109.71966079925562, "inj_i_mean": 120.0759001986011, "mid_i_mean": 109.77997237640834}, "datetime": {"datetime": "2023-02-17 02:13:42", "elapsed": 0.00123, "delta": 0.000494}}
{"target": 120.1529896882694, "params": {"ext_i_mean": 105.94201397495466, "inj_i_mean": 118.14380783405613, "mid_i_mean": 98.47225377410861}, "datetime": {"datetime": "2023-02-17 02:13:42", "elapsed": 0.001714, "delta": 0.000484}}
{"target": 111.75616126841703, "params": {"ext_i_mean": 107.13087715330725, "inj_i_mean": 124.37322759282972, "mid_i_mean": 102.67187370704274}, "datetime": {"datetime": "2023-02-17 02:13:42", "elapsed": 0.002203, "delta": 0.000489}}
{"target": 130.67655259251222, "params": {"ext_i_mean": 100.60789328339433, "inj_i_mean": 125.79298862173202, "mid_i_mean": 104.12045621750406}, "datetime": {"datetime": "2023-02-17 02:13:43", "elapsed": 1.041808, "delta": 1.039605}}
{"target": 133.21097116772893, "params": {"ext_i_mean": 99.07970609170752, "inj_i_mean": 124.5870036557547, "mid_i_mean": 105.16113962394472}, "datetime": {"datetime": "2023-02-17 02:13:45", "elapsed": 2.917772, "delta": 1.875964}}
{"target": 140.45587957560377, "params": {"ext_i_mean": 97.0, "inj_i_mean": 126.15907785662588, "mid_i_mean": 106.20183515335842}, "datetime": {"datetime": "2023-02-17 02:13:47", "elapsed": 4.647123, "delta": 1.729351}}
{"target": 141.17465478910842, "params": {"ext_i_mean": 97.0, "inj_i_mean": 127.73115949286161, "mid_i_mean": 107.24253087185852}, "datetime": {"datetime": "2023-02-17 02:13:48", "elapsed": 5.439473, "delta": 0.79235}}
{"target": 141.34592462092724, "params": {"ext_i_mean": 97.0, "inj_i_mean": 128.0, "mid_i_mean": 108.28322658692606}, "datetime": {"datetime": "2023-02-17 02:13:49", "elapsed": 6.124663, "delta": 0.68519}}
{"target": 140.37900192660413, "params": {"ext_i_mean": 97.0, "inj_i_mean": 128.0, "mid_i_mean": 109.32392230249842}, "datetime": {"datetime": "2023-02-17 02:13:49", "elapsed": 6.945631, "delta": 0.820968}}
{"target": 139.3749500091041, "params": {"ext_i_mean": 97.0, "inj_i_mean": 128.0, "mid_i_mean": 110.0}, "datetime": {"datetime": "2023-02-17 02:13:50", "elapsed": 7.580344, "delta": 0.634713}}
{"target": 139.34530939884118, "params": {"ext_i_mean": 97.0, "inj_i_mean": 128.0, "mid_i_mean": 110.0}, "datetime": {"datetime": "2023-02-17 02:13:51", "elapsed": 8.189732, "delta": 0.609388}}
{"target": 138.94073782773785, "params": {"ext_i_mean": 97.0, "inj_i_mean": 128.0, "mid_i_mean": 105.01202085030825}, "datetime": {"datetime": "2023-02-17 02:13:51", "elapsed": 8.972917, "delta": 0.783185}}
{"target": 128.24072089890305, "params": {"ext_i_mean": 97.11609380535516, "inj_i_mean": 127.59032605323661, "mid_i_mean": 97.86880551614694}, "datetime": {"datetime": "2023-02-17 02:13:52", "elapsed": 9.664033, "delta": 0.691116}}
{"target": 130.0063478706646, "params": {"ext_i_mean": 97.14533556857828, "inj_i_mean": 116.1715297781249, "mid_i_mean": 99.01462759551096}, "datetime": {"datetime": "2023-02-17 02:13:53", "elapsed": 10.24737, "delta": 0.583337}}
{"target": 131.9166791308368, "params": {"ext_i_mean": 97.05148483921208, "inj_i_mean": 124.01618539536446, "mid_i_mean": 109.57101325275221}, "datetime": {"datetime": "2023-02-17 02:13:53", "elapsed": 10.816577, "delta": 0.569207}}
{"target": 103.66170841427495, "params": {"ext_i_mean": 97.0, "inj_i_mean": 116.0, "mid_i_mean": 110.0}, "datetime": {"datetime": "2023-02-17 02:13:54", "elapsed": 11.385281, "delta": 0.568704}}
{"target": 136.16103393565595, "params": {"ext_i_mean": 99.98003754556667, "inj_i_mean": 127.99038015545801, "mid_i_mean": 109.23858856152569}, "datetime": {"datetime": "2023-02-17 02:13:54", "elapsed": 11.931593, "delta": 0.546312}}
{"target": 141.33056534361282, "params": {"ext_i_mean": 97.10514580706267, "inj_i_mean": 127.82290374802079, "mid_i_mean": 107.63443445479918}, "datetime": {"datetime": "2023-02-17 02:13:55", "elapsed": 12.491334, "delta": 0.559741}}
{"target": 141.26827899561218, "params": {"ext_i_mean": 97.0, "inj_i_mean": 128.0, "mid_i_mean": 107.02974696204639}, "datetime": {"datetime": "2023-02-17 02:13:55", "elapsed": 13.065622, "delta": 0.574288}}
{"target": 138.81008952960724, "params": {"ext_i_mean": 97.03663710812097, "inj_i_mean": 127.92694097858723, "mid_i_mean": 104.94758367299235}, "datetime": {"datetime": "2023-02-17 02:13:56", "elapsed": 13.615243, "delta": 0.549621}}
{"target": 140.26063188809061, "params": {"ext_i_mean": 97.0, "inj_i_mean": 128.0, "mid_i_mean": 105.98827939298555}, "datetime": {"datetime": "2023-02-17 02:13:57", "elapsed": 14.24221, "delta": 0.626967}}
{"target": 141.21987698889052, "params": {"ext_i_mean": 97.0, "inj_i_mean": 128.0, "mid_i_mean": 107.02897511452304}, "datetime": {"datetime": "2023-02-17 02:13:57", "elapsed": 14.999203, "delta": 0.756993}}
{"target": 141.12078175414408, "params": {"ext_i_mean": 97.04042229018727, "inj_i_mean": 127.98998556013153, "mid_i_mean": 107.02340106946389}, "datetime": {"datetime": "2023-02-17 02:13:58", "elapsed": 15.561001, "delta": 0.561798}}
{"target": 141.50828433145045, "params": {"ext_i_mean": 97.0, "inj_i_mean": 128.0, "mid_i_mean": 107.58831784155996}, "datetime": {"datetime": "2023-02-17 02:13:59", "elapsed": 16.202699, "delta": 0.641698}}
{"target": 140.1284213140702, "params": {"ext_i_mean": 97.68225942015623, "inj_i_mean": 127.78988410809384, "mid_i_mean": 107.63067683597603}, "datetime": {"datetime": "2023-02-17 02:13:59", "elapsed": 16.7586, "delta": 0.555901}}
{"target": 140.01342933865925, "params": {"ext_i_mean": 97.40738603940956, "inj_i_mean": 127.8882818809352, "mid_i_mean": 106.59748805040941}, "datetime": {"datetime": "2023-02-17 02:14:00", "elapsed": 17.353286, "delta": 0.594686}}
{"target": 141.53726212789275, "params": {"ext_i_mean": 97.0644503189841, "inj_i_mean": 127.85392313365622, "mid_i_mean": 107.92667109341942}, "datetime": {"datetime": "2023-02-17 02:14:00", "elapsed": 17.917645, "delta": 0.564359}}
{"target": 141.39258718443085, "params": {"ext_i_mean": 97.03728699349807, "inj_i_mean": 127.93838140483471, "mid_i_mean": 108.37468952240144}, "datetime": {"datetime": "2023-02-17 02:14:01", "elapsed": 18.489303, "delta": 0.571658}}
{"target": 140.0583260561674, "params": {"ext_i_mean": 97.05856071182582, "inj_i_mean": 127.93104719343361, "mid_i_mean": 105.95271784410664}, "datetime": {"datetime": "2023-02-17 02:14:01", "elapsed": 19.049006, "delta": 0.559703}}
{"target": 141.13815286294695, "params": {"ext_i_mean": 97.11623748823637, "inj_i_mean": 127.71400543689128, "mid_i_mean": 107.11596572867867}, "datetime": {"datetime": "2023-02-17 02:14:02", "elapsed": 19.613536, "delta": 0.56453}}
{"target": 141.3928238043872, "params": {"ext_i_mean": 97.08145285191742, "inj_i_mean": 127.91369286754171, "mid_i_mean": 108.05512451491427}, "datetime": {"datetime": "2023-02-17 02:14:03", "elapsed": 20.179107, "delta": 0.565571}}
{"target": 141.3673504281763, "params": {"ext_i_mean": 97.0, "inj_i_mean": 128.0, "mid_i_mean": 107.78113636822333}, "datetime": {"datetime": "2023-02-17 02:14:03", "elapsed": 20.768473, "delta": 0.589366}}
{"target": 141.28982305809797, "params": {"ext_i_mean": 97.02505303529097, "inj_i_mean": 127.44475203187865, "mid_i_mean": 107.59258290681285}, "datetime": {"datetime": "2023-02-17 02:14:04", "elapsed": 21.333354, "delta": 0.564881}}
