{"target": 73.61018772354855, "params": {"ext_i_mean": 109.33648919913988, "inj_i_mean": 124.13327952771188, "mid_i_mean": 97.35815383422711}, "datetime": {"datetime": "2023-01-06 07:29:50", "elapsed": 0.0, "delta": 0.0}}
{"target": 82.81792205107645, "params": {"ext_i_mean": 105.64758492421993, "inj_i_mean": 126.327503320441, "mid_i_mean": 98.05395085430251}, "datetime": {"datetime": "2023-01-06 07:29:50", "elapsed": 0.000527, "delta": 0.000527}}
{"target": 117.85141151211805, "params": {"ext_i_mean": 108.48468438895765, "inj_i_mean": 123.12663787121923, "mid_i_mean": 103.6681530999647}, "datetime": {"datetime": "2023-01-06 07:29:50", "elapsed": 0.000925, "delta": 0.000398}}
{"target": 127.7585104969914, "params": {"ext_i_mean": 104.36668771887727, "inj_i_mean": 125.27888354835878, "mid_i_mean": 108.44545518624598}, "datetime": {"datetime": "2023-01-06 07:29:50", "elapsed": 0.001316, "delta": 0.000391}}
{"target": 129.95153431360563, "params": {"ext_i_mean": 98.46976122453187, "inj_i_mean": 120.6490899485503, "mid_i_mean": 105.1271009880078}, "datetime": {"datetime": "2023-01-06 07:29:50", "elapsed": 0.001697, "delta": 0.000381}}
{"target": 122.48121462463767, "params": {"ext_i_mean": 102.90281298037877, "inj_i_mean": 119.47031222200796, "mid_i_mean": 109.24748748512235}, "datetime": {"datetime": "2023-01-06 07:29:50", "elapsed": 0.183741, "delta": 0.182044}}
{"target": 135.00442889306152, "params": {"ext_i_mean": 97.0, "inj_i_mean": 124.64438142520969, "mid_i_mean": 109.49884966267366}, "datetime": {"datetime": "2023-01-06 07:29:50", "elapsed": 0.341702, "delta": 0.157961}}
{"target": 139.20247240463326, "params": {"ext_i_mean": 97.0, "inj_i_mean": 128.0, "mid_i_mean": 110.0}, "datetime": {"datetime": "2023-01-06 07:29:50", "elapsed": 0.577913, "delta": 0.236211}}
{"target": 139.20247240463326, "params": {"ext_i_mean": 97.0, "inj_i_mean": 128.0, "mid_i_mean": 110.0}, "datetime": {"datetime": "2023-01-06 07:29:50", "elapsed": 0.769947, "delta": 0.192034}}
{"target": 139.20247240463326, "params": {"ext_i_mean": 97.0, "inj_i_mean": 128.0, "mid_i_mean": 110.0}, "datetime": {"datetime": "2023-01-06 07:29:50", "elapsed": 0.934217, "delta": 0.16427}}
{"target": 139.20247240463326, "params": {"ext_i_mean": 97.0, "inj_i_mean": 128.0, "mid_i_mean": 110.0}, "datetime": {"datetime": "2023-01-06 07:29:51", "elapsed": 1.118923, "delta": 0.184706}}
{"target": 139.1059353579063, "params": {"ext_i_mean": 97.29664678667777, "inj_i_mean": 127.95971010964296, "mid_i_mean": 109.89698267165541}, "datetime": {"datetime": "2023-01-06 07:29:51", "elapsed": 1.268599, "delta": 0.149676}}
{"target": 103.31252866415377, "params": {"ext_i_mean": 97.0, "inj_i_mean": 116.0, "mid_i_mean": 110.0}, "datetime": {"datetime": "2023-01-06 07:29:51", "elapsed": 1.42617, "delta": 0.157571}}
{"target": 140.13928588947297, "params": {"ext_i_mean": 97.0, "inj_i_mean": 128.0, "mid_i_mean": 106.17556584235508}, "datetime": {"datetime": "2023-01-06 07:29:51", "elapsed": 1.567353, "delta": 0.141183}}
{"target": 140.7641540691522, "params": {"ext_i_mean": 97.0, "inj_i_mean": 128.0, "mid_i_mean": 106.97168788994041}, "datetime": {"datetime": "2023-01-06 07:29:51", "elapsed": 1.734558, "delta": 0.167205}}
{"target": 135.70712308847197, "params": {"ext_i_mean": 100.07400641257567, "inj_i_mean": 128.0, "mid_i_mean": 110.0}, "datetime": {"datetime": "2023-01-06 07:29:51", "elapsed": 1.896294, "delta": 0.161736}}
{"target": 140.68378421054098, "params": {"ext_i_mean": 97.0, "inj_i_mean": 128.0, "mid_i_mean": 106.76880269026147}, "datetime": {"datetime": "2023-01-06 07:29:52", "elapsed": 2.055708, "delta": 0.159414}}
{"target": 140.93453520008643, "params": {"ext_i_mean": 97.0, "inj_i_mean": 128.0, "mid_i_mean": 107.446694059404}, "datetime": {"datetime": "2023-01-06 07:29:52", "elapsed": 2.180832, "delta": 0.125124}}
{"target": 115.79949849212602, "params": {"ext_i_mean": 110.0, "inj_i_mean": 116.0, "mid_i_mean": 110.0}, "datetime": {"datetime": "2023-01-06 07:29:52", "elapsed": 2.368769, "delta": 0.187937}}
{"target": 139.10056539239625, "params": {"ext_i_mean": 97.0, "inj_i_mean": 128.0, "mid_i_mean": 105.33180019396228}, "datetime": {"datetime": "2023-01-06 07:29:52", "elapsed": 2.524685, "delta": 0.155916}}
{"target": 140.7530962611922, "params": {"ext_i_mean": 97.0, "inj_i_mean": 128.0, "mid_i_mean": 108.22920887484436}, "datetime": {"datetime": "2023-01-06 07:29:52", "elapsed": 2.684469, "delta": 0.159784}}
{"target": 113.14151143906437, "params": {"ext_i_mean": 110.0, "inj_i_mean": 128.0, "mid_i_mean": 110.0}, "datetime": {"datetime": "2023-01-06 07:29:52", "elapsed": 2.851138, "delta": 0.166669}}
{"target": 140.91696648759853, "params": {"ext_i_mean": 97.0, "inj_i_mean": 128.0, "mid_i_mean": 108.07852022967937}, "datetime": {"datetime": "2023-01-06 07:29:53", "elapsed": 3.019895, "delta": 0.168757}}
{"target": 140.9018467701731, "params": {"ext_i_mean": 97.0, "inj_i_mean": 128.0, "mid_i_mean": 108.03219665271097}, "datetime": {"datetime": "2023-01-06 07:29:53", "elapsed": 3.151612, "delta": 0.131717}}
{"target": 140.43048585902102, "params": {"ext_i_mean": 97.0, "inj_i_mean": 126.0963100516729, "mid_i_mean": 106.444159426581}, "datetime": {"datetime": "2023-01-06 07:29:53", "elapsed": 3.314764, "delta": 0.163152}}
{"target": 141.118296399571, "params": {"ext_i_mean": 97.0, "inj_i_mean": 128.0, "mid_i_mean": 107.8545893272902}, "datetime": {"datetime": "2023-01-06 07:29:53", "elapsed": 3.467546, "delta": 0.152782}}
{"target": 141.118296399571, "params": {"ext_i_mean": 97.0, "inj_i_mean": 128.0, "mid_i_mean": 107.8545893272902}, "datetime": {"datetime": "2023-01-06 07:29:53", "elapsed": 3.64884, "delta": 0.181294}}
{"target": 141.118296399571, "params": {"ext_i_mean": 97.0, "inj_i_mean": 128.0, "mid_i_mean": 107.8545893272902}, "datetime": {"datetime": "2023-01-06 07:29:53", "elapsed": 3.798676, "delta": 0.149836}}
{"target": 140.91220277460224, "params": {"ext_i_mean": 97.0, "inj_i_mean": 128.0, "mid_i_mean": 107.87194735469691}, "datetime": {"datetime": "2023-01-06 07:29:54", "elapsed": 3.983443, "delta": 0.184767}}
{"target": 140.91220277460224, "params": {"ext_i_mean": 97.0, "inj_i_mean": 128.0, "mid_i_mean": 107.87194735469691}, "datetime": {"datetime": "2023-01-06 07:29:54", "elapsed": 4.130983, "delta": 0.14754}}
{"target": 140.91220277460224, "params": {"ext_i_mean": 97.0, "inj_i_mean": 128.0, "mid_i_mean": 107.87194735469691}, "datetime": {"datetime": "2023-01-06 07:29:54", "elapsed": 4.279251, "delta": 0.148268}}
{"target": 140.91220277460224, "params": {"ext_i_mean": 97.0, "inj_i_mean": 128.0, "mid_i_mean": 107.87194735469691}, "datetime": {"datetime": "2023-01-06 07:29:54", "elapsed": 4.431185, "delta": 0.151934}}
{"target": 140.91220277460224, "params": {"ext_i_mean": 97.0, "inj_i_mean": 128.0, "mid_i_mean": 107.87194735469691}, "datetime": {"datetime": "2023-01-06 07:29:54", "elapsed": 4.593444, "delta": 0.162259}}
{"target": 140.91220277460224, "params": {"ext_i_mean": 97.0, "inj_i_mean": 128.0, "mid_i_mean": 107.87194735469691}, "datetime": {"datetime": "2023-01-06 07:29:54", "elapsed": 4.781786, "delta": 0.188342}}
{"target": 131.95435418718876, "params": {"ext_i_mean": 97.0, "inj_i_mean": 116.0, "mid_i_mean": 97.0}, "datetime": {"datetime": "2023-01-06 07:29:54", "elapsed": 4.916662, "delta": 0.134876}}
