{"target": 128.2168582868298, "params": {"ext_i_mean": 106.59122535167683, "inj_i_mean": 117.71327266041085, "mid_i_mean": 102.31401336912343}, "datetime": {"datetime": "2023-02-17 02:18:12", "elapsed": 0.0, "delta": 0.0}}
{"target": 128.75751579378283, "params": {"ext_i_mean": 108.09635527273696, "inj_i_mean": 119.52308594136053, "mid_i_mean": 104.79558815588746}, "datetime": {"datetime": "2023-02-17 02:18:12", "elapsed": 0.000737, "delta": 0.000737}}
{"target": 130.30348159714504, "params": {"ext_i_mean": 99.32433786269772, "inj_i_mean": 121.5998010321727, "mid_i_mean": 104.85716759193662}, "datetime": {"datetime": "2023-02-17 02:18:12", "elapsed": 0.001233, "delta": 0.000496}}
{"target": 132.22041072003597, "params": {"ext_i_mean": 105.61046613343983, "inj_i_mean": 121.2650735950084, "mid_i_mean": 104.51120539816591}, "datetime": {"datetime": "2023-02-17 02:18:12", "elapsed": 0.001719, "delta": 0.000486}}
{"target": 96.23281396281743, "params": {"ext_i_mean": 106.91840277870998, "inj_i_mean": 122.6978636936169, "mid_i_mean": 97.5278669545798}, "datetime": {"datetime": "2023-02-17 02:18:12", "elapsed": 0.002201, "delta": 0.000482}}
{"target": 127.01190627817157, "params": {"ext_i_mean": 103.57270800495743, "inj_i_mean": 118.96832182575191, "mid_i_mean": 106.820230396526}, "datetime": {"datetime": "2023-02-17 02:18:13", "elapsed": 0.263069, "delta": 0.260868}}
{"target": 129.18332563033204, "params": {"ext_i_mean": 103.678902578977, "inj_i_mean": 124.51480596798714, "mid_i_mean": 107.4851686135317}, "datetime": {"datetime": "2023-02-17 02:18:13", "elapsed": 0.499507, "delta": 0.236438}}
{"target": 139.1947165120236, "params": {"ext_i_mean": 97.0, "inj_i_mean": 125.71447593051141, "mid_i_mean": 108.29699748029266}, "datetime": {"datetime": "2023-02-17 02:18:13", "elapsed": 0.679895, "delta": 0.180388}}
{"target": 138.6337403702341, "params": {"ext_i_mean": 97.67904444583972, "inj_i_mean": 127.83981464123025, "mid_i_mean": 109.98524493643161}, "datetime": {"datetime": "2023-02-17 02:18:13", "elapsed": 0.798376, "delta": 0.118481}}
{"target": 140.5419495711717, "params": {"ext_i_mean": 97.0, "inj_i_mean": 128.0, "mid_i_mean": 106.27361932336756}, "datetime": {"datetime": "2023-02-17 02:18:13", "elapsed": 0.965214, "delta": 0.166838}}
{"target": 136.71499327812012, "params": {"ext_i_mean": 97.0, "inj_i_mean": 128.0, "mid_i_mean": 103.75963517183709}, "datetime": {"datetime": "2023-02-17 02:18:13", "elapsed": 1.100172, "delta": 0.134958}}
{"target": 141.35332089540015, "params": {"ext_i_mean": 97.02326588956554, "inj_i_mean": 127.96682663966484, "mid_i_mean": 107.60470451288184}, "datetime": {"datetime": "2023-02-17 02:18:14", "elapsed": 1.306489, "delta": 0.206317}}
{"target": 113.20882425597503, "params": {"ext_i_mean": 110.0, "inj_i_mean": 128.0, "mid_i_mean": 110.0}, "datetime": {"datetime": "2023-02-17 02:18:14", "elapsed": 1.5226, "delta": 0.216111}}
{"target": 126.71098593278884, "params": {"ext_i_mean": 97.0, "inj_i_mean": 122.91876620124619, "mid_i_mean": 110.0}, "datetime": {"datetime": "2023-02-17 02:18:14", "elapsed": 1.744238, "delta": 0.221638}}
{"target": 137.62549810839172, "params": {"ext_i_mean": 98.88510315821198, "inj_i_mean": 128.0, "mid_i_mean": 107.16346546344656}, "datetime": {"datetime": "2023-02-17 02:18:14", "elapsed": 1.985107, "delta": 0.240869}}
{"target": 141.3767608135016, "params": {"ext_i_mean": 97.0, "inj_i_mean": 128.0, "mid_i_mean": 107.84889399225814}, "datetime": {"datetime": "2023-02-17 02:18:14", "elapsed": 2.162422, "delta": 0.177315}}
{"target": 115.5430061998474, "params": {"ext_i_mean": 110.0, "inj_i_mean": 116.0, "mid_i_mean": 110.0}, "datetime": {"datetime": "2023-02-17 02:18:15", "elapsed": 2.340005, "delta": 0.177583}}
{"target": 141.60645642022112, "params": {"ext_i_mean": 97.0, "inj_i_mean": 128.0, "mid_i_mean": 107.79177495029799}, "datetime": {"datetime": "2023-02-17 02:18:15", "elapsed": 2.571852, "delta": 0.231847}}
{"target": 132.09910192752454, "params": {"ext_i_mean": 97.0, "inj_i_mean": 116.0, "mid_i_mean": 97.0}, "datetime": {"datetime": "2023-02-17 02:18:15", "elapsed": 2.76309, "delta": 0.191238}}
{"target": 141.46105231694133, "params": {"ext_i_mean": 97.0, "inj_i_mean": 128.0, "mid_i_mean": 108.25584689580836}, "datetime": {"datetime": "2023-02-17 02:18:15", "elapsed": 2.972433, "delta": 0.209343}}
{"target": 139.4796025724751, "params": {"ext_i_mean": 97.0, "inj_i_mean": 128.0, "mid_i_mean": 110.0}, "datetime": {"datetime": "2023-02-17 02:18:15", "elapsed": 3.127173, "delta": 0.15474}}
{"target": 126.422480312757, "params": {"ext_i_mean": 97.0, "inj_i_mean": 128.0, "mid_i_mean": 97.0}, "datetime": {"datetime": "2023-02-17 02:18:16", "elapsed": 3.302739, "delta": 0.175566}}
{"target": 141.33191648094075, "params": {"ext_i_mean": 97.0, "inj_i_mean": 128.0, "mid_i_mean": 107.24041510534094}, "datetime": {"datetime": "2023-02-17 02:18:16", "elapsed": 3.529378, "delta": 0.226639}}
{"target": 141.35908050041826, "params": {"ext_i_mean": 97.0, "inj_i_mean": 128.0, "mid_i_mean": 107.30097305217257}, "datetime": {"datetime": "2023-02-17 02:18:16", "elapsed": 3.727131, "delta": 0.197753}}
{"target": 141.36234371864757, "params": {"ext_i_mean": 97.0, "inj_i_mean": 128.0, "mid_i_mean": 107.3695224924057}, "datetime": {"datetime": "2023-02-17 02:18:16", "elapsed": 3.897067, "delta": 0.169936}}
{"target": 123.09009639677801, "params": {"ext_i_mean": 97.0, "inj_i_mean": 116.0, "mid_i_mean": 103.4565697542718}, "datetime": {"datetime": "2023-02-17 02:18:16", "elapsed": 4.102875, "delta": 0.205808}}
{"target": 141.32132034912726, "params": {"ext_i_mean": 97.0, "inj_i_mean": 128.0, "mid_i_mean": 107.41897882450095}, "datetime": {"datetime": "2023-02-17 02:18:17", "elapsed": 4.342425, "delta": 0.23955}}
{"target": 141.33883574752798, "params": {"ext_i_mean": 97.0, "inj_i_mean": 128.0, "mid_i_mean": 107.74544451218624}, "datetime": {"datetime": "2023-02-17 02:18:17", "elapsed": 4.52223, "delta": 0.179805}}
{"target": 141.370189508232, "params": {"ext_i_mean": 97.0, "inj_i_mean": 128.0, "mid_i_mean": 106.96472123453208}, "datetime": {"datetime": "2023-02-17 02:18:17", "elapsed": 4.754604, "delta": 0.232374}}
{"target": 141.52493502710928, "params": {"ext_i_mean": 97.0, "inj_i_mean": 128.0, "mid_i_mean": 108.20730739364483}, "datetime": {"datetime": "2023-02-17 02:18:17", "elapsed": 4.960011, "delta": 0.205407}}
{"target": 141.12387547973628, "params": {"ext_i_mean": 97.0, "inj_i_mean": 128.0, "mid_i_mean": 107.00904546780276}, "datetime": {"datetime": "2023-02-17 02:18:18", "elapsed": 5.20336, "delta": 0.243349}}
{"target": 141.42085281543106, "params": {"ext_i_mean": 97.0, "inj_i_mean": 128.0, "mid_i_mean": 108.33433515027384}, "datetime": {"datetime": "2023-02-17 02:18:18", "elapsed": 5.451103, "delta": 0.247743}}
{"target": 141.49033713793227, "params": {"ext_i_mean": 97.0, "inj_i_mean": 128.0, "mid_i_mean": 108.23305926257922}, "datetime": {"datetime": "2023-02-17 02:18:18", "elapsed": 5.67305, "delta": 0.221947}}
{"target": 141.0943947479103, "params": {"ext_i_mean": 97.0, "inj_i_mean": 128.0, "mid_i_mean": 106.99249421843304}, "datetime": {"datetime": "2023-02-17 02:18:18", "elapsed": 5.861844, "delta": 0.188794}}
{"target": 141.29113876206276, "params": {"ext_i_mean": 97.0, "inj_i_mean": 128.0, "mid_i_mean": 108.36433500620777}, "datetime": {"datetime": "2023-02-17 02:18:18", "elapsed": 6.0917, "delta": 0.229856}}
