{"target": 95.42534332682858, "params": {"ext_i_mean": 109.06684460885013, "inj_i_mean": 124.30089885723953, "mid_i_mean": 101.41900495702666}, "datetime": {"datetime": "2023-02-17 02:21:08", "elapsed": 0.0, "delta": 0.0}}
{"target": 116.85748704487942, "params": {"ext_i_mean": 107.20629675146907, "inj_i_mean": 116.71495533090035, "mid_i_mean": 109.83650080189899}, "datetime": {"datetime": "2023-02-17 02:21:08", "elapsed": 0.00055, "delta": 0.00055}}
{"target": 128.3697553725624, "params": {"ext_i_mean": 99.46317436310935, "inj_i_mean": 127.82756651659143, "mid_i_mean": 102.5396914103315}, "datetime": {"datetime": "2023-02-17 02:21:08", "elapsed": 0.000977, "delta": 0.000427}}
{"target": 94.36328483960645, "params": {"ext_i_mean": 108.51102107480702, "inj_i_mean": 125.53429182881526, "mid_i_mean": 102.23568126569569}, "datetime": {"datetime": "2023-02-17 02:21:08", "elapsed": 0.00139, "delta": 0.000413}}
{"target": 140.5186301091111, "params": {"ext_i_mean": 97.31506446635676, "inj_i_mean": 127.65368380815474, "mid_i_mean": 108.56536955008643}, "datetime": {"datetime": "2023-02-17 02:21:08", "elapsed": 0.001796, "delta": 0.000406}}
{"target": 132.00780594846327, "params": {"ext_i_mean": 97.0, "inj_i_mean": 123.91278597264133, "mid_i_mean": 109.40044030737809}, "datetime": {"datetime": "2023-02-17 02:21:09", "elapsed": 0.984609, "delta": 0.982813}}
{"target": 122.42518387683543, "params": {"ext_i_mean": 97.0, "inj_i_mean": 116.3347263052008, "mid_i_mean": 104.09511472397507}, "datetime": {"datetime": "2023-02-17 02:21:10", "elapsed": 2.212758, "delta": 1.228149}}
{"target": 134.50261545149436, "params": {"ext_i_mean": 97.0, "inj_i_mean": 118.3860903876028, "mid_i_mean": 97.0}, "datetime": {"datetime": "2023-02-17 02:21:11", "elapsed": 3.049844, "delta": 0.837086}}
{"target": 132.0812930083625, "params": {"ext_i_mean": 97.0, "inj_i_mean": 116.0, "mid_i_mean": 97.0}, "datetime": {"datetime": "2023-02-17 02:21:12", "elapsed": 3.805029, "delta": 0.755185}}
{"target": 131.86049760174092, "params": {"ext_i_mean": 97.0, "inj_i_mean": 122.84042330479879, "mid_i_mean": 97.0}, "datetime": {"datetime": "2023-02-17 02:21:12", "elapsed": 4.50286, "delta": 0.697831}}
{"target": 127.5447656934582, "params": {"ext_i_mean": 97.03387808785928, "inj_i_mean": 126.92249763937927, "mid_i_mean": 97.02613247782953}, "datetime": {"datetime": "2023-02-17 02:21:13", "elapsed": 5.129231, "delta": 0.626371}}
{"target": 139.37495000933694, "params": {"ext_i_mean": 97.0, "inj_i_mean": 128.0, "mid_i_mean": 110.0}, "datetime": {"datetime": "2023-02-17 02:21:14", "elapsed": 5.771788, "delta": 0.642557}}
{"target": 139.68217809964537, "params": {"ext_i_mean": 97.06531608452653, "inj_i_mean": 127.89537612605962, "mid_i_mean": 109.76057433207866}, "datetime": {"datetime": "2023-02-17 02:21:14", "elapsed": 6.324491, "delta": 0.552703}}
{"target": 139.45294604130186, "params": {"ext_i_mean": 97.0, "inj_i_mean": 128.0, "mid_i_mean": 110.0}, "datetime": {"datetime": "2023-02-17 02:21:15", "elapsed": 6.926823, "delta": 0.602332}}
{"target": 141.20379223109975, "params": {"ext_i_mean": 97.0, "inj_i_mean": 128.0, "mid_i_mean": 106.95434964958345}, "datetime": {"datetime": "2023-02-17 02:21:15", "elapsed": 7.542452, "delta": 0.615629}}
{"target": 140.98714599744503, "params": {"ext_i_mean": 97.0, "inj_i_mean": 128.0, "mid_i_mean": 106.8242194495194}, "datetime": {"datetime": "2023-02-17 02:21:16", "elapsed": 8.205811, "delta": 0.663359}}
{"target": 141.05963374193985, "params": {"ext_i_mean": 97.0, "inj_i_mean": 128.0, "mid_i_mean": 107.02136493501355}, "datetime": {"datetime": "2023-02-17 02:21:17", "elapsed": 8.854727, "delta": 0.648916}}
{"target": 141.20817414456954, "params": {"ext_i_mean": 97.01585036025897, "inj_i_mean": 127.10976801201048, "mid_i_mean": 106.73452770628194}, "datetime": {"datetime": "2023-02-17 02:21:17", "elapsed": 9.404968, "delta": 0.550241}}
{"target": 141.20061584217206, "params": {"ext_i_mean": 97.0, "inj_i_mean": 128.0, "mid_i_mean": 107.30362993053278}, "datetime": {"datetime": "2023-02-17 02:21:18", "elapsed": 10.038883, "delta": 0.633915}}
{"target": 141.48025237070584, "params": {"ext_i_mean": 97.0, "inj_i_mean": 128.0, "mid_i_mean": 107.46216842202547}, "datetime": {"datetime": "2023-02-17 02:21:18", "elapsed": 10.656144, "delta": 0.617261}}
{"target": 141.2658491758299, "params": {"ext_i_mean": 97.0, "inj_i_mean": 128.0, "mid_i_mean": 107.025748535784}, "datetime": {"datetime": "2023-02-17 02:21:19", "elapsed": 11.256259, "delta": 0.600115}}
{"target": 140.98424154624695, "params": {"ext_i_mean": 97.02449559410228, "inj_i_mean": 127.6792725453527, "mid_i_mean": 106.66079757767216}, "datetime": {"datetime": "2023-02-17 02:21:20", "elapsed": 11.824384, "delta": 0.568125}}
{"target": 141.46355480971837, "params": {"ext_i_mean": 97.0, "inj_i_mean": 128.0, "mid_i_mean": 107.70149323948695}, "datetime": {"datetime": "2023-02-17 02:21:20", "elapsed": 12.597717, "delta": 0.773333}}
{"target": 141.12095793369872, "params": {"ext_i_mean": 97.0, "inj_i_mean": 128.0, "mid_i_mean": 108.74218881357163}, "datetime": {"datetime": "2023-02-17 02:21:21", "elapsed": 13.415176, "delta": 0.817459}}
{"target": 139.43949335429406, "params": {"ext_i_mean": 97.03092273018223, "inj_i_mean": 127.41322284049389, "mid_i_mean": 109.84526337250372}, "datetime": {"datetime": "2023-02-17 02:21:22", "elapsed": 13.970389, "delta": 0.555213}}
{"target": 139.49282266552302, "params": {"ext_i_mean": 97.0, "inj_i_mean": 128.0, "mid_i_mean": 110.0}, "datetime": {"datetime": "2023-02-17 02:21:22", "elapsed": 14.596523, "delta": 0.626134}}
{"target": 140.95286743145923, "params": {"ext_i_mean": 97.0, "inj_i_mean": 128.0, "mid_i_mean": 106.76211587113046}, "datetime": {"datetime": "2023-02-17 02:21:23", "elapsed": 15.186475, "delta": 0.589952}}
{"target": 141.05141965773618, "params": {"ext_i_mean": 97.0, "inj_i_mean": 128.0, "mid_i_mean": 106.9667274063119}, "datetime": {"datetime": "2023-02-17 02:21:24", "elapsed": 15.784061, "delta": 0.597586}}
{"target": 140.2398082544512, "params": {"ext_i_mean": 97.23832467705185, "inj_i_mean": 127.98231654630611, "mid_i_mean": 106.19903430964828}, "datetime": {"datetime": "2023-02-17 02:21:24", "elapsed": 16.337567, "delta": 0.553506}}
{"target": 141.44404072581307, "params": {"ext_i_mean": 97.0, "inj_i_mean": 128.0, "mid_i_mean": 107.23973001519104}, "datetime": {"datetime": "2023-02-17 02:21:25", "elapsed": 17.185661, "delta": 0.848094}}
{"target": 141.3832054625367, "params": {"ext_i_mean": 97.0, "inj_i_mean": 128.0, "mid_i_mean": 107.72964454536293}, "datetime": {"datetime": "2023-02-17 02:21:26", "elapsed": 17.782202, "delta": 0.596541}}
{"target": 141.52177175872632, "params": {"ext_i_mean": 97.0, "inj_i_mean": 128.0, "mid_i_mean": 107.73451345530094}, "datetime": {"datetime": "2023-02-17 02:21:26", "elapsed": 18.36698, "delta": 0.584778}}
{"target": 141.1392950081344, "params": {"ext_i_mean": 97.07653153440339, "inj_i_mean": 127.9778580341961, "mid_i_mean": 108.67658653215626}, "datetime": {"datetime": "2023-02-17 02:21:27", "elapsed": 18.936571, "delta": 0.569591}}
{"target": 141.33744723621962, "params": {"ext_i_mean": 97.0, "inj_i_mean": 128.0, "mid_i_mean": 107.55581211869071}, "datetime": {"datetime": "2023-02-17 02:21:27", "elapsed": 19.514364, "delta": 0.577793}}
{"target": 139.74181459428684, "params": {"ext_i_mean": 97.13636976909149, "inj_i_mean": 127.99123928782349, "mid_i_mean": 105.82812545795534}, "datetime": {"datetime": "2023-02-17 02:21:28", "elapsed": 20.077755, "delta": 0.563391}}
