{"target": 123.32325418510023, "params": {"ext_i_mean": 106.42135021625879, "inj_i_mean": 126.33579780684744, "mid_i_mean": 109.75470362466545}, "datetime": {"datetime": "2023-02-17 02:21:55", "elapsed": 0.0, "delta": 0.0}}
{"target": 133.79660032142436, "params": {"ext_i_mean": 100.86429535815957, "inj_i_mean": 127.55737156261976, "mid_i_mean": 107.48978229631761}, "datetime": {"datetime": "2023-02-17 02:21:55", "elapsed": 0.000761, "delta": 0.000761}}
{"target": 127.51157762824458, "params": {"ext_i_mean": 100.76609827125871, "inj_i_mean": 118.37193975268286, "mid_i_mean": 97.14719123146453}, "datetime": {"datetime": "2023-02-17 02:21:55", "elapsed": 0.001286, "delta": 0.000525}}
{"target": 140.1223762431746, "params": {"ext_i_mean": 97.21236172050219, "inj_i_mean": 126.18594898297269, "mid_i_mean": 106.63417654901345}, "datetime": {"datetime": "2023-02-17 02:21:55", "elapsed": 0.001796, "delta": 0.00051}}
{"target": 127.25497630945245, "params": {"ext_i_mean": 100.62126078458996, "inj_i_mean": 125.07017732151947, "mid_i_mean": 100.98032967535752}, "datetime": {"datetime": "2023-02-17 02:21:55", "elapsed": 0.002307, "delta": 0.000511}}
{"target": 135.35069237785973, "params": {"ext_i_mean": 97.0, "inj_i_mean": 126.33873044193018, "mid_i_mean": 102.02102539336646}, "datetime": {"datetime": "2023-02-17 02:21:56", "elapsed": 1.231316, "delta": 1.229009}}
{"target": 138.89058091696228, "params": {"ext_i_mean": 97.0, "inj_i_mean": 128.0, "mid_i_mean": 104.9051221634969}, "datetime": {"datetime": "2023-02-17 02:21:56", "elapsed": 1.916023, "delta": 0.684707}}
{"target": 134.66539028872097, "params": {"ext_i_mean": 97.0, "inj_i_mean": 123.55367144537456, "mid_i_mean": 105.9458174969027}, "datetime": {"datetime": "2023-02-17 02:21:57", "elapsed": 2.814178, "delta": 0.898155}}
{"target": 140.4381456103433, "params": {"ext_i_mean": 97.13646518027365, "inj_i_mean": 127.81176152311765, "mid_i_mean": 109.04272906510565}, "datetime": {"datetime": "2023-02-17 02:21:58", "elapsed": 3.553104, "delta": 0.738926}}
{"target": 139.52496538724836, "params": {"ext_i_mean": 97.14056620352503, "inj_i_mean": 127.7214479096637, "mid_i_mean": 109.80602446283316}, "datetime": {"datetime": "2023-02-17 02:21:59", "elapsed": 4.176892, "delta": 0.623788}}
{"target": 139.46430314690474, "params": {"ext_i_mean": 97.0473020584878, "inj_i_mean": 127.82634740704079, "mid_i_mean": 109.85799303527529}, "datetime": {"datetime": "2023-02-17 02:21:59", "elapsed": 4.729517, "delta": 0.552625}}
{"target": 140.43481523223153, "params": {"ext_i_mean": 97.00627790835615, "inj_i_mean": 127.9026952279331, "mid_i_mean": 109.31633865616853}, "datetime": {"datetime": "2023-02-17 02:22:00", "elapsed": 5.37039, "delta": 0.640873}}
{"target": 141.15851796104673, "params": {"ext_i_mean": 97.06454651110116, "inj_i_mean": 127.81261927305721, "mid_i_mean": 108.30372479005048}, "datetime": {"datetime": "2023-02-17 02:22:00", "elapsed": 5.926764, "delta": 0.556374}}
{"target": 103.5736490201075, "params": {"ext_i_mean": 97.0, "inj_i_mean": 116.0, "mid_i_mean": 109.98791788053846}, "datetime": {"datetime": "2023-02-17 02:22:01", "elapsed": 6.529772, "delta": 0.603008}}
{"target": 140.75538942095645, "params": {"ext_i_mean": 97.24958414304791, "inj_i_mean": 127.70438233672047, "mid_i_mean": 106.92077629046473}, "datetime": {"datetime": "2023-02-17 02:22:02", "elapsed": 7.208878, "delta": 0.679106}}
{"target": 139.98539196616125, "params": {"ext_i_mean": 97.32886438763941, "inj_i_mean": 127.99311430221414, "mid_i_mean": 106.40079788236999}, "datetime": {"datetime": "2023-02-17 02:22:02", "elapsed": 7.842935, "delta": 0.634057}}
{"target": 141.17268558285892, "params": {"ext_i_mean": 97.0, "inj_i_mean": 128.0, "mid_i_mean": 107.23097041711513}, "datetime": {"datetime": "2023-02-17 02:22:03", "elapsed": 8.60014, "delta": 0.757205}}
{"target": 141.30144070165673, "params": {"ext_i_mean": 97.15811786098156, "inj_i_mean": 127.70819346629811, "mid_i_mean": 107.9095790327542}, "datetime": {"datetime": "2023-02-17 02:22:04", "elapsed": 9.29883, "delta": 0.69869}}
{"target": 140.95384532636695, "params": {"ext_i_mean": 97.12151762565303, "inj_i_mean": 127.77788851466397, "mid_i_mean": 107.20760096146883}, "datetime": {"datetime": "2023-02-17 02:22:04", "elapsed": 9.962297, "delta": 0.663467}}
{"target": 140.220127648443, "params": {"ext_i_mean": 97.27709342837109, "inj_i_mean": 127.87755451506322, "mid_i_mean": 106.33412256720541}, "datetime": {"datetime": "2023-02-17 02:22:05", "elapsed": 10.721996, "delta": 0.759699}}
{"target": 126.46912925524126, "params": {"ext_i_mean": 97.0, "inj_i_mean": 128.0, "mid_i_mean": 97.0}, "datetime": {"datetime": "2023-02-17 02:22:06", "elapsed": 11.31254, "delta": 0.590544}}
{"target": 94.45503280556183, "params": {"ext_i_mean": 110.0, "inj_i_mean": 116.0, "mid_i_mean": 97.0}, "datetime": {"datetime": "2023-02-17 02:22:06", "elapsed": 11.944383, "delta": 0.631843}}
{"target": 141.07071403149607, "params": {"ext_i_mean": 97.0, "inj_i_mean": 128.0, "mid_i_mean": 106.81055316004047}, "datetime": {"datetime": "2023-02-17 02:22:07", "elapsed": 12.537174, "delta": 0.592791}}
{"target": 141.43540126560902, "params": {"ext_i_mean": 97.0, "inj_i_mean": 128.0, "mid_i_mean": 107.53433467957267}, "datetime": {"datetime": "2023-02-17 02:22:08", "elapsed": 13.14817, "delta": 0.610996}}
{"target": 141.4110573790973, "params": {"ext_i_mean": 97.0, "inj_i_mean": 128.0, "mid_i_mean": 107.53040823114806}, "datetime": {"datetime": "2023-02-17 02:22:08", "elapsed": 13.755829, "delta": 0.607659}}
{"target": 141.4999507795202, "params": {"ext_i_mean": 97.0, "inj_i_mean": 128.0, "mid_i_mean": 107.54893396626456}, "datetime": {"datetime": "2023-02-17 02:22:09", "elapsed": 14.396603, "delta": 0.640774}}
{"target": 141.15165755060522, "params": {"ext_i_mean": 97.08573460914387, "inj_i_mean": 127.86180606588354, "mid_i_mean": 107.35205369568791}, "datetime": {"datetime": "2023-02-17 02:22:10", "elapsed": 15.012233, "delta": 0.61563}}
{"target": 141.1145810983955, "params": {"ext_i_mean": 97.12099473349541, "inj_i_mean": 127.9964579237647, "mid_i_mean": 107.63964705141505}, "datetime": {"datetime": "2023-02-17 02:22:10", "elapsed": 15.572225, "delta": 0.559992}}
{"target": 141.29566414518717, "params": {"ext_i_mean": 97.20645539718547, "inj_i_mean": 127.84966960634885, "mid_i_mean": 107.8242109414735}, "datetime": {"datetime": "2023-02-17 02:22:11", "elapsed": 16.136427, "delta": 0.564202}}
{"target": 140.54459609998372, "params": {"ext_i_mean": 97.1603425149844, "inj_i_mean": 127.9752891393868, "mid_i_mean": 109.22435912286545}, "datetime": {"datetime": "2023-02-17 02:22:11", "elapsed": 16.723776, "delta": 0.587349}}
{"target": 139.42418113333258, "params": {"ext_i_mean": 97.05247358464317, "inj_i_mean": 127.90334012776759, "mid_i_mean": 109.91987246768277}, "datetime": {"datetime": "2023-02-17 02:22:12", "elapsed": 17.316951, "delta": 0.593175}}
{"target": 139.4860627833302, "params": {"ext_i_mean": 97.0, "inj_i_mean": 128.0, "mid_i_mean": 110.0}, "datetime": {"datetime": "2023-02-17 02:22:12", "elapsed": 17.940107, "delta": 0.623156}}
{"target": 138.400008491807, "params": {"ext_i_mean": 97.00191305514653, "inj_i_mean": 127.85518052311589, "mid_i_mean": 104.54119321589948}, "datetime": {"datetime": "2023-02-17 02:22:13", "elapsed": 18.510369, "delta": 0.570262}}
{"target": 132.1557726321483, "params": {"ext_i_mean": 97.0, "inj_i_mean": 116.0, "mid_i_mean": 97.0}, "datetime": {"datetime": "2023-02-17 02:22:14", "elapsed": 19.109359, "delta": 0.59899}}
{"target": 133.3073015234334, "params": {"ext_i_mean": 97.10024785178513, "inj_i_mean": 121.0979677103649, "mid_i_mean": 97.04029781702086}, "datetime": {"datetime": "2023-02-17 02:22:14", "elapsed": 19.666544, "delta": 0.557185}}
