{"target": 107.48361602665405, "params": {"ext_i_mean": 108.72718429649217, "inj_i_mean": 123.540136538263, "mid_i_mean": 102.1923664126601}, "datetime": {"datetime": "2023-02-17 02:18:41", "elapsed": 0.0, "delta": 0.0}}
{"target": 121.99964163929708, "params": {"ext_i_mean": 108.5502702618857, "inj_i_mean": 124.29651961568648, "mid_i_mean": 108.29762220284452}, "datetime": {"datetime": "2023-02-17 02:18:41", "elapsed": 0.000891, "delta": 0.000891}}
{"target": 117.32781095096742, "params": {"ext_i_mean": 102.10501679826616, "inj_i_mean": 126.40392505816118, "mid_i_mean": 98.96932661869373}, "datetime": {"datetime": "2023-02-17 02:18:41", "elapsed": 0.00152, "delta": 0.000629}}
{"target": 129.10535180411355, "params": {"ext_i_mean": 104.25003734206503, "inj_i_mean": 117.09104805450733, "mid_i_mean": 101.61798951806988}, "datetime": {"datetime": "2023-02-17 02:18:41", "elapsed": 0.002142, "delta": 0.000622}}
{"target": 126.56409391163686, "params": {"ext_i_mean": 99.28031418929703, "inj_i_mean": 122.81113250078928, "mid_i_mean": 107.95522739178571}, "datetime": {"datetime": "2023-02-17 02:18:41", "elapsed": 0.002756, "delta": 0.000614}}
{"target": 127.34371806421875, "params": {"ext_i_mean": 99.13823734983777, "inj_i_mean": 123.01576336149246, "mid_i_mean": 107.87219103994694}, "datetime": {"datetime": "2023-02-17 02:18:41", "elapsed": 0.042169, "delta": 0.039413}}
{"target": 127.25916734938386, "params": {"ext_i_mean": 103.0614493679064, "inj_i_mean": 116.0, "mid_i_mean": 101.86006746162809}, "datetime": {"datetime": "2023-02-17 02:18:41", "elapsed": 0.522274, "delta": 0.480105}}
{"target": 123.40161031522615, "params": {"ext_i_mean": 104.80914774158173, "inj_i_mean": 116.0, "mid_i_mean": 99.22128267387632}, "datetime": {"datetime": "2023-02-17 02:18:41", "elapsed": 0.764167, "delta": 0.241893}}
{"target": 128.73492781499178, "params": {"ext_i_mean": 102.59455363903407, "inj_i_mean": 117.87788832553686, "mid_i_mean": 104.48043212850807}, "datetime": {"datetime": "2023-02-17 02:18:41", "elapsed": 0.965268, "delta": 0.201101}}
{"target": 123.88559240865607, "params": {"ext_i_mean": 98.84407508072326, "inj_i_mean": 117.44098265897695, "mid_i_mean": 105.86624982086911}, "datetime": {"datetime": "2023-02-17 02:18:42", "elapsed": 1.207959, "delta": 0.242691}}
{"target": 125.11808690449357, "params": {"ext_i_mean": 104.84838997374344, "inj_i_mean": 116.0, "mid_i_mean": 105.05765594917261}, "datetime": {"datetime": "2023-02-17 02:18:42", "elapsed": 1.443736, "delta": 0.235777}}
{"target": 130.9532957765593, "params": {"ext_i_mean": 101.44588136135366, "inj_i_mean": 118.57381069323779, "mid_i_mean": 102.0376687289904}, "datetime": {"datetime": "2023-02-17 02:18:42", "elapsed": 1.686573, "delta": 0.242837}}
{"target": 131.30182492489095, "params": {"ext_i_mean": 98.79756513481334, "inj_i_mean": 118.28044648046856, "mid_i_mean": 99.9385636204826}, "datetime": {"datetime": "2023-02-17 02:18:42", "elapsed": 1.955048, "delta": 0.268475}}
{"target": 132.71862635755542, "params": {"ext_i_mean": 97.0, "inj_i_mean": 116.58281981376997, "mid_i_mean": 97.3858799320132}, "datetime": {"datetime": "2023-02-17 02:18:43", "elapsed": 2.183493, "delta": 0.228445}}
{"target": 134.7661768216063, "params": {"ext_i_mean": 97.0, "inj_i_mean": 119.02062057819005, "mid_i_mean": 97.0}, "datetime": {"datetime": "2023-02-17 02:18:43", "elapsed": 2.454593, "delta": 0.2711}}
{"target": 134.1212294293576, "params": {"ext_i_mean": 97.01481695003349, "inj_i_mean": 120.03219385534649, "mid_i_mean": 97.9250369762328}, "datetime": {"datetime": "2023-02-17 02:18:43", "elapsed": 2.588013, "delta": 0.13342}}
{"target": 134.16424412859365, "params": {"ext_i_mean": 97.0, "inj_i_mean": 120.11779481719749, "mid_i_mean": 97.0}, "datetime": {"datetime": "2023-02-17 02:18:43", "elapsed": 2.738178, "delta": 0.150165}}
{"target": 134.8569360760271, "params": {"ext_i_mean": 97.0, "inj_i_mean": 118.62658390324623, "mid_i_mean": 97.0}, "datetime": {"datetime": "2023-02-17 02:18:43", "elapsed": 2.927367, "delta": 0.189189}}
{"target": 130.89310682918608, "params": {"ext_i_mean": 98.89277917685476, "inj_i_mean": 118.63117514129041, "mid_i_mean": 97.06997488451954}, "datetime": {"datetime": "2023-02-17 02:18:44", "elapsed": 3.133408, "delta": 0.206041}}
{"target": 134.27096938633082, "params": {"ext_i_mean": 97.0, "inj_i_mean": 120.34927068878778, "mid_i_mean": 99.73104860181517}, "datetime": {"datetime": "2023-02-17 02:18:44", "elapsed": 3.335402, "delta": 0.201994}}
{"target": 133.11631956029638, "params": {"ext_i_mean": 97.0, "inj_i_mean": 121.61900225667506, "mid_i_mean": 97.0}, "datetime": {"datetime": "2023-02-17 02:18:44", "elapsed": 3.521287, "delta": 0.185885}}
{"target": 134.15602471132183, "params": {"ext_i_mean": 97.0, "inj_i_mean": 119.01616765298772, "mid_i_mean": 99.0792686020559}, "datetime": {"datetime": "2023-02-17 02:18:44", "elapsed": 3.74937, "delta": 0.228083}}
{"target": 139.43093272243718, "params": {"ext_i_mean": 97.0, "inj_i_mean": 128.0, "mid_i_mean": 110.0}, "datetime": {"datetime": "2023-02-17 02:18:44", "elapsed": 3.963947, "delta": 0.214577}}
{"target": 140.4455717669166, "params": {"ext_i_mean": 97.3106328370911, "inj_i_mean": 127.92737634512665, "mid_i_mean": 109.00713526567394}, "datetime": {"datetime": "2023-02-17 02:18:45", "elapsed": 4.017717, "delta": 0.05377}}
{"target": 139.4394515207974, "params": {"ext_i_mean": 97.36349923944421, "inj_i_mean": 127.99452620389724, "mid_i_mean": 109.77809074456503}, "datetime": {"datetime": "2023-02-17 02:18:45", "elapsed": 4.049461, "delta": 0.031744}}
{"target": 141.35555281703103, "params": {"ext_i_mean": 97.0, "inj_i_mean": 128.0, "mid_i_mean": 107.16180353236962}, "datetime": {"datetime": "2023-02-17 02:18:45", "elapsed": 4.126031, "delta": 0.07657}}
{"target": 140.77533390618416, "params": {"ext_i_mean": 97.0, "inj_i_mean": 128.0, "mid_i_mean": 106.55196113365696}, "datetime": {"datetime": "2023-02-17 02:18:45", "elapsed": 4.233839, "delta": 0.107808}}
{"target": 141.11660630555087, "params": {"ext_i_mean": 97.0, "inj_i_mean": 128.0, "mid_i_mean": 107.07308013249873}, "datetime": {"datetime": "2023-02-17 02:18:45", "elapsed": 4.3088, "delta": 0.074961}}
{"target": 139.39145491299655, "params": {"ext_i_mean": 97.07046120297721, "inj_i_mean": 127.23486259123037, "mid_i_mean": 104.89730499289466}, "datetime": {"datetime": "2023-02-17 02:18:45", "elapsed": 4.40822, "delta": 0.09942}}
{"target": 141.28505132474453, "params": {"ext_i_mean": 97.08295643706931, "inj_i_mean": 127.81952416221488, "mid_i_mean": 107.18651018888872}, "datetime": {"datetime": "2023-02-17 02:18:45", "elapsed": 4.447751, "delta": 0.039531}}
{"target": 141.27821620012253, "params": {"ext_i_mean": 97.03522848127083, "inj_i_mean": 127.76055617991528, "mid_i_mean": 108.05159931716783}, "datetime": {"datetime": "2023-02-17 02:18:45", "elapsed": 4.483425, "delta": 0.035674}}
{"target": 141.35424284909524, "params": {"ext_i_mean": 97.0, "inj_i_mean": 128.0, "mid_i_mean": 107.17247186633102}, "datetime": {"datetime": "2023-02-17 02:18:45", "elapsed": 4.700582, "delta": 0.217157}}
{"target": 140.83132016016947, "params": {"ext_i_mean": 97.15522818514577, "inj_i_mean": 127.92249597399399, "mid_i_mean": 106.7413223654652}, "datetime": {"datetime": "2023-02-17 02:18:45", "elapsed": 4.815204, "delta": 0.114622}}
{"target": 139.77510741508772, "params": {"ext_i_mean": 97.03564051256468, "inj_i_mean": 127.97507665965892, "mid_i_mean": 105.7244460223612}, "datetime": {"datetime": "2023-02-17 02:18:45", "elapsed": 4.871885, "delta": 0.056681}}
{"target": 139.36943378419556, "params": {"ext_i_mean": 97.0, "inj_i_mean": 128.0, "mid_i_mean": 110.0}, "datetime": {"datetime": "2023-02-17 02:18:45", "elapsed": 4.932294, "delta": 0.060409}}
