{"target": 114.97096250609043, "params": {"ext_i_mean": 103.70624132521185, "inj_i_mean": 127.03398297212802, "mid_i_mean": 100.44304365595887}, "datetime": {"datetime": "2023-02-17 02:18:20", "elapsed": 0.0, "delta": 0.0}}
{"target": 133.0078096532963, "params": {"ext_i_mean": 100.97922620855412, "inj_i_mean": 125.92192521923678, "mid_i_mean": 107.68739251422333}, "datetime": {"datetime": "2023-02-17 02:18:20", "elapsed": 0.000548, "delta": 0.000548}}
{"target": 107.52428641348978, "params": {"ext_i_mean": 108.04058164032234, "inj_i_mean": 127.10762462576247, "mid_i_mean": 106.44834210032354}, "datetime": {"datetime": "2023-02-17 02:18:20", "elapsed": 0.000962, "delta": 0.000414}}
{"target": 124.7193714278383, "params": {"ext_i_mean": 101.81648491835033, "inj_i_mean": 120.1414095135113, "mid_i_mean": 109.1168948411981}, "datetime": {"datetime": "2023-02-17 02:18:20", "elapsed": 0.001369, "delta": 0.000407}}
{"target": 123.41182316568518, "params": {"ext_i_mean": 98.04564643509882, "inj_i_mean": 116.42267647460623, "mid_i_mean": 104.24804778542243}, "datetime": {"datetime": "2023-02-17 02:18:20", "elapsed": 0.001772, "delta": 0.000403}}
{"target": 132.00926308982633, "params": {"ext_i_mean": 100.86168241966595, "inj_i_mean": 124.87244726477493, "mid_i_mean": 108.02207058730228}, "datetime": {"datetime": "2023-02-17 02:18:20", "elapsed": 0.388459, "delta": 0.386687}}
{"target": 137.0819232679891, "params": {"ext_i_mean": 98.85859575746349, "inj_i_mean": 126.24084923525095, "mid_i_mean": 108.60656711536508}, "datetime": {"datetime": "2023-02-17 02:18:20", "elapsed": 0.62374, "delta": 0.235281}}
{"target": 139.1129627472564, "params": {"ext_i_mean": 97.0, "inj_i_mean": 127.54146556388386, "mid_i_mean": 110.0}, "datetime": {"datetime": "2023-02-17 02:18:20", "elapsed": 0.787548, "delta": 0.163808}}
{"target": 135.66463889165558, "params": {"ext_i_mean": 97.0, "inj_i_mean": 125.26683466144212, "mid_i_mean": 110.0}, "datetime": {"datetime": "2023-02-17 02:18:21", "elapsed": 0.99429, "delta": 0.206742}}
{"target": 141.36705976742405, "params": {"ext_i_mean": 97.0, "inj_i_mean": 128.0, "mid_i_mean": 107.43546056720663}, "datetime": {"datetime": "2023-02-17 02:18:21", "elapsed": 1.217966, "delta": 0.223676}}
{"target": 137.7948943838444, "params": {"ext_i_mean": 97.08697753181956, "inj_i_mean": 127.91864449426271, "mid_i_mean": 104.45688229416331}, "datetime": {"datetime": "2023-02-17 02:18:21", "elapsed": 1.427749, "delta": 0.209783}}
{"target": 141.38230814487605, "params": {"ext_i_mean": 97.0, "inj_i_mean": 128.0, "mid_i_mean": 108.1128758367758}, "datetime": {"datetime": "2023-02-17 02:18:21", "elapsed": 1.629886, "delta": 0.202137}}
{"target": 139.34530939709495, "params": {"ext_i_mean": 97.0, "inj_i_mean": 128.0, "mid_i_mean": 110.0}, "datetime": {"datetime": "2023-02-17 02:18:21", "elapsed": 1.852176, "delta": 0.22229}}
{"target": 141.43301616207327, "params": {"ext_i_mean": 97.0, "inj_i_mean": 128.0, "mid_i_mean": 107.44725664069207}, "datetime": {"datetime": "2023-02-17 02:18:22", "elapsed": 2.013287, "delta": 0.161111}}
{"target": 141.45490786008358, "params": {"ext_i_mean": 97.0, "inj_i_mean": 128.0, "mid_i_mean": 107.48905980036679}, "datetime": {"datetime": "2023-02-17 02:18:22", "elapsed": 2.204203, "delta": 0.190916}}
{"target": 139.3371671772105, "params": {"ext_i_mean": 97.0, "inj_i_mean": 128.0, "mid_i_mean": 110.0}, "datetime": {"datetime": "2023-02-17 02:18:22", "elapsed": 2.429495, "delta": 0.225292}}
{"target": 94.29814269646765, "params": {"ext_i_mean": 110.0, "inj_i_mean": 116.0, "mid_i_mean": 97.0}, "datetime": {"datetime": "2023-02-17 02:18:22", "elapsed": 2.622108, "delta": 0.192613}}
{"target": 140.06029485638695, "params": {"ext_i_mean": 97.29315688816553, "inj_i_mean": 127.82836170891377, "mid_i_mean": 109.47749230911147}, "datetime": {"datetime": "2023-02-17 02:18:22", "elapsed": 2.676628, "delta": 0.05452}}
{"target": 139.2721059581238, "params": {"ext_i_mean": 97.0, "inj_i_mean": 128.0, "mid_i_mean": 110.0}, "datetime": {"datetime": "2023-02-17 02:18:22", "elapsed": 2.760279, "delta": 0.083651}}
{"target": 139.4957183478419, "params": {"ext_i_mean": 97.0, "inj_i_mean": 128.0, "mid_i_mean": 110.0}, "datetime": {"datetime": "2023-02-17 02:18:22", "elapsed": 2.864499, "delta": 0.10422}}
{"target": 139.13877956519323, "params": {"ext_i_mean": 97.16255755922933, "inj_i_mean": 127.97678371313656, "mid_i_mean": 105.33724628057}, "datetime": {"datetime": "2023-02-17 02:18:23", "elapsed": 2.924329, "delta": 0.05983}}
{"target": 139.4329536281282, "params": {"ext_i_mean": 97.0, "inj_i_mean": 128.0, "mid_i_mean": 110.0}, "datetime": {"datetime": "2023-02-17 02:18:23", "elapsed": 3.009453, "delta": 0.085124}}
{"target": 126.42045940334067, "params": {"ext_i_mean": 97.0, "inj_i_mean": 128.0, "mid_i_mean": 97.0}, "datetime": {"datetime": "2023-02-17 02:18:23", "elapsed": 3.09652, "delta": 0.087067}}
{"target": 139.43166876198438, "params": {"ext_i_mean": 97.0, "inj_i_mean": 128.0, "mid_i_mean": 110.0}, "datetime": {"datetime": "2023-02-17 02:18:23", "elapsed": 3.194489, "delta": 0.097969}}
{"target": 141.29115780792253, "params": {"ext_i_mean": 97.0, "inj_i_mean": 128.0, "mid_i_mean": 107.20210062467444}, "datetime": {"datetime": "2023-02-17 02:18:23", "elapsed": 3.280609, "delta": 0.08612}}
{"target": 141.38359629471063, "params": {"ext_i_mean": 97.0, "inj_i_mean": 128.0, "mid_i_mean": 107.2185191529846}, "datetime": {"datetime": "2023-02-17 02:18:23", "elapsed": 3.45784, "delta": 0.177231}}
{"target": 139.35017874721458, "params": {"ext_i_mean": 97.0, "inj_i_mean": 128.0, "mid_i_mean": 110.0}, "datetime": {"datetime": "2023-02-17 02:18:23", "elapsed": 3.524316, "delta": 0.066476}}
{"target": 139.30229775243168, "params": {"ext_i_mean": 97.0, "inj_i_mean": 128.0, "mid_i_mean": 110.0}, "datetime": {"datetime": "2023-02-17 02:18:23", "elapsed": 3.599182, "delta": 0.074866}}
{"target": 140.55337443602707, "params": {"ext_i_mean": 97.08437688049895, "inj_i_mean": 127.6887150431548, "mid_i_mean": 106.0988623044601}, "datetime": {"datetime": "2023-02-17 02:18:23", "elapsed": 3.722966, "delta": 0.123784}}
{"target": 141.33481223647465, "params": {"ext_i_mean": 97.07988706555457, "inj_i_mean": 127.78027706616652, "mid_i_mean": 107.28975070281777}, "datetime": {"datetime": "2023-02-17 02:18:23", "elapsed": 3.798474, "delta": 0.075508}}
{"target": 140.66389898635532, "params": {"ext_i_mean": 97.03557402286383, "inj_i_mean": 127.73929468204594, "mid_i_mean": 106.4161413868477}, "datetime": {"datetime": "2023-02-17 02:18:23", "elapsed": 3.885986, "delta": 0.087512}}
{"target": 140.18051509703648, "params": {"ext_i_mean": 97.10952234081387, "inj_i_mean": 127.90580843860106, "mid_i_mean": 106.01282207640737}, "datetime": {"datetime": "2023-02-17 02:18:24", "elapsed": 3.924825, "delta": 0.038839}}
{"target": 141.01030549556793, "params": {"ext_i_mean": 97.04839889950772, "inj_i_mean": 127.73463855002261, "mid_i_mean": 106.65768939485254}, "datetime": {"datetime": "2023-02-17 02:18:24", "elapsed": 3.986195, "delta": 0.06137}}
{"target": 140.54404316695613, "params": {"ext_i_mean": 97.01927777610216, "inj_i_mean": 127.74915301746942, "mid_i_mean": 106.27828414463636}, "datetime": {"datetime": "2023-02-17 02:18:24", "elapsed": 4.034092, "delta": 0.047897}}
{"target": 139.74232774068543, "params": {"ext_i_mean": 97.0, "inj_i_mean": 125.65626097533176, "mid_i_mean": 107.54450292868627}, "datetime": {"datetime": "2023-02-17 02:18:24", "elapsed": 4.129746, "delta": 0.095654}}
