{"target": 130.69755113900186, "params": {"ext_i_mean": 98.07049897726384, "inj_i_mean": 117.36981173611281, "mid_i_mean": 99.02421858949832}, "datetime": {"datetime": "2023-02-17 02:22:51", "elapsed": 0.0, "delta": 0.0}}
{"target": 131.2065242185492, "params": {"ext_i_mean": 98.02917456040561, "inj_i_mean": 117.15590368651927, "mid_i_mean": 97.74802921692532}, "datetime": {"datetime": "2023-02-17 02:22:51", "elapsed": 0.000829, "delta": 0.000829}}
{"target": 122.3691549486657, "params": {"ext_i_mean": 104.94291526285505, "inj_i_mean": 124.48166831203372, "mid_i_mean": 104.00595921209253}, "datetime": {"datetime": "2023-02-17 02:22:51", "elapsed": 0.001387, "delta": 0.000558}}
{"target": 128.61162797157706, "params": {"ext_i_mean": 103.08168145021625, "inj_i_mean": 123.7711582872381, "mid_i_mean": 109.53228202385566}, "datetime": {"datetime": "2023-02-17 02:22:51", "elapsed": 0.001934, "delta": 0.000547}}
{"target": 134.72267310306268, "params": {"ext_i_mean": 97.25390295054297, "inj_i_mean": 121.61226860442143, "mid_i_mean": 101.97139521720779}, "datetime": {"datetime": "2023-02-17 02:22:51", "elapsed": 0.002488, "delta": 0.000554}}
{"target": 133.54895081530884, "params": {"ext_i_mean": 97.0, "inj_i_mean": 122.39331775576136, "mid_i_mean": 99.97117417490797}, "datetime": {"datetime": "2023-02-17 02:22:52", "elapsed": 1.140442, "delta": 1.137954}}
{"target": 134.53945379024248, "params": {"ext_i_mean": 97.0, "inj_i_mean": 123.96539731457004, "mid_i_mean": 101.01187019044286}, "datetime": {"datetime": "2023-02-17 02:22:54", "elapsed": 2.834177, "delta": 1.693735}}
{"target": 129.07115272528785, "params": {"ext_i_mean": 97.0, "inj_i_mean": 125.53747893346004, "mid_i_mean": 97.0}, "datetime": {"datetime": "2023-02-17 02:22:56", "elapsed": 4.616305, "delta": 1.782128}}
{"target": 133.78064625484646, "params": {"ext_i_mean": 97.0, "inj_i_mean": 120.61916888199619, "mid_i_mean": 97.0}, "datetime": {"datetime": "2023-02-17 02:22:57", "elapsed": 5.690476, "delta": 1.074171}}
{"target": 131.62193938804876, "params": {"ext_i_mean": 98.05421359069278, "inj_i_mean": 120.95545357368877, "mid_i_mean": 98.04069573362796}, "datetime": {"datetime": "2023-02-17 02:22:58", "elapsed": 6.734247, "delta": 1.043771}}
{"target": 135.6682930366103, "params": {"ext_i_mean": 97.0, "inj_i_mean": 122.9737024045013, "mid_i_mean": 102.76948136210517}, "datetime": {"datetime": "2023-02-17 02:22:59", "elapsed": 7.622104, "delta": 0.887857}}
{"target": 137.05784106376512, "params": {"ext_i_mean": 97.0, "inj_i_mean": 123.70377861028136, "mid_i_mean": 103.81017705502701}, "datetime": {"datetime": "2023-02-17 02:23:00", "elapsed": 8.774281, "delta": 1.152177}}
{"target": 132.87563205126773, "params": {"ext_i_mean": 97.0, "inj_i_mean": 122.28253946416814, "mid_i_mean": 104.85087274179102}, "datetime": {"datetime": "2023-02-17 02:23:01", "elapsed": 9.715654, "delta": 0.941373}}
{"target": 139.2427029255182, "params": {"ext_i_mean": 97.0, "inj_i_mean": 125.51598392128894, "mid_i_mean": 104.02333195847352}, "datetime": {"datetime": "2023-02-17 02:23:02", "elapsed": 10.679561, "delta": 0.963907}}
{"target": 139.36525203724213, "params": {"ext_i_mean": 97.0, "inj_i_mean": 127.08806555624719, "mid_i_mean": 104.80663378333658}, "datetime": {"datetime": "2023-02-17 02:23:03", "elapsed": 11.457619, "delta": 0.778058}}
{"target": 139.84598628929902, "params": {"ext_i_mean": 97.11675239443598, "inj_i_mean": 127.8846571515404, "mid_i_mean": 105.85962174929787}, "datetime": {"datetime": "2023-02-17 02:23:03", "elapsed": 12.151428, "delta": 0.693809}}
{"target": 140.98063374354265, "params": {"ext_i_mean": 97.0, "inj_i_mean": 128.0, "mid_i_mean": 106.90031743421443}, "datetime": {"datetime": "2023-02-17 02:23:04", "elapsed": 13.176444, "delta": 1.025016}}
{"target": 141.43810095644997, "params": {"ext_i_mean": 97.05008016070134, "inj_i_mean": 127.87211808269218, "mid_i_mean": 107.36629754674901}, "datetime": {"datetime": "2023-02-17 02:23:05", "elapsed": 13.900165, "delta": 0.723721}}
{"target": 140.7772432635977, "params": {"ext_i_mean": 97.06820465509821, "inj_i_mean": 127.72652405461443, "mid_i_mean": 108.76300603452903}, "datetime": {"datetime": "2023-02-17 02:23:06", "elapsed": 14.623286, "delta": 0.723121}}
{"target": 139.85153010022083, "params": {"ext_i_mean": 97.0, "inj_i_mean": 128.0, "mid_i_mean": 109.8037017369024}, "datetime": {"datetime": "2023-02-17 02:23:07", "elapsed": 15.491548, "delta": 0.868262}}
{"target": 140.27540272727097, "params": {"ext_i_mean": 97.0766104918484, "inj_i_mean": 127.87004014585006, "mid_i_mean": 109.44515283525485}, "datetime": {"datetime": "2023-02-17 02:23:08", "elapsed": 16.214196, "delta": 0.722648}}
{"target": 141.37946545902992, "params": {"ext_i_mean": 97.0, "inj_i_mean": 128.0, "mid_i_mean": 107.34913853003016}, "datetime": {"datetime": "2023-02-17 02:23:08", "elapsed": 16.97665, "delta": 0.762454}}
{"target": 140.41782302727083, "params": {"ext_i_mean": 97.00472076463524, "inj_i_mean": 126.29781106682678, "mid_i_mean": 108.14390289773134}, "datetime": {"datetime": "2023-02-17 02:23:09", "elapsed": 17.699976, "delta": 0.723326}}
{"target": 141.11979855583695, "params": {"ext_i_mean": 97.0409885956424, "inj_i_mean": 127.74824801655377, "mid_i_mean": 108.57662888121207}, "datetime": {"datetime": "2023-02-17 02:23:10", "elapsed": 18.402291, "delta": 0.702315}}
{"target": 141.4049912344204, "params": {"ext_i_mean": 97.01802046059153, "inj_i_mean": 127.83456774441649, "mid_i_mean": 107.71863261381934}, "datetime": {"datetime": "2023-02-17 02:23:10", "elapsed": 19.154317, "delta": 0.752026}}
{"target": 140.25322724474802, "params": {"ext_i_mean": 97.195380411693, "inj_i_mean": 127.91735832436017, "mid_i_mean": 106.22761028389243}, "datetime": {"datetime": "2023-02-17 02:23:11", "elapsed": 19.861972, "delta": 0.707655}}
{"target": 140.41989501170835, "params": {"ext_i_mean": 97.48743350974584, "inj_i_mean": 127.9154598615246, "mid_i_mean": 107.38864015295562}, "datetime": {"datetime": "2023-02-17 02:23:12", "elapsed": 20.568081, "delta": 0.706109}}
{"target": 141.02111382301626, "params": {"ext_i_mean": 97.04383377904354, "inj_i_mean": 127.6880553962812, "mid_i_mean": 108.49245802858653}, "datetime": {"datetime": "2023-02-17 02:23:13", "elapsed": 21.281992, "delta": 0.713911}}
{"target": 141.04699128195148, "params": {"ext_i_mean": 97.06029939753479, "inj_i_mean": 127.91472591753885, "mid_i_mean": 106.65249508238678}, "datetime": {"datetime": "2023-02-17 02:23:13", "elapsed": 22.025213, "delta": 0.743221}}
{"target": 141.19986815842782, "params": {"ext_i_mean": 97.17993061217884, "inj_i_mean": 127.71676842098684, "mid_i_mean": 107.44966645796325}, "datetime": {"datetime": "2023-02-17 02:23:14", "elapsed": 22.729508, "delta": 0.704295}}
{"target": 141.25591034331444, "params": {"ext_i_mean": 97.00373943014947, "inj_i_mean": 127.78376467440819, "mid_i_mean": 108.29385488413963}, "datetime": {"datetime": "2023-02-17 02:23:15", "elapsed": 23.418513, "delta": 0.689005}}
{"target": 141.1714735005996, "params": {"ext_i_mean": 97.0, "inj_i_mean": 128.0, "mid_i_mean": 108.74713317144936}, "datetime": {"datetime": "2023-02-17 02:23:15", "elapsed": 24.155479, "delta": 0.736966}}
{"target": 141.46253513764435, "params": {"ext_i_mean": 97.01354930261557, "inj_i_mean": 127.67990840727437, "mid_i_mean": 108.07014768439095}, "datetime": {"datetime": "2023-02-17 02:23:16", "elapsed": 24.872955, "delta": 0.717476}}
{"target": 104.80152001084964, "params": {"ext_i_mean": 97.10456883740827, "inj_i_mean": 116.04661784424704, "mid_i_mean": 109.53119944689885}, "datetime": {"datetime": "2023-02-17 02:23:17", "elapsed": 25.572581, "delta": 0.699626}}
{"target": 136.79796551637293, "params": {"ext_i_mean": 99.44569200288878, "inj_i_mean": 128.0, "mid_i_mean": 110.0}, "datetime": {"datetime": "2023-02-17 02:23:18", "elapsed": 26.375024, "delta": 0.802443}}
