{"target": 128.16692259571295, "params": {"ext_i_mean": 101.62780752732569, "inj_i_mean": 126.2631476732702, "mid_i_mean": 102.84645120466024}, "datetime": {"datetime": "2023-02-17 02:21:29", "elapsed": 0.0, "delta": 0.0}}
{"target": 101.62584543135036, "params": {"ext_i_mean": 109.4845815790746, "inj_i_mean": 124.3287236291415, "mid_i_mean": 103.26880030465061}, "datetime": {"datetime": "2023-02-17 02:21:29", "elapsed": 0.000581, "delta": 0.000581}}
{"target": 133.5249716177177, "params": {"ext_i_mean": 99.22375413732648, "inj_i_mean": 127.66923787312386, "mid_i_mean": 104.6957962176424}, "datetime": {"datetime": "2023-02-17 02:21:29", "elapsed": 0.00101, "delta": 0.000429}}
{"target": 120.11556597449638, "params": {"ext_i_mean": 100.1854804530575, "inj_i_mean": 118.38103331927965, "mid_i_mean": 108.80422536767198}, "datetime": {"datetime": "2023-02-17 02:21:29", "elapsed": 0.001431, "delta": 0.000421}}
{"target": 127.80250037158328, "params": {"ext_i_mean": 101.12163876116934, "inj_i_mean": 119.29396613244722, "mid_i_mean": 106.04554402684685}, "datetime": {"datetime": "2023-02-17 02:21:29", "elapsed": 0.001855, "delta": 0.000424}}
{"target": 135.29924918585783, "params": {"ext_i_mean": 97.23457627532918, "inj_i_mean": 120.86604777136648, "mid_i_mean": 102.41448229685182}, "datetime": {"datetime": "2023-02-17 02:21:31", "elapsed": 1.732202, "delta": 1.730347}}
{"target": 133.00610748394269, "params": {"ext_i_mean": 97.0, "inj_i_mean": 122.43812940427271, "mid_i_mean": 98.80948326520007}, "datetime": {"datetime": "2023-02-17 02:21:33", "elapsed": 3.624625, "delta": 1.892423}}
{"target": 130.30460976905482, "params": {"ext_i_mean": 97.0, "inj_i_mean": 116.0, "mid_i_mean": 98.49866219430305}, "datetime": {"datetime": "2023-02-17 02:21:34", "elapsed": 4.700147, "delta": 1.075522}}
{"target": 134.02569972690205, "params": {"ext_i_mean": 97.0, "inj_i_mean": 117.57208164129521, "mid_i_mean": 97.0}, "datetime": {"datetime": "2023-02-17 02:21:34", "elapsed": 5.451083, "delta": 0.750936}}
{"target": 132.7510242271269, "params": {"ext_i_mean": 98.02572713192734, "inj_i_mean": 118.89844011696908, "mid_i_mean": 97.03605250502423}, "datetime": {"datetime": "2023-02-17 02:21:36", "elapsed": 6.479048, "delta": 1.027965}}
{"target": 133.33821055904514, "params": {"ext_i_mean": 97.3803779831916, "inj_i_mean": 120.32984711953425, "mid_i_mean": 97.15726082490804}, "datetime": {"datetime": "2023-02-17 02:21:36", "elapsed": 7.384423, "delta": 0.905375}}
{"target": 133.5417009248019, "params": {"ext_i_mean": 97.02689330928223, "inj_i_mean": 124.72894945256209, "mid_i_mean": 100.53145839392508}, "datetime": {"datetime": "2023-02-17 02:21:37", "elapsed": 7.9708, "delta": 0.586377}}
{"target": 128.32679037005275, "params": {"ext_i_mean": 97.0, "inj_i_mean": 126.30103109079177, "mid_i_mean": 97.0}, "datetime": {"datetime": "2023-02-17 02:21:38", "elapsed": 8.875493, "delta": 0.904693}}
{"target": 134.39766365242986, "params": {"ext_i_mean": 97.0, "inj_i_mean": 119.51370224868563, "mid_i_mean": 98.04069572086958}, "datetime": {"datetime": "2023-02-17 02:21:39", "elapsed": 9.669279, "delta": 0.793786}}
{"target": 134.19239760265972, "params": {"ext_i_mean": 97.0, "inj_i_mean": 120.11638696879393, "mid_i_mean": 99.08139142903781}, "datetime": {"datetime": "2023-02-17 02:21:40", "elapsed": 10.533133, "delta": 0.863854}}
{"target": 134.17719701582186, "params": {"ext_i_mean": 97.0, "inj_i_mean": 120.58580940666798, "mid_i_mean": 100.12208714512346}, "datetime": {"datetime": "2023-02-17 02:21:41", "elapsed": 11.464752, "delta": 0.931619}}
{"target": 134.30029642203468, "params": {"ext_i_mean": 97.0, "inj_i_mean": 122.14542265796479, "mid_i_mean": 101.1627828686572}, "datetime": {"datetime": "2023-02-17 02:21:42", "elapsed": 12.51296, "delta": 1.048208}}
{"target": 136.0621533934432, "params": {"ext_i_mean": 97.0, "inj_i_mean": 123.71417827583866, "mid_i_mean": 102.20347859956819}, "datetime": {"datetime": "2023-02-17 02:21:43", "elapsed": 13.529149, "delta": 1.016189}}
{"target": 137.95897898222051, "params": {"ext_i_mean": 97.0, "inj_i_mean": 125.1499616096112, "mid_i_mean": 103.24417431750562}, "datetime": {"datetime": "2023-02-17 02:21:44", "elapsed": 14.484528, "delta": 0.955379}}
{"target": 138.98144669374057, "params": {"ext_i_mean": 97.0, "inj_i_mean": 126.72204320812172, "mid_i_mean": 104.28485428756858}, "datetime": {"datetime": "2023-02-17 02:21:44", "elapsed": 15.252667, "delta": 0.768139}}
{"target": 139.43229676389788, "params": {"ext_i_mean": 97.0, "inj_i_mean": 128.0, "mid_i_mean": 105.32554968823983}, "datetime": {"datetime": "2023-02-17 02:21:45", "elapsed": 15.881704, "delta": 0.629037}}
{"target": 140.2173754057137, "params": {"ext_i_mean": 97.00265558332985, "inj_i_mean": 127.70905145957512, "mid_i_mean": 105.82942919366965}, "datetime": {"datetime": "2023-02-17 02:21:45", "elapsed": 16.451611, "delta": 0.569907}}
{"target": 141.29133389596686, "params": {"ext_i_mean": 97.0045838154298, "inj_i_mean": 127.75876439820188, "mid_i_mean": 107.12354549065563}, "datetime": {"datetime": "2023-02-17 02:21:46", "elapsed": 17.018674, "delta": 0.567063}}
{"target": 141.2511155430525, "params": {"ext_i_mean": 97.1003816743542, "inj_i_mean": 127.86461332319934, "mid_i_mean": 107.5009921702499}, "datetime": {"datetime": "2023-02-17 02:21:47", "elapsed": 17.587965, "delta": 0.569291}}
{"target": 141.23655371979166, "params": {"ext_i_mean": 97.0, "inj_i_mean": 128.0, "mid_i_mean": 108.54168776251484}, "datetime": {"datetime": "2023-02-17 02:21:47", "elapsed": 18.222844, "delta": 0.634879}}
{"target": 140.20941369791956, "params": {"ext_i_mean": 97.0, "inj_i_mean": 128.0, "mid_i_mean": 109.58238346306305}, "datetime": {"datetime": "2023-02-17 02:21:48", "elapsed": 18.904605, "delta": 0.681761}}
{"target": 139.35017874826232, "params": {"ext_i_mean": 97.0, "inj_i_mean": 128.0, "mid_i_mean": 110.0}, "datetime": {"datetime": "2023-02-17 02:21:49", "elapsed": 19.498179, "delta": 0.593574}}
{"target": 140.8606410464792, "params": {"ext_i_mean": 97.00973446639868, "inj_i_mean": 127.39356637146076, "mid_i_mean": 108.63386098893807}, "datetime": {"datetime": "2023-02-17 02:21:49", "elapsed": 20.057118, "delta": 0.558939}}
{"target": 140.80093987796658, "params": {"ext_i_mean": 97.00489261658464, "inj_i_mean": 126.10857942130353, "mid_i_mean": 107.13148166723272}, "datetime": {"datetime": "2023-02-17 02:21:50", "elapsed": 20.609813, "delta": 0.552695}}
{"target": 140.6343205862118, "params": {"ext_i_mean": 97.0, "inj_i_mean": 126.28125663675151, "mid_i_mean": 107.95742415406313}, "datetime": {"datetime": "2023-02-17 02:21:50", "elapsed": 21.19156, "delta": 0.581747}}
{"target": 140.99814907953112, "params": {"ext_i_mean": 97.21665764195829, "inj_i_mean": 127.86490823687514, "mid_i_mean": 107.72102149376995}, "datetime": {"datetime": "2023-02-17 02:21:51", "elapsed": 21.755737, "delta": 0.564177}}
{"target": 141.52340687714306, "params": {"ext_i_mean": 97.0, "inj_i_mean": 128.0, "mid_i_mean": 107.9091268145799}, "datetime": {"datetime": "2023-02-17 02:21:51", "elapsed": 22.39404, "delta": 0.638303}}
{"target": 141.55067048461837, "params": {"ext_i_mean": 97.0, "inj_i_mean": 128.0, "mid_i_mean": 107.95581214255571}, "datetime": {"datetime": "2023-02-17 02:21:52", "elapsed": 23.011226, "delta": 0.617186}}
{"target": 141.2812084073524, "params": {"ext_i_mean": 97.0235732030318, "inj_i_mean": 127.69053749296583, "mid_i_mean": 107.97122514824704}, "datetime": {"datetime": "2023-02-17 02:21:53", "elapsed": 23.577157, "delta": 0.565931}}
{"target": 140.81526993649487, "params": {"ext_i_mean": 97.0, "inj_i_mean": 128.0, "mid_i_mean": 109.01192084433039}, "datetime": {"datetime": "2023-02-17 02:21:53", "elapsed": 24.233131, "delta": 0.655974}}
