{"target": 108.09877203761148, "params": {"ext_i_mean": 106.32813060102262, "inj_i_mean": 121.89273355831588, "mid_i_mean": 98.33136979461365}, "datetime": {"datetime": "2023-02-17 02:18:58", "elapsed": 0.0, "delta": 0.0}}
{"target": 125.7010706925068, "params": {"ext_i_mean": 99.57245775224106, "inj_i_mean": 121.48654444625348, "mid_i_mean": 107.12658773374838}, "datetime": {"datetime": "2023-02-17 02:18:58", "elapsed": 0.000788, "delta": 0.000788}}
{"target": 112.19384216626075, "params": {"ext_i_mean": 101.91110222176104, "inj_i_mean": 127.24987273185867, "mid_i_mean": 97.94138731943879}, "datetime": {"datetime": "2023-02-17 02:18:58", "elapsed": 0.001347, "delta": 0.000559}}
{"target": 127.45218878617564, "params": {"ext_i_mean": 108.15501812654088, "inj_i_mean": 118.86832065311522, "mid_i_mean": 105.33293153122965}, "datetime": {"datetime": "2023-02-17 02:18:58", "elapsed": 0.001891, "delta": 0.000544}}
{"target": 128.86079020666728, "params": {"ext_i_mean": 105.45990676136198, "inj_i_mean": 121.66572822194703, "mid_i_mean": 102.10280748458082}, "datetime": {"datetime": "2023-02-17 02:18:58", "elapsed": 0.002439, "delta": 0.000548}}
{"target": 128.23399086619355, "params": {"ext_i_mean": 98.26305594167141, "inj_i_mean": 127.60207140571573, "mid_i_mean": 100.44074964792337}, "datetime": {"datetime": "2023-02-17 02:18:59", "elapsed": 0.042905, "delta": 0.040466}}
{"target": 124.88267909404698, "params": {"ext_i_mean": 98.45258448360082, "inj_i_mean": 127.17347109174621, "mid_i_mean": 97.94567303186017}, "datetime": {"datetime": "2023-02-17 02:18:59", "elapsed": 0.120269, "delta": 0.077364}}
{"target": 130.7554123853642, "params": {"ext_i_mean": 105.4991043872836, "inj_i_mean": 121.47277984979236, "mid_i_mean": 102.79834529813837}, "datetime": {"datetime": "2023-02-17 02:18:59", "elapsed": 0.559308, "delta": 0.439039}}
{"target": 132.56884007279538, "params": {"ext_i_mean": 106.10689074283117, "inj_i_mean": 120.66149224425708, "mid_i_mean": 104.02392524297215}, "datetime": {"datetime": "2023-02-17 02:18:59", "elapsed": 0.887303, "delta": 0.327995}}
{"target": 131.61092637427237, "params": {"ext_i_mean": 104.74462680842164, "inj_i_mean": 121.73545969416907, "mid_i_mean": 105.14906785659346}, "datetime": {"datetime": "2023-02-17 02:19:00", "elapsed": 1.202113, "delta": 0.31481}}
{"target": 131.54187076314952, "params": {"ext_i_mean": 103.99249881474623, "inj_i_mean": 119.30747571045981, "mid_i_mean": 104.27623165783383}, "datetime": {"datetime": "2023-02-17 02:19:00", "elapsed": 1.445147, "delta": 0.243034}}
{"target": 123.95432790583861, "params": {"ext_i_mean": 107.36449347985454, "inj_i_mean": 123.83727859139499, "mid_i_mean": 106.42803714125108}, "datetime": {"datetime": "2023-02-17 02:19:00", "elapsed": 1.672628, "delta": 0.227481}}
{"target": 132.0190862967922, "params": {"ext_i_mean": 103.6242218771343, "inj_i_mean": 120.84443066545, "mid_i_mean": 104.00583892907777}, "datetime": {"datetime": "2023-02-17 02:19:00", "elapsed": 1.912905, "delta": 0.240277}}
{"target": 118.89689240086454, "params": {"ext_i_mean": 103.46772573493635, "inj_i_mean": 116.0, "mid_i_mean": 107.30965293111362}, "datetime": {"datetime": "2023-02-17 02:19:01", "elapsed": 2.105878, "delta": 0.192973}}
{"target": 138.68403332209036, "params": {"ext_i_mean": 97.0, "inj_i_mean": 128.0, "mid_i_mean": 104.83963353617041}, "datetime": {"datetime": "2023-02-17 02:19:01", "elapsed": 2.343802, "delta": 0.237924}}
{"target": 141.06870412766088, "params": {"ext_i_mean": 97.0, "inj_i_mean": 128.0, "mid_i_mean": 106.93999201337306}, "datetime": {"datetime": "2023-02-17 02:19:01", "elapsed": 2.573548, "delta": 0.229746}}
{"target": 140.80395867858775, "params": {"ext_i_mean": 97.0, "inj_i_mean": 128.0, "mid_i_mean": 108.92869003168641}, "datetime": {"datetime": "2023-02-17 02:19:01", "elapsed": 2.816675, "delta": 0.243127}}
{"target": 138.31500001235375, "params": {"ext_i_mean": 98.83522581038407, "inj_i_mean": 128.0, "mid_i_mean": 107.95182081516286}, "datetime": {"datetime": "2023-02-17 02:19:02", "elapsed": 3.04251, "delta": 0.225835}}
{"target": 139.27210595975362, "params": {"ext_i_mean": 97.0, "inj_i_mean": 128.0, "mid_i_mean": 110.0}, "datetime": {"datetime": "2023-02-17 02:19:02", "elapsed": 3.278138, "delta": 0.235628}}
{"target": 141.4932109455131, "params": {"ext_i_mean": 97.0, "inj_i_mean": 128.0, "mid_i_mean": 107.50917021467353}, "datetime": {"datetime": "2023-02-17 02:19:02", "elapsed": 3.55055, "delta": 0.272412}}
{"target": 141.4697803468113, "params": {"ext_i_mean": 97.0, "inj_i_mean": 128.0, "mid_i_mean": 107.4818914821227}, "datetime": {"datetime": "2023-02-17 02:19:02", "elapsed": 3.758669, "delta": 0.208119}}
{"target": 140.90885884326303, "params": {"ext_i_mean": 97.0, "inj_i_mean": 126.49699826367252, "mid_i_mean": 107.5776351113548}, "datetime": {"datetime": "2023-02-17 02:19:02", "elapsed": 3.916914, "delta": 0.158245}}
{"target": 141.42933849260302, "params": {"ext_i_mean": 97.0, "inj_i_mean": 128.0, "mid_i_mean": 107.5127331607517}, "datetime": {"datetime": "2023-02-17 02:19:03", "elapsed": 4.151043, "delta": 0.234129}}
{"target": 141.4387520960131, "params": {"ext_i_mean": 97.0, "inj_i_mean": 128.0, "mid_i_mean": 107.54873669039507}, "datetime": {"datetime": "2023-02-17 02:19:03", "elapsed": 4.380472, "delta": 0.229429}}
{"target": 141.4276035530498, "params": {"ext_i_mean": 97.0, "inj_i_mean": 128.0, "mid_i_mean": 107.60891517357842}, "datetime": {"datetime": "2023-02-17 02:19:03", "elapsed": 4.610966, "delta": 0.230494}}
{"target": 132.31981863399244, "params": {"ext_i_mean": 97.0, "inj_i_mean": 116.0, "mid_i_mean": 97.0}, "datetime": {"datetime": "2023-02-17 02:19:03", "elapsed": 4.810932, "delta": 0.199966}}
{"target": 141.38878559135853, "params": {"ext_i_mean": 97.0, "inj_i_mean": 128.0, "mid_i_mean": 107.78191852102754}, "datetime": {"datetime": "2023-02-17 02:19:04", "elapsed": 5.033048, "delta": 0.222116}}
{"target": 137.7177519563931, "params": {"ext_i_mean": 97.0, "inj_i_mean": 126.1537685396224, "mid_i_mean": 110.0}, "datetime": {"datetime": "2023-02-17 02:19:04", "elapsed": 5.286842, "delta": 0.253794}}
{"target": 141.46513415830645, "params": {"ext_i_mean": 97.0, "inj_i_mean": 128.0, "mid_i_mean": 107.12398517790652}, "datetime": {"datetime": "2023-02-17 02:19:04", "elapsed": 5.54377, "delta": 0.256928}}
{"target": 141.05207632201706, "params": {"ext_i_mean": 97.09323014957957, "inj_i_mean": 127.03476439186068, "mid_i_mean": 106.8141688665554}, "datetime": {"datetime": "2023-02-17 02:19:04", "elapsed": 5.694857, "delta": 0.151087}}
{"target": 141.0405575957251, "params": {"ext_i_mean": 97.05476175784189, "inj_i_mean": 127.54215674440053, "mid_i_mean": 106.9552291889282}, "datetime": {"datetime": "2023-02-17 02:19:04", "elapsed": 5.899079, "delta": 0.204222}}
{"target": 141.52553662080456, "params": {"ext_i_mean": 97.0, "inj_i_mean": 128.0, "mid_i_mean": 107.8104427197513}, "datetime": {"datetime": "2023-02-17 02:19:05", "elapsed": 6.132397, "delta": 0.233318}}
{"target": 141.2420500089492, "params": {"ext_i_mean": 97.08092172895074, "inj_i_mean": 127.92331923844881, "mid_i_mean": 108.48280339824761}, "datetime": {"datetime": "2023-02-17 02:19:05", "elapsed": 6.300422, "delta": 0.168025}}
{"target": 141.21072680495885, "params": {"ext_i_mean": 97.0, "inj_i_mean": 128.0, "mid_i_mean": 107.20016621821387}, "datetime": {"datetime": "2023-02-17 02:19:05", "elapsed": 6.512221, "delta": 0.211799}}
{"target": 141.4063125593023, "params": {"ext_i_mean": 97.0, "inj_i_mean": 128.0, "mid_i_mean": 107.75035039453262}, "datetime": {"datetime": "2023-02-17 02:19:05", "elapsed": 6.789718, "delta": 0.277497}}
