{"target": 125.35257498868755, "params": {"ext_i_mean": 104.65225029100696, "inj_i_mean": 125.88962707624594, "mid_i_mean": 107.46029530463687}, "datetime": {"datetime": "2023-02-17 02:18:47", "elapsed": 0.0, "delta": 0.0}}
{"target": 125.5015527672369, "params": {"ext_i_mean": 102.28482195568525, "inj_i_mean": 120.2466372415184, "mid_i_mean": 108.79634471746328}, "datetime": {"datetime": "2023-02-17 02:18:47", "elapsed": 0.000561, "delta": 0.000561}}
{"target": 120.5024392004534, "params": {"ext_i_mean": 108.23477173492063, "inj_i_mean": 119.20539070411377, "mid_i_mean": 109.54871188797301}, "datetime": {"datetime": "2023-02-17 02:18:47", "elapsed": 0.000996, "delta": 0.000435}}
{"target": 119.24404946056714, "params": {"ext_i_mean": 101.87094475922028, "inj_i_mean": 127.89390098097093, "mid_i_mean": 101.23230190925}, "datetime": {"datetime": "2023-02-17 02:18:47", "elapsed": 0.001428, "delta": 0.000432}}
{"target": 122.03514805048542, "params": {"ext_i_mean": 97.88630898700957, "inj_i_mean": 120.41961133503996, "mid_i_mean": 107.29827786026814}, "datetime": {"datetime": "2023-02-17 02:18:47", "elapsed": 0.001848, "delta": 0.00042}}
{"target": 125.68660005190502, "params": {"ext_i_mean": 104.65519407789778, "inj_i_mean": 126.02524024697925, "mid_i_mean": 107.68869736997019}, "datetime": {"datetime": "2023-02-17 02:18:47", "elapsed": 0.034448, "delta": 0.0326}}
{"target": 128.3517728773399, "params": {"ext_i_mean": 104.08999253927658, "inj_i_mean": 125.23402875204495, "mid_i_mean": 108.68138757081068}, "datetime": {"datetime": "2023-02-17 02:18:47", "elapsed": 0.444446, "delta": 0.409998}}
{"target": 128.66522926328065, "params": {"ext_i_mean": 103.48760707827094, "inj_i_mean": 124.39884662882697, "mid_i_mean": 109.3850771049934}, "datetime": {"datetime": "2023-02-17 02:18:47", "elapsed": 0.725764, "delta": 0.281318}}
{"target": 130.1543174733665, "params": {"ext_i_mean": 102.65743562613086, "inj_i_mean": 125.46423079888206, "mid_i_mean": 110.0}, "datetime": {"datetime": "2023-02-17 02:18:48", "elapsed": 0.878918, "delta": 0.153154}}
{"target": 133.6463684258665, "params": {"ext_i_mean": 101.12148265056283, "inj_i_mean": 126.51945186253981, "mid_i_mean": 110.0}, "datetime": {"datetime": "2023-02-17 02:18:48", "elapsed": 1.038462, "delta": 0.159544}}
{"target": 136.75949130612094, "params": {"ext_i_mean": 99.54913916845537, "inj_i_mean": 127.68188576301435, "mid_i_mean": 109.67668926739071}, "datetime": {"datetime": "2023-02-17 02:18:48", "elapsed": 1.272236, "delta": 0.233774}}
{"target": 138.80864341585828, "params": {"ext_i_mean": 97.6200571357329, "inj_i_mean": 128.0, "mid_i_mean": 110.0}, "datetime": {"datetime": "2023-02-17 02:18:48", "elapsed": 1.465774, "delta": 0.193538}}
{"target": 139.36561296706188, "params": {"ext_i_mean": 97.0554606975373, "inj_i_mean": 127.71546716097896, "mid_i_mean": 109.91672223334683}, "datetime": {"datetime": "2023-02-17 02:18:48", "elapsed": 1.680454, "delta": 0.21468}}
{"target": 139.45294604141827, "params": {"ext_i_mean": 97.0, "inj_i_mean": 128.0, "mid_i_mean": 110.0}, "datetime": {"datetime": "2023-02-17 02:18:49", "elapsed": 1.874141, "delta": 0.193687}}
{"target": 138.7580372183007, "params": {"ext_i_mean": 97.73964777280848, "inj_i_mean": 127.61809184166901, "mid_i_mean": 109.97181722262432}, "datetime": {"datetime": "2023-02-17 02:18:49", "elapsed": 2.049626, "delta": 0.175485}}
{"target": 139.93888468095187, "params": {"ext_i_mean": 97.08971173852763, "inj_i_mean": 127.93019682999906, "mid_i_mean": 109.58205722014614}, "datetime": {"datetime": "2023-02-17 02:18:49", "elapsed": 2.240759, "delta": 0.191133}}
{"target": 94.29814269693331, "params": {"ext_i_mean": 110.0, "inj_i_mean": 116.0, "mid_i_mean": 97.0}, "datetime": {"datetime": "2023-02-17 02:18:49", "elapsed": 2.395303, "delta": 0.154544}}
{"target": 139.5674752756718, "params": {"ext_i_mean": 97.0, "inj_i_mean": 128.0, "mid_i_mean": 110.0}, "datetime": {"datetime": "2023-02-17 02:18:49", "elapsed": 2.451837, "delta": 0.056534}}
{"target": 139.0025626387653, "params": {"ext_i_mean": 97.68436380662128, "inj_i_mean": 127.9015692032925, "mid_i_mean": 109.74330453295839}, "datetime": {"datetime": "2023-02-17 02:18:49", "elapsed": 2.481132, "delta": 0.029295}}
{"target": 139.49571834993736, "params": {"ext_i_mean": 97.0, "inj_i_mean": 128.0, "mid_i_mean": 110.0}, "datetime": {"datetime": "2023-02-17 02:18:49", "elapsed": 2.539613, "delta": 0.058481}}
{"target": 139.47960257200944, "params": {"ext_i_mean": 97.0, "inj_i_mean": 128.0, "mid_i_mean": 110.0}, "datetime": {"datetime": "2023-02-17 02:18:49", "elapsed": 2.595433, "delta": 0.05582}}
{"target": 139.55010994186046, "params": {"ext_i_mean": 97.23596083014819, "inj_i_mean": 127.50108988361235, "mid_i_mean": 109.7015052209427}, "datetime": {"datetime": "2023-02-17 02:18:49", "elapsed": 2.650525, "delta": 0.055092}}
{"target": 139.43093272127302, "params": {"ext_i_mean": 97.0, "inj_i_mean": 128.0, "mid_i_mean": 110.0}, "datetime": {"datetime": "2023-02-17 02:18:49", "elapsed": 2.701717, "delta": 0.051192}}
{"target": 139.43166876407986, "params": {"ext_i_mean": 97.0, "inj_i_mean": 128.0, "mid_i_mean": 110.0}, "datetime": {"datetime": "2023-02-17 02:18:49", "elapsed": 2.755376, "delta": 0.053659}}
{"target": 139.408266292187, "params": {"ext_i_mean": 97.0, "inj_i_mean": 128.0, "mid_i_mean": 110.0}, "datetime": {"datetime": "2023-02-17 02:18:50", "elapsed": 2.804623, "delta": 0.049247}}
{"target": 139.10389103685714, "params": {"ext_i_mean": 97.42507537891669, "inj_i_mean": 127.67076041207689, "mid_i_mean": 109.95697289196706}, "datetime": {"datetime": "2023-02-17 02:18:50", "elapsed": 2.834695, "delta": 0.030072}}
{"target": 139.35017874931006, "params": {"ext_i_mean": 97.0, "inj_i_mean": 128.0, "mid_i_mean": 110.0}, "datetime": {"datetime": "2023-02-17 02:18:50", "elapsed": 2.904757, "delta": 0.070062}}
{"target": 139.30229775452716, "params": {"ext_i_mean": 97.0, "inj_i_mean": 128.0, "mid_i_mean": 110.0}, "datetime": {"datetime": "2023-02-17 02:18:50", "elapsed": 2.949642, "delta": 0.044885}}
{"target": 139.62237062844883, "params": {"ext_i_mean": 97.0, "inj_i_mean": 128.0, "mid_i_mean": 110.0}, "datetime": {"datetime": "2023-02-17 02:18:50", "elapsed": 3.014386, "delta": 0.064744}}
{"target": 139.4323273091482, "params": {"ext_i_mean": 97.13242287794034, "inj_i_mean": 127.5310753707369, "mid_i_mean": 109.91090260358816}, "datetime": {"datetime": "2023-02-17 02:18:50", "elapsed": 3.0451, "delta": 0.030714}}
{"target": 138.92701884155247, "params": {"ext_i_mean": 97.2189659464324, "inj_i_mean": 127.1725984851025, "mid_i_mean": 109.9316741505997}, "datetime": {"datetime": "2023-02-17 02:18:50", "elapsed": 3.078746, "delta": 0.033646}}
{"target": 141.26933639606133, "params": {"ext_i_mean": 97.00696603581467, "inj_i_mean": 127.98804606831743, "mid_i_mean": 108.59350062127983}, "datetime": {"datetime": "2023-02-17 02:18:50", "elapsed": 3.117645, "delta": 0.038899}}
{"target": 139.51713151704365, "params": {"ext_i_mean": 97.0, "inj_i_mean": 128.0, "mid_i_mean": 110.0}, "datetime": {"datetime": "2023-02-17 02:18:50", "elapsed": 3.204752, "delta": 0.087107}}
{"target": 140.83424638914616, "params": {"ext_i_mean": 97.0392281348887, "inj_i_mean": 127.98063696411877, "mid_i_mean": 106.7249115125318}, "datetime": {"datetime": "2023-02-17 02:18:50", "elapsed": 3.234967, "delta": 0.030215}}
{"target": 140.54579499321, "params": {"ext_i_mean": 97.24763223639366, "inj_i_mean": 127.93902272470037, "mid_i_mean": 106.79671907841717}, "datetime": {"datetime": "2023-02-17 02:18:50", "elapsed": 3.273451, "delta": 0.038484}}
