{"target": 98.05124387268457, "params": {"ext_i_mean": 109.62589551840372, "inj_i_mean": 126.63482990139676, "mid_i_mean": 105.65819536257425}, "datetime": {"datetime": "2023-02-17 02:11:28", "elapsed": 0.0, "delta": 0.0}}
{"target": 129.2615595621757, "params": {"ext_i_mean": 100.79372078239768, "inj_i_mean": 117.43297965424215, "mid_i_mean": 103.40476989752224}, "datetime": {"datetime": "2023-02-17 02:11:28", "elapsed": 0.000789, "delta": 0.000789}}
{"target": 111.94133063072239, "params": {"ext_i_mean": 105.07608472049492, "inj_i_mean": 125.92914661677312, "mid_i_mean": 100.40606784755603}, "datetime": {"datetime": "2023-02-17 02:11:28", "elapsed": 0.001337, "delta": 0.000548}}
{"target": 127.72322826721759, "params": {"ext_i_mean": 105.00758165645071, "inj_i_mean": 116.58470158277898, "mid_i_mean": 101.41532332987585}, "datetime": {"datetime": "2023-02-17 02:11:28", "elapsed": 0.001869, "delta": 0.000532}}
{"target": 86.45761552950205, "params": {"ext_i_mean": 108.52428338437464, "inj_i_mean": 125.02827574268287, "mid_i_mean": 100.20052593747818}, "datetime": {"datetime": "2023-02-17 02:11:28", "elapsed": 0.002397, "delta": 0.000528}}
{"target": 126.2553322456926, "params": {"ext_i_mean": 101.77498379039871, "inj_i_mean": 116.0, "mid_i_mean": 100.9952456298471}, "datetime": {"datetime": "2023-02-17 02:11:29", "elapsed": 0.295715, "delta": 0.293318}}
{"target": 123.28617580090526, "params": {"ext_i_mean": 103.2419774163005, "inj_i_mean": 116.0, "mid_i_mean": 105.6876042663012}, "datetime": {"datetime": "2023-02-17 02:11:29", "elapsed": 0.568312, "delta": 0.272597}}
{"target": 133.95779393919105, "params": {"ext_i_mean": 97.69907339758394, "inj_i_mean": 121.31962850232861, "mid_i_mean": 101.45684617376521}, "datetime": {"datetime": "2023-02-17 02:11:29", "elapsed": 0.759593, "delta": 0.191281}}
{"target": 133.89330660419316, "params": {"ext_i_mean": 97.0, "inj_i_mean": 120.47438274065807, "mid_i_mean": 97.0}, "datetime": {"datetime": "2023-02-17 02:11:29", "elapsed": 0.981951, "delta": 0.222358}}
{"target": 132.21763651277024, "params": {"ext_i_mean": 97.0, "inj_i_mean": 116.0, "mid_i_mean": 97.0}, "datetime": {"datetime": "2023-02-17 02:11:30", "elapsed": 1.194171, "delta": 0.21222}}
{"target": 133.27452392140071, "params": {"ext_i_mean": 97.0, "inj_i_mean": 118.36965362462963, "mid_i_mean": 101.28436384870899}, "datetime": {"datetime": "2023-02-17 02:11:30", "elapsed": 1.531104, "delta": 0.336933}}
{"target": 128.955064059756, "params": {"ext_i_mean": 97.0, "inj_i_mean": 123.44179245822302, "mid_i_mean": 110.0}, "datetime": {"datetime": "2023-02-17 02:11:30", "elapsed": 1.717712, "delta": 0.186608}}
{"target": 126.33483608102526, "params": {"ext_i_mean": 97.0, "inj_i_mean": 128.0, "mid_i_mean": 97.0}, "datetime": {"datetime": "2023-02-17 02:11:30", "elapsed": 1.920595, "delta": 0.202883}}
{"target": 103.54717917920652, "params": {"ext_i_mean": 97.0, "inj_i_mean": 116.0, "mid_i_mean": 110.0}, "datetime": {"datetime": "2023-02-17 02:11:30", "elapsed": 2.089295, "delta": 0.1687}}
{"target": 139.50426460633807, "params": {"ext_i_mean": 97.0, "inj_i_mean": 126.55795649814874, "mid_i_mean": 104.63620542117681}, "datetime": {"datetime": "2023-02-17 02:11:31", "elapsed": 2.411268, "delta": 0.321973}}
{"target": 141.03602772215467, "params": {"ext_i_mean": 97.0, "inj_i_mean": 128.0, "mid_i_mean": 106.89210682331093}, "datetime": {"datetime": "2023-02-17 02:11:31", "elapsed": 2.669899, "delta": 0.258631}}
{"target": 140.65439660005964, "params": {"ext_i_mean": 97.0, "inj_i_mean": 128.0, "mid_i_mean": 109.0760924490279}, "datetime": {"datetime": "2023-02-17 02:11:31", "elapsed": 2.87494, "delta": 0.205041}}
{"target": 140.47645654256897, "params": {"ext_i_mean": 97.0, "inj_i_mean": 128.0, "mid_i_mean": 106.05556757907057}, "datetime": {"datetime": "2023-02-17 02:11:31", "elapsed": 3.107474, "delta": 0.232534}}
{"target": 140.97207206701592, "params": {"ext_i_mean": 97.0, "inj_i_mean": 128.0, "mid_i_mean": 106.89369171273778}, "datetime": {"datetime": "2023-02-17 02:11:32", "elapsed": 3.339618, "delta": 0.232144}}
{"target": 139.49571835110152, "params": {"ext_i_mean": 97.0, "inj_i_mean": 128.0, "mid_i_mean": 110.0}, "datetime": {"datetime": "2023-02-17 02:11:32", "elapsed": 3.48682, "delta": 0.147202}}
{"target": 140.65831765342924, "params": {"ext_i_mean": 97.0, "inj_i_mean": 128.0, "mid_i_mean": 106.29969351831816}, "datetime": {"datetime": "2023-02-17 02:11:32", "elapsed": 3.686928, "delta": 0.200108}}
{"target": 141.27266142901385, "params": {"ext_i_mean": 97.0, "inj_i_mean": 128.0, "mid_i_mean": 107.11835991392681}, "datetime": {"datetime": "2023-02-17 02:11:32", "elapsed": 3.892185, "delta": 0.205257}}
{"target": 138.7088404315626, "params": {"ext_i_mean": 97.0, "inj_i_mean": 128.0, "mid_i_mean": 104.87588107678064}, "datetime": {"datetime": "2023-02-17 02:11:32", "elapsed": 4.103355, "delta": 0.21117}}
{"target": 139.431668765244, "params": {"ext_i_mean": 97.0, "inj_i_mean": 128.0, "mid_i_mean": 110.0}, "datetime": {"datetime": "2023-02-17 02:11:33", "elapsed": 4.287594, "delta": 0.184239}}
{"target": 141.42864536540637, "params": {"ext_i_mean": 97.0, "inj_i_mean": 128.0, "mid_i_mean": 107.6147754031518}, "datetime": {"datetime": "2023-02-17 02:11:33", "elapsed": 4.41538, "delta": 0.127786}}
{"target": 139.4928226668036, "params": {"ext_i_mean": 97.0, "inj_i_mean": 128.0, "mid_i_mean": 110.0}, "datetime": {"datetime": "2023-02-17 02:11:33", "elapsed": 4.600082, "delta": 0.184702}}
{"target": 141.30737512769198, "params": {"ext_i_mean": 97.0, "inj_i_mean": 128.0, "mid_i_mean": 107.3781783559748}, "datetime": {"datetime": "2023-02-17 02:11:33", "elapsed": 4.79448, "delta": 0.194398}}
{"target": 141.26046858922308, "params": {"ext_i_mean": 97.0, "inj_i_mean": 128.0, "mid_i_mean": 107.38091504866037}, "datetime": {"datetime": "2023-02-17 02:11:33", "elapsed": 4.958664, "delta": 0.164184}}
{"target": 141.58202310050342, "params": {"ext_i_mean": 97.0, "inj_i_mean": 128.0, "mid_i_mean": 107.38510663341023}, "datetime": {"datetime": "2023-02-17 02:11:33", "elapsed": 5.158255, "delta": 0.199591}}
{"target": 136.29593860543315, "params": {"ext_i_mean": 99.91667042008493, "inj_i_mean": 128.0, "mid_i_mean": 110.0}, "datetime": {"datetime": "2023-02-17 02:11:34", "elapsed": 5.336757, "delta": 0.178502}}
{"target": 141.33040486654352, "params": {"ext_i_mean": 97.0, "inj_i_mean": 128.0, "mid_i_mean": 107.45533090770466}, "datetime": {"datetime": "2023-02-17 02:11:34", "elapsed": 5.546069, "delta": 0.209312}}
{"target": 141.47006986225162, "params": {"ext_i_mean": 97.0, "inj_i_mean": 128.0, "mid_i_mean": 107.46037829985578}, "datetime": {"datetime": "2023-02-17 02:11:34", "elapsed": 5.754087, "delta": 0.208018}}
{"target": 141.5028979036569, "params": {"ext_i_mean": 97.0, "inj_i_mean": 128.0, "mid_i_mean": 107.46638786016246}, "datetime": {"datetime": "2023-02-17 02:11:34", "elapsed": 5.952042, "delta": 0.197955}}
{"target": 141.16341653202866, "params": {"ext_i_mean": 97.04657895800217, "inj_i_mean": 127.85863865743909, "mid_i_mean": 107.25236053108497}, "datetime": {"datetime": "2023-02-17 02:11:34", "elapsed": 6.148085, "delta": 0.196043}}
{"target": 139.66406813663372, "params": {"ext_i_mean": 97.0, "inj_i_mean": 128.0, "mid_i_mean": 105.56993957666239}, "datetime": {"datetime": "2023-02-17 02:11:35", "elapsed": 6.381766, "delta": 0.233681}}
