{"target": 123.95159578522448, "params": {"ext_i_mean": 103.33741719750809, "inj_i_mean": 120.43932397798932, "mid_i_mean": 98.20826378583058}, "datetime": {"datetime": "2023-02-17 02:19:51", "elapsed": 0.0, "delta": 0.0}}
{"target": 122.19382704765322, "params": {"ext_i_mean": 108.32640340203577, "inj_i_mean": 116.85059518824023, "mid_i_mean": 107.62617770528712}, "datetime": {"datetime": "2023-02-17 02:19:51", "elapsed": 0.000748, "delta": 0.000748}}
{"target": 111.75559001286182, "params": {"ext_i_mean": 108.57495548868536, "inj_i_mean": 126.96539584234563, "mid_i_mean": 107.67192458111688}, "datetime": {"datetime": "2023-02-17 02:19:51", "elapsed": 0.00124, "delta": 0.000492}}
{"target": 119.67308410361696, "params": {"ext_i_mean": 106.65078890348498, "inj_i_mean": 118.24648147280422, "mid_i_mean": 99.03251712627365}, "datetime": {"datetime": "2023-02-17 02:19:51", "elapsed": 0.001726, "delta": 0.000486}}
{"target": 107.81523791441066, "params": {"ext_i_mean": 106.72816502553975, "inj_i_mean": 123.26721314531144, "mid_i_mean": 99.95596052576886}, "datetime": {"datetime": "2023-02-17 02:19:51", "elapsed": 0.002211, "delta": 0.000485}}
{"target": 124.26010936443087, "params": {"ext_i_mean": 103.74844946553341, "inj_i_mean": 120.03411073582413, "mid_i_mean": 98.28517591358327}, "datetime": {"datetime": "2023-02-17 02:19:52", "elapsed": 1.391439, "delta": 1.389228}}
{"target": 125.73966074171352, "params": {"ext_i_mean": 102.86394883388859, "inj_i_mean": 118.99272684571434, "mid_i_mean": 97.77984543000396}, "datetime": {"datetime": "2023-02-17 02:19:53", "elapsed": 2.531264, "delta": 1.139825}}
{"target": 128.42870487782233, "params": {"ext_i_mean": 100.55005852694644, "inj_i_mean": 118.9149627950215, "mid_i_mean": 98.05303727949607}, "datetime": {"datetime": "2023-02-17 02:19:54", "elapsed": 3.564394, "delta": 1.03313}}
{"target": 126.55913551822547, "params": {"ext_i_mean": 99.4980696565611, "inj_i_mean": 116.20310821896929, "mid_i_mean": 97.0}, "datetime": {"datetime": "2023-02-17 02:19:55", "elapsed": 4.269507, "delta": 0.705113}}
{"target": 133.62514584564224, "params": {"ext_i_mean": 97.0, "inj_i_mean": 117.77518986782117, "mid_i_mean": 98.04069593613386}, "datetime": {"datetime": "2023-02-17 02:19:56", "elapsed": 5.46414, "delta": 1.194633}}
{"target": 134.10250533247267, "params": {"ext_i_mean": 97.0, "inj_i_mean": 119.34703634056204, "mid_i_mean": 99.08139158561667}, "datetime": {"datetime": "2023-02-17 02:19:57", "elapsed": 6.682525, "delta": 1.218385}}
{"target": 134.10498620709103, "params": {"ext_i_mean": 97.0, "inj_i_mean": 120.86671104185311, "mid_i_mean": 100.12208728789228}, "datetime": {"datetime": "2023-02-17 02:19:58", "elapsed": 7.388414, "delta": 0.705889}}
{"target": 132.45915005729168, "params": {"ext_i_mean": 97.0, "inj_i_mean": 117.8997631601994, "mid_i_mean": 101.1627830030975}, "datetime": {"datetime": "2023-02-17 02:19:59", "elapsed": 8.400008, "delta": 1.011594}}
{"target": 134.66006683808382, "params": {"ext_i_mean": 97.0, "inj_i_mean": 119.47184480166082, "mid_i_mean": 97.0}, "datetime": {"datetime": "2023-02-17 02:20:00", "elapsed": 9.201503, "delta": 0.801495}}
{"target": 133.6296467102371, "params": {"ext_i_mean": 97.0, "inj_i_mean": 121.0439264357008, "mid_i_mean": 97.0}, "datetime": {"datetime": "2023-02-17 02:20:01", "elapsed": 10.013178, "delta": 0.811675}}
{"target": 132.02110983848192, "params": {"ext_i_mean": 97.0, "inj_i_mean": 122.61600802532377, "mid_i_mean": 97.0}, "datetime": {"datetime": "2023-02-17 02:20:02", "elapsed": 11.077242, "delta": 1.064064}}
{"target": 132.53042399734719, "params": {"ext_i_mean": 97.00030989118063, "inj_i_mean": 122.06279707044109, "mid_i_mean": 97.14465393694259}, "datetime": {"datetime": "2023-02-17 02:20:02", "elapsed": 11.663756, "delta": 0.586514}}
{"target": 134.14804286301344, "params": {"ext_i_mean": 97.14771051756236, "inj_i_mean": 120.1190636323071, "mid_i_mean": 97.3849885414911}, "datetime": {"datetime": "2023-02-17 02:20:03", "elapsed": 12.347866, "delta": 0.68411}}
{"target": 134.53506501267861, "params": {"ext_i_mean": 97.0, "inj_i_mean": 119.27596086910604, "mid_i_mean": 97.0}, "datetime": {"datetime": "2023-02-17 02:20:04", "elapsed": 12.984547, "delta": 0.636681}}
{"target": 134.75373093493005, "params": {"ext_i_mean": 97.0, "inj_i_mean": 119.29681581573988, "mid_i_mean": 97.0}, "datetime": {"datetime": "2023-02-17 02:20:04", "elapsed": 13.654922, "delta": 0.670375}}
{"target": 134.75599798155204, "params": {"ext_i_mean": 97.0, "inj_i_mean": 119.21308876883826, "mid_i_mean": 97.0}, "datetime": {"datetime": "2023-02-17 02:20:05", "elapsed": 14.292528, "delta": 0.637606}}
{"target": 134.17175552289586, "params": {"ext_i_mean": 97.00756954628372, "inj_i_mean": 120.23096461637071, "mid_i_mean": 97.57354898580445}, "datetime": {"datetime": "2023-02-17 02:20:06", "elapsed": 14.88603, "delta": 0.593502}}
{"target": 133.48883073582405, "params": {"ext_i_mean": 97.0, "inj_i_mean": 116.87378713330214, "mid_i_mean": 97.0}, "datetime": {"datetime": "2023-02-17 02:20:06", "elapsed": 15.48033, "delta": 0.5943}}
{"target": 134.37679810098552, "params": {"ext_i_mean": 97.10095969121323, "inj_i_mean": 118.41881083840245, "mid_i_mean": 97.22494115625783}, "datetime": {"datetime": "2023-02-17 02:20:07", "elapsed": 16.146277, "delta": 0.665947}}
{"target": 134.182020721783, "params": {"ext_i_mean": 97.08477199393784, "inj_i_mean": 118.55540165703897, "mid_i_mean": 97.78258865167872}, "datetime": {"datetime": "2023-02-17 02:20:07", "elapsed": 16.773705, "delta": 0.627428}}
{"target": 134.19559015581592, "params": {"ext_i_mean": 97.02403805394619, "inj_i_mean": 118.81975838451274, "mid_i_mean": 98.60250127801132}, "datetime": {"datetime": "2023-02-17 02:20:08", "elapsed": 17.367728, "delta": 0.594023}}
{"target": 134.1307014564031, "params": {"ext_i_mean": 97.02482751909288, "inj_i_mean": 119.40623902229026, "mid_i_mean": 99.22486991073234}, "datetime": {"datetime": "2023-02-17 02:20:09", "elapsed": 18.001474, "delta": 0.633746}}
{"target": 128.71292380670747, "params": {"ext_i_mean": 97.25929974917706, "inj_i_mean": 116.14093145566788, "mid_i_mean": 100.28091833106292}, "datetime": {"datetime": "2023-02-17 02:20:09", "elapsed": 18.667166, "delta": 0.665692}}
{"target": 134.91578176837152, "params": {"ext_i_mean": 97.0, "inj_i_mean": 119.11102497977073, "mid_i_mean": 97.0}, "datetime": {"datetime": "2023-02-17 02:20:10", "elapsed": 19.425346, "delta": 0.75818}}
{"target": 134.57997973506787, "params": {"ext_i_mean": 97.0, "inj_i_mean": 119.86319287393233, "mid_i_mean": 97.0}, "datetime": {"datetime": "2023-02-17 02:20:11", "elapsed": 20.024964, "delta": 0.599618}}
{"target": 134.39480579807275, "params": {"ext_i_mean": 97.0, "inj_i_mean": 119.84354130187036, "mid_i_mean": 97.0}, "datetime": {"datetime": "2023-02-17 02:20:11", "elapsed": 20.735702, "delta": 0.710738}}
{"target": 134.18203510989107, "params": {"ext_i_mean": 97.06837204355267, "inj_i_mean": 119.97972279955289, "mid_i_mean": 98.11912437153042}, "datetime": {"datetime": "2023-02-17 02:20:12", "elapsed": 21.359939, "delta": 0.624237}}
{"target": 133.90897647022115, "params": {"ext_i_mean": 97.08773197193096, "inj_i_mean": 120.64464006091617, "mid_i_mean": 99.18737739363101}, "datetime": {"datetime": "2023-02-17 02:20:13", "elapsed": 21.99216, "delta": 0.632221}}
{"target": 134.01942235526835, "params": {"ext_i_mean": 97.01381633429162, "inj_i_mean": 121.1105244070995, "mid_i_mean": 100.28269801895382}, "datetime": {"datetime": "2023-02-17 02:20:13", "elapsed": 22.537065, "delta": 0.544905}}
{"target": 133.65673670805, "params": {"ext_i_mean": 97.08881039938798, "inj_i_mean": 122.73199800681557, "mid_i_mean": 100.56877743480925}, "datetime": {"datetime": "2023-02-17 02:20:14", "elapsed": 23.196128, "delta": 0.659063}}
