{"target": 76.11084499892327, "params": {"ext_i_mean": 106.59808838536378, "inj_i_mean": 127.06759479149417, "mid_i_mean": 98.85015324524792}, "datetime": {"datetime": "2023-02-17 02:18:33", "elapsed": 0.0, "delta": 0.0}}
{"target": 120.01381050539221, "params": {"ext_i_mean": 98.72990468721468, "inj_i_mean": 118.85485562116945, "mid_i_mean": 108.37281639782282}, "datetime": {"datetime": "2023-02-17 02:18:33", "elapsed": 0.000766, "delta": 0.000766}}
{"target": 98.19295087251247, "params": {"ext_i_mean": 109.66880674548663, "inj_i_mean": 125.5248670583232, "mid_i_mean": 104.54783756202322}, "datetime": {"datetime": "2023-02-17 02:18:33", "elapsed": 0.001266, "delta": 0.0005}}
{"target": 125.97450821654459, "params": {"ext_i_mean": 103.90870231694976, "inj_i_mean": 119.83621614326746, "mid_i_mean": 98.92752517523604}, "datetime": {"datetime": "2023-02-17 02:18:33", "elapsed": 0.001759, "delta": 0.000493}}
{"target": 131.62492714993493, "params": {"ext_i_mean": 100.58504699303332, "inj_i_mean": 124.64195066241257, "mid_i_mean": 108.25994371742996}, "datetime": {"datetime": "2023-02-17 02:18:33", "elapsed": 0.002243, "delta": 0.000484}}
{"target": 128.72894108583313, "params": {"ext_i_mean": 99.19599150094801, "inj_i_mean": 123.19159903732982, "mid_i_mean": 106.70974677053816}, "datetime": {"datetime": "2023-02-17 02:18:33", "elapsed": 0.380292, "delta": 0.378049}}
{"target": 137.26782444044824, "params": {"ext_i_mean": 97.36374403206118, "inj_i_mean": 125.9113653377513, "mid_i_mean": 110.0}, "datetime": {"datetime": "2023-02-17 02:18:33", "elapsed": 0.592474, "delta": 0.212182}}
{"target": 139.26923556302967, "params": {"ext_i_mean": 97.0, "inj_i_mean": 128.0, "mid_i_mean": 110.0}, "datetime": {"datetime": "2023-02-17 02:18:34", "elapsed": 0.77866, "delta": 0.186186}}
{"target": 131.22694255814665, "params": {"ext_i_mean": 97.41098659193912, "inj_i_mean": 116.0, "mid_i_mean": 97.0}, "datetime": {"datetime": "2023-02-17 02:18:34", "elapsed": 1.00817, "delta": 0.22951}}
{"target": 141.1188782903514, "params": {"ext_i_mean": 97.0, "inj_i_mean": 128.0, "mid_i_mean": 106.93505494727366}, "datetime": {"datetime": "2023-02-17 02:18:34", "elapsed": 1.199304, "delta": 0.191134}}
{"target": 141.33427568068396, "params": {"ext_i_mean": 97.0, "inj_i_mean": 128.0, "mid_i_mean": 107.77476103350602}, "datetime": {"datetime": "2023-02-17 02:18:34", "elapsed": 1.390079, "delta": 0.190775}}
{"target": 115.64189268549369, "params": {"ext_i_mean": 110.0, "inj_i_mean": 116.0, "mid_i_mean": 110.0}, "datetime": {"datetime": "2023-02-17 02:18:34", "elapsed": 1.589084, "delta": 0.199005}}
{"target": 139.34530939988892, "params": {"ext_i_mean": 97.0, "inj_i_mean": 128.0, "mid_i_mean": 110.0}, "datetime": {"datetime": "2023-02-17 02:18:35", "elapsed": 1.801455, "delta": 0.212371}}
{"target": 138.53628547192648, "params": {"ext_i_mean": 97.0, "inj_i_mean": 128.0, "mid_i_mean": 104.75212300525139}, "datetime": {"datetime": "2023-02-17 02:18:35", "elapsed": 1.973397, "delta": 0.171942}}
{"target": 141.49290976702522, "params": {"ext_i_mean": 97.0, "inj_i_mean": 128.0, "mid_i_mean": 107.68010466738767}, "datetime": {"datetime": "2023-02-17 02:18:35", "elapsed": 2.22405, "delta": 0.250653}}
{"target": 132.3018244995977, "params": {"ext_i_mean": 97.0, "inj_i_mean": 122.32247200778048, "mid_i_mean": 97.0}, "datetime": {"datetime": "2023-02-17 02:18:35", "elapsed": 2.438882, "delta": 0.214832}}
{"target": 140.82907633561868, "params": {"ext_i_mean": 97.0, "inj_i_mean": 126.55382219553316, "mid_i_mean": 106.89383448097475}, "datetime": {"datetime": "2023-02-17 02:18:36", "elapsed": 2.621711, "delta": 0.182829}}
{"target": 139.5674752763703, "params": {"ext_i_mean": 97.0, "inj_i_mean": 128.0, "mid_i_mean": 110.0}, "datetime": {"datetime": "2023-02-17 02:18:36", "elapsed": 2.834656, "delta": 0.212945}}
{"target": 141.25845697188947, "params": {"ext_i_mean": 97.0, "inj_i_mean": 128.0, "mid_i_mean": 107.46840596419871}, "datetime": {"datetime": "2023-02-17 02:18:36", "elapsed": 3.055774, "delta": 0.221118}}
{"target": 94.51779752504268, "params": {"ext_i_mean": 110.0, "inj_i_mean": 116.0, "mid_i_mean": 97.0}, "datetime": {"datetime": "2023-02-17 02:18:36", "elapsed": 3.241535, "delta": 0.185761}}
{"target": 135.07788936743933, "params": {"ext_i_mean": 97.0, "inj_i_mean": 120.81390196870022, "mid_i_mean": 101.6007960533397}, "datetime": {"datetime": "2023-02-17 02:18:36", "elapsed": 3.410801, "delta": 0.169266}}
{"target": 141.35583200957512, "params": {"ext_i_mean": 97.0, "inj_i_mean": 128.0, "mid_i_mean": 107.29013473513466}, "datetime": {"datetime": "2023-02-17 02:18:37", "elapsed": 3.612229, "delta": 0.201428}}
{"target": 141.40733179220555, "params": {"ext_i_mean": 97.0, "inj_i_mean": 128.0, "mid_i_mean": 107.43539638779734}, "datetime": {"datetime": "2023-02-17 02:18:37", "elapsed": 3.81923, "delta": 0.207001}}
{"target": 141.44740425956616, "params": {"ext_i_mean": 97.0, "inj_i_mean": 128.0, "mid_i_mean": 107.58971720052203}, "datetime": {"datetime": "2023-02-17 02:18:37", "elapsed": 3.967821, "delta": 0.148591}}
{"target": 139.90613733232075, "params": {"ext_i_mean": 97.0, "inj_i_mean": 126.17663600108162, "mid_i_mean": 104.92113373869873}, "datetime": {"datetime": "2023-02-17 02:18:37", "elapsed": 4.212277, "delta": 0.244456}}
{"target": 141.3448583021874, "params": {"ext_i_mean": 97.0, "inj_i_mean": 128.0, "mid_i_mean": 107.14131063713151}, "datetime": {"datetime": "2023-02-17 02:18:37", "elapsed": 4.397378, "delta": 0.185101}}
{"target": 139.76552104671507, "params": {"ext_i_mean": 97.01112140009911, "inj_i_mean": 127.91494301567548, "mid_i_mean": 105.63584252536359}, "datetime": {"datetime": "2023-02-17 02:18:38", "elapsed": 4.607958, "delta": 0.21058}}
{"target": 139.30229775522565, "params": {"ext_i_mean": 97.0, "inj_i_mean": 128.0, "mid_i_mean": 110.0}, "datetime": {"datetime": "2023-02-17 02:18:38", "elapsed": 4.774507, "delta": 0.166549}}
{"target": 141.38766938393906, "params": {"ext_i_mean": 97.0495726084063, "inj_i_mean": 127.79768578151649, "mid_i_mean": 108.44737114848027}, "datetime": {"datetime": "2023-02-17 02:18:38", "elapsed": 5.00104, "delta": 0.226533}}
{"target": 141.00538046098296, "params": {"ext_i_mean": 97.0, "inj_i_mean": 126.41082031389581, "mid_i_mean": 107.25199110326393}, "datetime": {"datetime": "2023-02-17 02:18:38", "elapsed": 5.22837, "delta": 0.22733}}
{"target": 141.33119571819987, "params": {"ext_i_mean": 97.0, "inj_i_mean": 128.0, "mid_i_mean": 107.45798588670128}, "datetime": {"datetime": "2023-02-17 02:18:38", "elapsed": 5.455401, "delta": 0.227031}}
{"target": 141.40764289749924, "params": {"ext_i_mean": 97.02934561751835, "inj_i_mean": 127.89329473617497, "mid_i_mean": 107.41064122747316}, "datetime": {"datetime": "2023-02-17 02:18:39", "elapsed": 5.710741, "delta": 0.25534}}
{"target": 141.01734172958726, "params": {"ext_i_mean": 97.0003106110413, "inj_i_mean": 126.72354261903607, "mid_i_mean": 106.49532130765628}, "datetime": {"datetime": "2023-02-17 02:18:39", "elapsed": 5.925594, "delta": 0.214853}}
{"target": 141.32429477949367, "params": {"ext_i_mean": 97.0, "inj_i_mean": 128.0, "mid_i_mean": 107.501593117827}, "datetime": {"datetime": "2023-02-17 02:18:39", "elapsed": 6.201708, "delta": 0.276114}}
{"target": 140.46269583612622, "params": {"ext_i_mean": 97.02798645501274, "inj_i_mean": 127.99475579560742, "mid_i_mean": 106.2666748721556}, "datetime": {"datetime": "2023-02-17 02:18:39", "elapsed": 6.415738, "delta": 0.21403}}
