{"target": 128.21177574929328, "params": {"ext_i_mean": 102.13329460892113, "inj_i_mean": 124.7149831107555, "mid_i_mean": 102.82781862414501}, "datetime": {"datetime": "2023-02-17 02:12:29", "elapsed": 0.0, "delta": 0.0}}
{"target": 74.25992763380073, "params": {"ext_i_mean": 105.81482301996004, "inj_i_mean": 127.49772856540002, "mid_i_mean": 97.27299136571563}, "datetime": {"datetime": "2023-02-17 02:12:29", "elapsed": 0.000901, "delta": 0.000901}}
{"target": 131.5169584610676, "params": {"ext_i_mean": 98.2255474462196, "inj_i_mean": 120.5635258012705, "mid_i_mean": 99.20982488692347}, "datetime": {"datetime": "2023-02-17 02:12:29", "elapsed": 0.001417, "delta": 0.000516}}
{"target": 130.19064015889128, "params": {"ext_i_mean": 98.07790245830174, "inj_i_mean": 123.4477345024996, "mid_i_mean": 99.09276149393135}, "datetime": {"datetime": "2023-02-17 02:12:29", "elapsed": 0.001926, "delta": 0.000509}}
{"target": 122.5733237909975, "params": {"ext_i_mean": 104.5808257791636, "inj_i_mean": 121.51214838071661, "mid_i_mean": 99.5552190727128}, "datetime": {"datetime": "2023-02-17 02:12:29", "elapsed": 0.002425, "delta": 0.000499}}
{"target": 129.65096150824428, "params": {"ext_i_mean": 101.0765593849457, "inj_i_mean": 118.05673778988624, "mid_i_mean": 100.59591458945225}, "datetime": {"datetime": "2023-02-17 02:12:30", "elapsed": 1.684969, "delta": 1.682544}}
{"target": 135.05299085583414, "params": {"ext_i_mean": 97.0, "inj_i_mean": 119.63600976836697, "mid_i_mean": 101.64187741491341}, "datetime": {"datetime": "2023-02-17 02:12:32", "elapsed": 3.102661, "delta": 1.417692}}
{"target": 134.6050871609786, "params": {"ext_i_mean": 98.05430095097782, "inj_i_mean": 121.20809147803227, "mid_i_mean": 102.6825734823029}, "datetime": {"datetime": "2023-02-17 02:12:33", "elapsed": 4.529015, "delta": 1.426354}}
{"target": 135.28853859154285, "params": {"ext_i_mean": 97.0, "inj_i_mean": 122.78017366899934, "mid_i_mean": 103.72326959994577}, "datetime": {"datetime": "2023-02-17 02:12:35", "elapsed": 6.269596, "delta": 1.740581}}
{"target": 118.08223596104972, "params": {"ext_i_mean": 97.0, "inj_i_mean": 116.0, "mid_i_mean": 104.7639653237659}, "datetime": {"datetime": "2023-02-17 02:12:37", "elapsed": 7.916316, "delta": 1.64672}}
{"target": 131.77730818951636, "params": {"ext_i_mean": 97.0, "inj_i_mean": 116.0, "mid_i_mean": 97.2657085474994}, "datetime": {"datetime": "2023-02-17 02:12:38", "elapsed": 9.631011, "delta": 1.714695}}
{"target": 134.146352691049, "params": {"ext_i_mean": 97.0, "inj_i_mean": 117.57208163690494, "mid_i_mean": 97.0}, "datetime": {"datetime": "2023-02-17 02:12:40", "elapsed": 10.834643, "delta": 1.203632}}
{"target": 134.34603937250196, "params": {"ext_i_mean": 97.0, "inj_i_mean": 119.14416327108326, "mid_i_mean": 97.90057067310798}, "datetime": {"datetime": "2023-02-17 02:12:41", "elapsed": 12.367221, "delta": 1.532578}}
{"target": 134.04528121236808, "params": {"ext_i_mean": 97.0, "inj_i_mean": 120.53529065645678, "mid_i_mean": 97.0}, "datetime": {"datetime": "2023-02-17 02:12:42", "elapsed": 13.494143, "delta": 1.126922}}
{"target": 134.68257305963252, "params": {"ext_i_mean": 97.0, "inj_i_mean": 119.43305928049236, "mid_i_mean": 97.0}, "datetime": {"datetime": "2023-02-17 02:12:43", "elapsed": 14.278986, "delta": 0.784843}}
{"target": 133.67766771381807, "params": {"ext_i_mean": 97.0, "inj_i_mean": 120.84207200814232, "mid_i_mean": 98.04069571980187}, "datetime": {"datetime": "2023-02-17 02:12:44", "elapsed": 15.160414, "delta": 0.881428}}
{"target": 134.02637298320647, "params": {"ext_i_mean": 97.0, "inj_i_mean": 120.04578789579446, "mid_i_mean": 99.0813907528553}, "datetime": {"datetime": "2023-02-17 02:12:45", "elapsed": 16.139441, "delta": 0.979027}}
{"target": 133.96450902656628, "params": {"ext_i_mean": 97.0, "inj_i_mean": 121.61786952453777, "mid_i_mean": 100.1220859304153}, "datetime": {"datetime": "2023-02-17 02:12:46", "elapsed": 17.516789, "delta": 1.377348}}
{"target": 134.3456887664945, "params": {"ext_i_mean": 97.0, "inj_i_mean": 123.1899511357978, "mid_i_mean": 101.16278166623498}, "datetime": {"datetime": "2023-02-17 02:12:48", "elapsed": 19.005076, "delta": 1.488287}}
{"target": 136.3393644102635, "params": {"ext_i_mean": 97.0, "inj_i_mean": 124.762032767847, "mid_i_mean": 102.2034774080002}, "datetime": {"datetime": "2023-02-17 02:12:49", "elapsed": 20.525311, "delta": 1.520235}}
{"target": 137.64267265036656, "params": {"ext_i_mean": 97.0, "inj_i_mean": 126.33411439657101, "mid_i_mean": 103.24417312769864}, "datetime": {"datetime": "2023-02-17 02:12:51", "elapsed": 22.409897, "delta": 1.884586}}
{"target": 137.85389643069243, "params": {"ext_i_mean": 97.0, "inj_i_mean": 127.90618274437351, "mid_i_mean": 104.28486884398227}, "datetime": {"datetime": "2023-02-17 02:12:53", "elapsed": 23.919481, "delta": 1.509584}}
{"target": 140.20243990645835, "params": {"ext_i_mean": 97.0, "inj_i_mean": 125.90831226983425, "mid_i_mean": 105.32556456112158}, "datetime": {"datetime": "2023-02-17 02:12:54", "elapsed": 25.293724, "delta": 1.374243}}
{"target": 140.8379865987058, "params": {"ext_i_mean": 97.0, "inj_i_mean": 127.48027683959484, "mid_i_mean": 106.36625474815733}, "datetime": {"datetime": "2023-02-17 02:12:55", "elapsed": 26.316704, "delta": 1.02298}}
{"target": 140.47549273585955, "params": {"ext_i_mean": 97.0, "inj_i_mean": 126.06503691710553, "mid_i_mean": 107.40695046462479}, "datetime": {"datetime": "2023-02-17 02:12:56", "elapsed": 27.802621, "delta": 1.485917}}
{"target": 141.2896049277971, "params": {"ext_i_mean": 97.0, "inj_i_mean": 127.63709876070415, "mid_i_mean": 108.44764618098802}, "datetime": {"datetime": "2023-02-17 02:12:58", "elapsed": 29.180736, "delta": 1.378115}}
{"target": 138.9657820214147, "params": {"ext_i_mean": 98.0543010858174, "inj_i_mean": 128.0, "mid_i_mean": 109.48555697656954}, "datetime": {"datetime": "2023-02-17 02:12:59", "elapsed": 30.508317, "delta": 1.327581}}
{"target": 131.47374730355767, "params": {"ext_i_mean": 99.1086021792274, "inj_i_mean": 124.34127608826418, "mid_i_mean": 110.0}, "datetime": {"datetime": "2023-02-17 02:13:00", "elapsed": 31.380144, "delta": 0.871827}}
{"target": 140.65706320413824, "params": {"ext_i_mean": 97.0, "inj_i_mean": 125.91335757805072, "mid_i_mean": 106.65887491784393}, "datetime": {"datetime": "2023-02-17 02:13:01", "elapsed": 32.270224, "delta": 0.89008}}
{"target": 141.42201231500582, "params": {"ext_i_mean": 97.0, "inj_i_mean": 127.48543921824883, "mid_i_mean": 107.14556400438232}, "datetime": {"datetime": "2023-02-17 02:13:02", "elapsed": 33.127456, "delta": 0.857232}}
{"target": 141.2891757869496, "params": {"ext_i_mean": 97.0, "inj_i_mean": 128.0, "mid_i_mean": 107.33550430310699}, "datetime": {"datetime": "2023-02-17 02:13:03", "elapsed": 33.818289, "delta": 0.690833}}
{"target": 141.42672872990508, "params": {"ext_i_mean": 97.0, "inj_i_mean": 128.0, "mid_i_mean": 107.33392978561959}, "datetime": {"datetime": "2023-02-17 02:13:03", "elapsed": 34.512635, "delta": 0.694346}}
{"target": 141.45814089382378, "params": {"ext_i_mean": 97.0, "inj_i_mean": 128.0, "mid_i_mean": 107.33481108472137}, "datetime": {"datetime": "2023-02-17 02:13:04", "elapsed": 35.181649, "delta": 0.669014}}
{"target": 141.24540891491083, "params": {"ext_i_mean": 97.0, "inj_i_mean": 128.0, "mid_i_mean": 108.37550655837771}, "datetime": {"datetime": "2023-02-17 02:13:05", "elapsed": 36.038884, "delta": 0.857235}}
{"target": 141.26856582766806, "params": {"ext_i_mean": 97.07736269006246, "inj_i_mean": 127.93192801731132, "mid_i_mean": 107.72349250388982}, "datetime": {"datetime": "2023-02-17 02:13:05", "elapsed": 36.727655, "delta": 0.688771}}
